;  LST file generated by mikroListExporter - v.2.0 
; Date/Time: 28-Oct-14 11:10:23 PM
;----------------------------------------------

;Address Opcode 	ASM
0x0000	0x0645940C  	JMP        _main
0x0004	0x0000940C  	JMP        0
0x0008	0x0000940C  	JMP        0
0x000C	0x0000940C  	JMP        0
0x0010	0x0000940C  	JMP        0
0x0014	0x0000940C  	JMP        0
0x0018	0x0000940C  	JMP        0
0x001C	0x0000940C  	JMP        0
0x0020	0x0000940C  	JMP        0
0x0024	0x0000940C  	JMP        0
0x0028	0x0000940C  	JMP        0
0x002C	0x0000940C  	JMP        0
0x0030	0x0000940C  	JMP        0
0x0034	0x0000940C  	JMP        0
0x0038	0x0000940C  	JMP        0
0x003C	0x0000940C  	JMP        0
0x0040	0x0000940C  	JMP        0
0x0044	0x0000940C  	JMP        0
0x0048	0x0000940C  	JMP        0
0x004C	0x0000940C  	JMP        0
0x0050	0x0000940C  	JMP        0
0x0054	0x0000940C  	JMP        0
0x0058	0x0000940C  	JMP        0
0x005C	0x0000940C  	JMP        0
0x0060	0x0000940C  	JMP        0
0x0064	0x0000940C  	JMP        0
0x0068	0x0000940C  	JMP        0
0x006C	0x0000940C  	JMP        0
0x0070	0x0000940C  	JMP        0
0x0074	0x0000940C  	JMP        0
0x0078	0x0000940C  	JMP        0
0x007C	0x0000940C  	JMP        0
0x0080	0x0000940C  	JMP        0
0x0084	0x0000940C  	JMP        0
0x0088	0x0000940C  	JMP        0
0x008C	0x0000940C  	JMP        0
0x0090	0x0000    	NOP
0x0092	0x0000    	NOP
0x0094	0x0000    	NOP
0x0096	0x0000    	NOP
0x0098	0x0000    	NOP
0x009A	0x0000    	NOP
0x009C	0x0000    	NOP
0x009E	0x0000    	NOP
0x00A0	0x0000    	NOP
0x00A2	0x0000    	NOP
0x00A4	0x0000    	NOP
0x00A6	0x0000    	NOP
0x00A8	0x0000    	NOP
0x00AA	0x0000    	NOP
0x00AC	0x0000940C  	JMP        0
0x00B0	0x0000940C  	JMP        0
0x00B4	0x0000940C  	JMP        0
0x00B8	0x0000940C  	JMP        0
0x00BC	0x0000940C  	JMP        0
0x00C0	0x0000940C  	JMP        0
0x00C4	0x0000940C  	JMP        0
0x00C8	0x0000940C  	JMP        0
0x00CC	0x0000940C  	JMP        0
0x00D0	0x0000940C  	JMP        0
0x00D4	0x0000    	NOP
0x00D6	0x0000    	NOP
0x00D8	0x0000    	NOP
0x00DA	0x0000    	NOP
0x00DC	0x0000    	NOP
0x00DE	0x0000    	NOP
0x00E0	0x0000    	NOP
0x00E2	0x0000    	NOP
0x00E4	0x0000    	NOP
0x00E6	0x0000    	NOP
0x00E8	0x0000940C  	JMP        0
0x00EC	0x0000940C  	JMP        0
0x00F0	0x0000940C  	JMP        0
0x00F4	0x0000    	NOP
0x00F6	0x0000    	NOP
0x00F8	0x0000    	NOP
0x00FA	0x0000    	NOP
0x00FC	0x0000    	NOP
0x00FE	0x0000    	NOP
0x0100	0x0000940C  	JMP        0
0x0104	0x0000940C  	JMP        0
0x0108	0x0000940C  	JMP        0
0x010C	0x0000940C  	JMP        0
0x0110	0x0000940C  	JMP        0
0x0114	0x0000940C  	JMP        0
0x0118	0x0000940C  	JMP        0
0x011C	0x0000940C  	JMP        0
0x0120	0x0000940C  	JMP        0
0x0124	0x0000940C  	JMP        0
0x0128	0x0000940C  	JMP        0
0x012C	0x0000    	NOP
0x012E	0x0000    	NOP
0x0130	0x0000    	NOP
0x0132	0x0000    	NOP
0x0134	0x0000940C  	JMP        0
0x0138	0x0000940C  	JMP        0
0x013C	0x0000940C  	JMP        0
0x0140	0x0000940C  	JMP        0
0x0144	0x0000940C  	JMP        0
0x0148	0x0000940C  	JMP        0
0x014C	0x0000940C  	JMP        0
0x0150	0x0000940C  	JMP        0
0x0154	0x0000940C  	JMP        0
0x0158	0x0000940C  	JMP        0
0x015C	0x0000940C  	JMP        0
0x0160	0x0000940C  	JMP        0
0x0164	0x0000940C  	JMP        0
0x0168	0x0000940C  	JMP        0
0x016C	0x0000940C  	JMP        0
0x0170	0x0000940C  	JMP        0
0x0174	0x0000940C  	JMP        0
0x0178	0x0000    	NOP
0x017A	0x0000    	NOP
0x017C	0x0000    	NOP
0x017E	0x0000    	NOP
0x0180	0x0000    	NOP
0x0182	0x0000    	NOP
0x0184	0x0000    	NOP
0x0186	0x0000    	NOP
0x0188	0x0000    	NOP
0x018A	0x0000    	NOP
0x018C	0x0000    	NOP
0x018E	0x0000    	NOP
0x0190	0x0000    	NOP
0x0192	0x0000    	NOP
0x0194	0x0000    	NOP
0x0196	0x0000    	NOP
0x0198	0x0000    	NOP
0x019A	0x0000    	NOP
0x019C	0x0000    	NOP
0x019E	0x0000    	NOP
0x01A0	0x0000    	NOP
0x01A2	0x0000    	NOP
0x01A4	0x0000    	NOP
0x01A6	0x0000    	NOP
0x01A8	0x0000    	NOP
0x01AA	0x0000    	NOP
0x01AC	0x0000    	NOP
0x01AE	0x0000    	NOP
0x01B0	0x0000    	NOP
0x01B2	0x0000    	NOP
0x01B4	0x0000    	NOP
0x01B6	0x0000    	NOP
0x01B8	0x0000    	NOP
0x01BA	0x0000    	NOP
0x01BC	0x0000    	NOP
0x01BE	0x0000    	NOP
0x01C0	0x0000    	NOP
0x01C2	0x0000    	NOP
0x01C4	0x0000    	NOP
0x01C6	0x0000    	NOP
0x01C8	0x0000    	NOP
0x01CA	0x0000    	NOP
0x01CC	0x0000    	NOP
0x01CE	0x0000    	NOP
0x01D0	0x0000    	NOP
0x01D2	0x0000    	NOP
0x01D4	0x0000    	NOP
0x01D6	0x0000    	NOP
0x01D8	0x0000    	NOP
0x01DA	0x0000    	NOP
0x01DC	0x0000    	NOP
0x01DE	0x0000    	NOP
0x01E0	0x0000    	NOP
0x01E2	0x0000    	NOP
0x01E4	0x0000    	NOP
0x01E6	0x0000    	NOP
0x01E8	0x0000    	NOP
0x01EA	0x0000    	NOP
0x01EC	0x0000    	NOP
0x01EE	0x0000    	NOP
0x01F0	0x0000    	NOP
0x01F2	0x0000    	NOP
0x01F4	0x0000940C  	JMP        0
0x01F8	0x0000940C  	JMP        0
_main:
0x0C8A	0xEFBF    	LDI        R27, 255
0x0C8C	0xBFBD    	OUT        SPL+0, R27
0x0C8E	0xE2BF    	LDI        R27, 47
0x0C90	0xBFBE    	OUT        SPL+1, R27
0x0C92	0x06B6940E  	CALL       1718
0x0C96	0xB7CD    	IN         R28, SPL+0
0x0C98	0xB7DE    	IN         R29, SPL+1
0x0C9A	0x972A    	SBIW       R28, 10
0x0C9C	0xBFCD    	OUT        SPL+0, R28
0x0C9E	0xBFDE    	OUT        SPL+1, R29
0x0CA0	0x9621    	ADIW       R28, 1
;ADC3.c,33 :: 		void main()
;ADC3.c,35 :: 		signed int adc = 0;
0x0CA2	0x922F    	PUSH       R2
0x0CA4	0x923F    	PUSH       R3
0x0CA6	0x924F    	PUSH       R4
0x0CA8	0x925F    	PUSH       R5
0x0CAA	0x926F    	PUSH       R6
;ADC3.c,36 :: 		float v = 0;
;ADC3.c,38 :: 		setup();
0x0CAC	0xDF56    	RCALL      _setup+0
;ADC3.c,40 :: 		lcd_out(1, 1, "V:");
0x0CAE	0xE5B6    	LDI        R27, 86
0x0CB0	0x83B8    	STD        Y+0, R27
0x0CB2	0xE3BA    	LDI        R27, 58
0x0CB4	0x83B9    	STD        Y+1, R27
0x0CB6	0xE0B0    	LDI        R27, 0
0x0CB8	0x83BA    	STD        Y+2, R27
0x0CBA	0x018E    	MOVW       R16, R28
0x0CBC	0x0128    	MOVW       R4, R16
0x0CBE	0xE0B1    	LDI        R27, 1
0x0CC0	0x2E3B    	MOV        R3, R27
0x0CC2	0xE0B1    	LDI        R27, 1
0x0CC4	0x2E2B    	MOV        R2, R27
0x0CC6	0xDF02    	RCALL      _Lcd_Out+0
;ADC3.c,41 :: 		lcd_out(2, 1, "ADC:");
0x0CC8	0xE4B1    	LDI        R27, 65
0x0CCA	0x83BB    	STD        Y+3, R27
0x0CCC	0xE4B4    	LDI        R27, 68
0x0CCE	0x83BC    	STD        Y+4, R27
0x0CD0	0xE4B3    	LDI        R27, 67
0x0CD2	0x83BD    	STD        Y+5, R27
0x0CD4	0xE3BA    	LDI        R27, 58
0x0CD6	0x83BE    	STD        Y+6, R27
0x0CD8	0xE0B0    	LDI        R27, 0
0x0CDA	0x83BF    	STD        Y+7, R27
0x0CDC	0x018E    	MOVW       R16, R28
0x0CDE	0x5F0D    	SUBI       R16, 253
0x0CE0	0x4F1F    	SBCI       R17, 255
0x0CE2	0x0128    	MOVW       R4, R16
0x0CE4	0xE0B1    	LDI        R27, 1
0x0CE6	0x2E3B    	MOV        R3, R27
0x0CE8	0xE0B2    	LDI        R27, 2
0x0CEA	0x2E2B    	MOV        R2, R27
0x0CEC	0xDEEF    	RCALL      _Lcd_Out+0
;ADC3.c,43 :: 		while(1)
L_main0:
;ADC3.c,45 :: 		adc = adc_avg(25, ADC_CH_MUXPOS_PIN7_gc);
0x0CEE	0xE3B8    	LDI        R27, 56
0x0CF0	0x2E3B    	MOV        R3, R27
0x0CF2	0xE1B9    	LDI        R27, 25
0x0CF4	0x2E2B    	MOV        R2, R27
0x0CF6	0xDEBE    	RCALL      _adc_avg+0
0x0CF8	0x8708    	STD        Y+8, R16
0x0CFA	0x8719    	STD        Y+9, R17
;ADC3.c,47 :: 		v = ((adc * 2062.5) / 2047);
0x0CFC	0xE020    	LDI        R18, 0
0x0CFE	0xFD17    	SBRC       R17, 7
0x0D00	0xEF2F    	LDI        R18, 255
0x0D02	0x2F32    	MOV        R19, R18
0x0D04	0xDF37    	RCALL      _float_slong2fp+0
0x0D06	0xE040    	LDI        R20, 0
0x0D08	0xEE58    	LDI        R21, 232
0x0D0A	0xE060    	LDI        R22, 0
0x0D0C	0xE475    	LDI        R23, 69
0x0D0E	0xDEA8    	RCALL      _float_fpmul1+0
0x0D10	0xE040    	LDI        R20, 0
0x0D12	0xEE50    	LDI        R21, 224
0x0D14	0xEF6F    	LDI        R22, 255
0x0D16	0xE474    	LDI        R23, 68
0x0D18	0xDE99    	RCALL      _float_fpdiv1+0
;ADC3.c,49 :: 		lcd_print(6, 1, v, 0);
0x0D1A	0xDE74    	RCALL      _float_fpint+0
0x0D1C	0x2466    	CLR        R6
0x0D1E	0x0128    	MOVW       R4, R16
0x0D20	0xE0B1    	LDI        R27, 1
0x0D22	0x2E3B    	MOV        R3, R27
0x0D24	0xE0B6    	LDI        R27, 6
0x0D26	0x2E2B    	MOV        R2, R27
0x0D28	0xDF2D    	RCALL      _lcd_print+0
;ADC3.c,50 :: 		lcd_print(6, 2, adc, 1);
0x0D2A	0xE0B1    	LDI        R27, 1
0x0D2C	0x2E6B    	MOV        R6, R27
0x0D2E	0x8448    	LDD        R4, Y+8
0x0D30	0x8459    	LDD        R5, Y+9
0x0D32	0xE0B2    	LDI        R27, 2
0x0D34	0x2E3B    	MOV        R3, R27
0x0D36	0xE0B6    	LDI        R27, 6
0x0D38	0x2E2B    	MOV        R2, R27
0x0D3A	0xDF24    	RCALL      _lcd_print+0
;ADC3.c,51 :: 		delay_ms(600);
0x0D3C	0xE129    	LDI        R18, 25
0x0D3E	0xE51A    	LDI        R17, 90
0x0D40	0xEB02    	LDI        R16, 178
L_main2:
0x0D42	0x950A    	DEC        R16
0x0D44	0xF7F1    	BRNE       L_main2
0x0D46	0x951A    	DEC        R17
0x0D48	0xF7E1    	BRNE       L_main2
0x0D4A	0x952A    	DEC        R18
0x0D4C	0xF7D1    	BRNE       L_main2
0x0D4E	0x0000    	NOP
0x0D50	0x0000    	NOP
;ADC3.c,52 :: 		};
0x0D52	0xCFCD    	RJMP       L_main0
;ADC3.c,53 :: 		}
L_end_main:
0x0D54	0x906F    	POP        R6
0x0D56	0x905F    	POP        R5
0x0D58	0x904F    	POP        R4
0x0D5A	0x903F    	POP        R3
0x0D5C	0x902F    	POP        R2
L__main_end_loop:
0x0D5E	0xCFFF    	RJMP       L__main_end_loop
; end of _main
_setup:
;ADC3.c,126 :: 		void setup()
;ADC3.c,128 :: 		clock_setup();
0x0B5A	0x922F    	PUSH       R2
0x0B5C	0xDD81    	RCALL      _clock_setup+0
;ADC3.c,129 :: 		io_setup();
0x0B5E	0xDDB7    	RCALL      _io_setup+0
;ADC3.c,130 :: 		adc_setup();
0x0B60	0xDC9C    	RCALL      _adc_setup+0
;ADC3.c,131 :: 		Lcd_Init();
0x0B62	0xDE39    	RCALL      _Lcd_Init+0
;ADC3.c,132 :: 		Lcd_Cmd(_LCD_CLEAR);
0x0B64	0xE0B1    	LDI        R27, 1
0x0B66	0x2E2B    	MOV        R2, R27
0x0B68	0xDDD4    	RCALL      _Lcd_Cmd+0
;ADC3.c,133 :: 		Lcd_Cmd(_LCD_CURSOR_OFF);
0x0B6A	0xE0BC    	LDI        R27, 12
0x0B6C	0x2E2B    	MOV        R2, R27
0x0B6E	0xDDD1    	RCALL      _Lcd_Cmd+0
;ADC3.c,134 :: 		}
L_end_setup:
0x0B70	0x902F    	POP        R2
0x0B72	0x9508    	RET
; end of _setup
_clock_setup:
;ADC3.c,56 :: 		void clock_setup()
;ADC3.c,58 :: 		OSC_CTRL |= OSC_RC32KEN_bm;
0x0660	0x005091B0  	LDS        R27, OSC_CTRL+0
0x0664	0x60B4    	SBR        R27, 4
0x0666	0x005093B0  	STS        OSC_CTRL+0, R27
;ADC3.c,59 :: 		while(!(OSC_STATUS & OSC_RC32KRDY_bm));
L_clock_setup4:
0x066A	0x00519100  	LDS        R16, OSC_STATUS+0
0x066E	0xFD02    	SBRC       R16, 2
0x0670	0xC001    	RJMP       L_clock_setup5
0x0672	0xCFFB    	RJMP       L_clock_setup4
L_clock_setup5:
;ADC3.c,60 :: 		OSC_CTRL |= OSC_RC32MEN_bm;
0x0674	0x00509100  	LDS        R16, OSC_CTRL+0
0x0678	0x6002    	ORI        R16, 2
0x067A	0x00509300  	STS        OSC_CTRL+0, R16
;ADC3.c,61 :: 		CPU_CCP = CCP_IOREG_gc;
0x067E	0xEDB8    	LDI        R27, 216
0x0680	0xBFB4    	OUT        CPU_CCP+0, R27
;ADC3.c,62 :: 		CLK_PSCTRL = ((CLK_PSCTRL & (~(CLK_PSADIV_gm | CLK_PSBCDIV1_bm | CLK_PSBCDIV0_bm)))
0x0682	0x00419100  	LDS        R16, CLK_PSCTRL+0
0x0686	0x7800    	ANDI       R16, 128
;ADC3.c,63 :: 		| CLK_PSADIV_1_gc | CLK_PSBCDIV_2_2_gc);
0x0688	0x6003    	ORI        R16, 3
0x068A	0x00419300  	STS        CLK_PSCTRL+0, R16
;ADC3.c,64 :: 		OSC_DFLLCTRL = ((OSC_DFLLCTRL & (~(OSC_RC32MCREF_gm | OSC_RC2MCREF_bm))) |
0x068E	0x00569100  	LDS        R16, OSC_DFLLCTRL+0
0x0692	0x7F08    	ANDI       R16, 248
;ADC3.c,65 :: 		OSC_RC32MCREF_RC32K_gc);
0x0694	0x00569300  	STS        OSC_DFLLCTRL+0, R16
;ADC3.c,66 :: 		DFLLRC32M_CTRL |= DFLL_ENABLE_bm;
0x0698	0x00609100  	LDS        R16, DFLLRC32M_CTRL+0
0x069C	0x6001    	ORI        R16, 1
0x069E	0x00609300  	STS        DFLLRC32M_CTRL+0, R16
;ADC3.c,67 :: 		while(!(OSC_STATUS & OSC_RC32MRDY_bm));
L_clock_setup6:
0x06A2	0x00519100  	LDS        R16, OSC_STATUS+0
0x06A6	0xFD01    	SBRC       R16, 1
0x06A8	0xC001    	RJMP       L_clock_setup7
0x06AA	0xCFFB    	RJMP       L_clock_setup6
L_clock_setup7:
;ADC3.c,68 :: 		CPU_CCP = CCP_IOREG_gc;
0x06AC	0xEDB8    	LDI        R27, 216
0x06AE	0xBFB4    	OUT        CPU_CCP+0, R27
;ADC3.c,69 :: 		CLK_CTRL = ((CLK_CTRL & (~CLK_SCLKSEL_gm)) | CLK_SCLKSEL_RC32M_gc);
0x06B0	0x00409100  	LDS        R16, CLK_CTRL+0
0x06B4	0x7F08    	ANDI       R16, 248
0x06B6	0x6001    	ORI        R16, 1
0x06B8	0x00409300  	STS        CLK_CTRL+0, R16
;ADC3.c,70 :: 		OSC_CTRL &= (~(OSC_RC2MEN_bm | OSC_XOSCEN_bm | OSC_PLLEN_bm));
0x06BC	0x00509100  	LDS        R16, OSC_CTRL+0
0x06C0	0x7E06    	ANDI       R16, 230
0x06C2	0x00509300  	STS        OSC_CTRL+0, R16
;ADC3.c,71 :: 		PORTCFG_CLKEVOUT = 0x00;
0x06C6	0xE0B0    	LDI        R27, 0
0x06C8	0x00B493B0  	STS        PORTCFG_CLKEVOUT+0, R27
;ADC3.c,72 :: 		}
L_end_clock_setup:
0x06CC	0x9508    	RET
; end of _clock_setup
_io_setup:
;ADC3.c,75 :: 		void io_setup()
;ADC3.c,77 :: 		PORTA_OUT = 0x00;
0x06CE	0xE0B0    	LDI        R27, 0
0x06D0	0x060493B0  	STS        PORTA_OUT+0, R27
;ADC3.c,78 :: 		PORTA_DIR = 0x00;
0x06D4	0xE0B0    	LDI        R27, 0
0x06D6	0x060093B0  	STS        PORTA_DIR+0, R27
;ADC3.c,79 :: 		PORTCFG_MPCMASK = 0xFF;
0x06DA	0xEFBF    	LDI        R27, 255
0x06DC	0x00B093B0  	STS        PORTCFG_MPCMASK+0, R27
;ADC3.c,80 :: 		PORTA_PIN0CTRL = (PORT_OPC_TOTEM_gc | PORT_ISC_BOTHEDGES_gc);
0x06E0	0xE0B0    	LDI        R27, 0
0x06E2	0x061093B0  	STS        PORTA_PIN0CTRL+0, R27
;ADC3.c,81 :: 		PORTA_INTCTRL = 0x00;
0x06E6	0xE0B0    	LDI        R27, 0
0x06E8	0x060993B0  	STS        PORTA_INTCTRL+0, R27
;ADC3.c,82 :: 		PORTA_INT0MASK = 0x00;
0x06EC	0xE0B0    	LDI        R27, 0
0x06EE	0x060A93B0  	STS        PORTA_INT0MASK+0, R27
;ADC3.c,83 :: 		PORTA_INT1MASK = 0x00;
0x06F2	0xE0B0    	LDI        R27, 0
0x06F4	0x060B93B0  	STS        PORTA_INT1MASK+0, R27
;ADC3.c,84 :: 		}
L_end_io_setup:
0x06F8	0x9508    	RET
; end of _io_setup
_adc_setup:
;ADC3.c,87 :: 		void adc_setup()
;ADC3.c,89 :: 		unsigned char samples = 16;
; samples start address is: 20 (R20)
0x049A	0xE140    	LDI        R20, 16
;ADC3.c,91 :: 		ADCA_CAL = (0x0FFF & ((PROD_SIGNATURES_ADCACAL1 << 8) | PROD_SIGNATURES_ADCACAL0));
0x049C	0xB501    	IN         R16, PROD_SIGNATURES_ADCACAL1+0
0x049E	0x2F30    	MOV        R19, R16
0x04A0	0x2722    	CLR        R18
0x04A2	0xB500    	IN         R16, PROD_SIGNATURES_ADCACAL0+0
0x04A4	0xE010    	LDI        R17, 0
0x04A6	0x2B02    	OR         R16, R18
0x04A8	0x2B13    	OR         R17, R19
0x04AA	0x701F    	ANDI       R17, 15
0x04AC	0x020C9300  	STS        ADCA_CAL+0, R16
0x04B0	0x020D9310  	STS        ADCA_CAL+1, R17
;ADC3.c,93 :: 		ADCA_CTRLB = ((0 << ADC_IMPMODE_bp) | ADC_CURRLIMIT_NO_gc | (1 << ADC_CONMODE_bp) | ADC_RESOLUTION_12BIT_gc);
0x04B4	0xE1B0    	LDI        R27, 16
0x04B6	0x020193B0  	STS        ADCA_CTRLB+0, R27
;ADC3.c,94 :: 		ADCA_PRESCALER = ADC_PRESCALER_DIV64_gc;
0x04BA	0xE0B4    	LDI        R27, 4
0x04BC	0x020493B0  	STS        ADCA_PRESCALER+0, R27
;ADC3.c,95 :: 		ADCA_REFCTRL = (ADC_REFSEL_VCC_gc | (0 << ADC_TEMPREF_bp) | (0 << ADC_BANDGAP_bp));
0x04C0	0xE1B0    	LDI        R27, 16
0x04C2	0x020293B0  	STS        ADCA_REFCTRL+0, R27
;ADC3.c,96 :: 		ADCA_CH0_CTRL = ((0 << ADC_CH_START_bp) | ADC_CH_GAIN_1X_gc | ADC_CH_INPUTMODE_DIFF_gc);
0x04C6	0xE0B2    	LDI        R27, 2
0x04C8	0x022093B0  	STS        ADCA_CH0_CTRL+0, R27
;ADC3.c,97 :: 		ADCA_CH0_MUXCTRL = (ADC_CH_MUXPOS_PIN0_gc | ADC_CH_MUXNEG_PIN0_gc);
0x04CC	0xE0B0    	LDI        R27, 0
0x04CE	0x022193B0  	STS        ADCA_CH0_MUXCTRL+0, R27
;ADC3.c,98 :: 		ADCA_CTRLA |= ADC_ENABLE_bm;
0x04D2	0x02009100  	LDS        R16, ADCA_CTRLA+0
0x04D6	0x6001    	ORI        R16, 1
0x04D8	0x02009300  	STS        ADCA_CTRLA+0, R16
;ADC3.c,99 :: 		delay_ms(4);
0x04DC	0xE21A    	LDI        R17, 42
0x04DE	0xE80E    	LDI        R16, 142
L_adc_setup8:
0x04E0	0x950A    	DEC        R16
0x04E2	0xF7F1    	BRNE       L_adc_setup8
0x04E4	0x951A    	DEC        R17
0x04E6	0xF7E1    	BRNE       L_adc_setup8
0x04E8	0x0000    	NOP
; samples end address is: 20 (R20)
;ADC3.c,101 :: 		while(samples > 0)
L_adc_setup10:
; samples start address is: 20 (R20)
0x04EA	0xE000    	LDI        R16, 0
0x04EC	0x1704    	CP         R16, R20
0x04EE	0xF4F8    	BRSH       L_adc_setup11
L__adc_setup33:
;ADC3.c,103 :: 		ADCA_CH0_CTRL |= (1 << ADC_CH_START_bp);
0x04F0	0x022091B0  	LDS        R27, ADCA_CH0_CTRL+0
0x04F4	0x68B0    	SBR        R27, 128
0x04F6	0x022093B0  	STS        ADCA_CH0_CTRL+0, R27
; samples end address is: 20 (R20)
;ADC3.c,104 :: 		while(!(ADCA_CH0_INTFLAGS & ADC_CH_CHIF_bm));
L_adc_setup12:
; samples start address is: 20 (R20)
0x04FA	0x02239100  	LDS        R16, ADCA_CH0_INTFLAGS+0
0x04FE	0xFD00    	SBRC       R16, 0
0x0500	0xC001    	RJMP       L_adc_setup13
0x0502	0xCFFB    	RJMP       L_adc_setup12
L_adc_setup13:
;ADC3.c,105 :: 		ADCA_CH0_INTFLAGS = ADC_CH_CHIF_bm;
0x0504	0xE0B1    	LDI        R27, 1
0x0506	0x022393B0  	STS        ADCA_CH0_INTFLAGS+0, R27
;ADC3.c,106 :: 		offset += ADCA_CH0RES;
0x050A	0x20009120  	LDS        R18, _offset+0
0x050E	0x20019130  	LDS        R19, _offset+1
0x0512	0x02109100  	LDS        R16, ADCA_CH0RES+0
0x0516	0x02119110  	LDS        R17, ADCA_CH0RES+1
0x051A	0x0F02    	ADD        R16, R18
0x051C	0x1F13    	ADC        R17, R19
0x051E	0x20009300  	STS        _offset+0, R16
0x0522	0x20019310  	STS        _offset+1, R17
;ADC3.c,107 :: 		samples--;
0x0526	0x2F04    	MOV        R16, R20
0x0528	0x5001    	SUBI       R16, 1
0x052A	0x2F40    	MOV        R20, R16
;ADC3.c,108 :: 		}
; samples end address is: 20 (R20)
0x052C	0xCFDE    	RJMP       L_adc_setup10
L_adc_setup11:
;ADC3.c,110 :: 		ADCA_CTRLA &= ~ADC_ENABLE_bm;
0x052E	0x02009100  	LDS        R16, ADCA_CTRLA+0
0x0532	0x7F0E    	ANDI       R16, 254
0x0534	0x02009300  	STS        ADCA_CTRLA+0, R16
;ADC3.c,111 :: 		offset >>= 4;
0x0538	0x20009100  	LDS        R16, _offset+0
0x053C	0x20019110  	LDS        R17, _offset+1
0x0540	0xE0B4    	LDI        R27, 4
L__adc_setup34:
0x0542	0x9515    	ASR        R17
0x0544	0x9507    	ROR        R16
0x0546	0x95BA    	DEC        R27
0x0548	0xF7E1    	BRNE       L__adc_setup34
L__adc_setup35:
0x054A	0x20009300  	STS        _offset+0, R16
0x054E	0x20019310  	STS        _offset+1, R17
;ADC3.c,112 :: 		ADCA_CMP = 0x0000;
0x0552	0xE0B0    	LDI        R27, 0
0x0554	0x021893B0  	STS        ADCA_CMP+0, R27
0x0558	0x021993B0  	STS        ADCA_CMP+1, R27
;ADC3.c,113 :: 		ADCA_CH0_CTRL = ((0 << ADC_CH_START_bp) | ADC_CH_GAIN_1X_gc | ADC_CH_INPUTMODE_SINGLEENDED_gc);
0x055C	0xE0B1    	LDI        R27, 1
0x055E	0x022093B0  	STS        ADCA_CH0_CTRL+0, R27
;ADC3.c,114 :: 		ADCA_CH0_MUXCTRL = ADC_CH_MUXPOS_PIN7_gc;
0x0562	0xE3B8    	LDI        R27, 56
0x0564	0x022193B0  	STS        ADCA_CH0_MUXCTRL+0, R27
;ADC3.c,115 :: 		ADCA_EVCTRL = (ADC_SWEEP_0_gc | ADC_EVACT_NONE_gc);
0x0568	0xE0B0    	LDI        R27, 0
0x056A	0x020393B0  	STS        ADCA_EVCTRL+0, R27
;ADC3.c,116 :: 		ADCA_CH0_INTCTRL = (ADC_CH_INTMODE_COMPLETE_gc | ADC_CH_INTLVL_OFF_gc);
0x056E	0xE0B0    	LDI        R27, 0
0x0570	0x022293B0  	STS        ADCA_CH0_INTCTRL+0, R27
;ADC3.c,117 :: 		ADCA_CH1_INTCTRL = ADC_CH_INTLVL_OFF_gc;
0x0574	0xE0B0    	LDI        R27, 0
0x0576	0x022A93B0  	STS        ADCA_CH1_INTCTRL+0, R27
;ADC3.c,118 :: 		ADCA_CH2_INTCTRL = ADC_CH_INTLVL_OFF_gc;
0x057A	0xE0B0    	LDI        R27, 0
0x057C	0x023293B0  	STS        ADCA_CH2_INTCTRL+0, R27
;ADC3.c,119 :: 		ADCA_CH3_INTCTRL = ADC_CH_INTLVL_OFF_gc;
0x0580	0xE0B0    	LDI        R27, 0
0x0582	0x023A93B0  	STS        ADCA_CH3_INTCTRL+0, R27
;ADC3.c,120 :: 		ADCA_CTRLB |= ADC_FREERUN_bm;
0x0586	0x02019100  	LDS        R16, ADCA_CTRLB+0
0x058A	0x6008    	ORI        R16, 8
0x058C	0x02019300  	STS        ADCA_CTRLB+0, R16
;ADC3.c,121 :: 		ADCA_CTRLA |= ADC_ENABLE_bm;
0x0590	0x02009100  	LDS        R16, ADCA_CTRLA+0
0x0594	0x6001    	ORI        R16, 1
0x0596	0x02009300  	STS        ADCA_CTRLA+0, R16
;ADC3.c,122 :: 		delay_ms(9);
0x059A	0xE51E    	LDI        R17, 94
0x059C	0xE801    	LDI        R16, 129
L_adc_setup14:
0x059E	0x950A    	DEC        R16
0x05A0	0xF7F1    	BRNE       L_adc_setup14
0x05A2	0x951A    	DEC        R17
0x05A4	0xF7E1    	BRNE       L_adc_setup14
;ADC3.c,123 :: 		}
L_end_adc_setup:
0x05A6	0x9508    	RET
; end of _adc_setup
_Lcd_Init:
;__Lib_Lcd.c,84 :: 		
;__Lib_Lcd.c,86 :: 		
0x07D6	0x064491B0  	LDS        R27, LCD_EN+0
0x07DA	0x7FB7    	CBR        R27, 8
0x07DC	0x064493B0  	STS        LCD_EN+0, R27
;__Lib_Lcd.c,87 :: 		
0x07E0	0x064491B0  	LDS        R27, LCD_RS+0
0x07E4	0x7FBB    	CBR        R27, 4
0x07E6	0x064493B0  	STS        LCD_RS+0, R27
;__Lib_Lcd.c,88 :: 		
0x07EA	0x064491B0  	LDS        R27, LCD_D7+0
0x07EE	0x77BF    	CBR        R27, 128
0x07F0	0x064493B0  	STS        LCD_D7+0, R27
;__Lib_Lcd.c,89 :: 		
0x07F4	0x064491B0  	LDS        R27, LCD_D6+0
0x07F8	0x7BBF    	CBR        R27, 64
0x07FA	0x064493B0  	STS        LCD_D6+0, R27
;__Lib_Lcd.c,90 :: 		
0x07FE	0x064491B0  	LDS        R27, LCD_D5+0
0x0802	0x7DBF    	CBR        R27, 32
0x0804	0x064493B0  	STS        LCD_D5+0, R27
;__Lib_Lcd.c,91 :: 		
0x0808	0x064491B0  	LDS        R27, LCD_D4+0
0x080C	0x7EBF    	CBR        R27, 16
0x080E	0x064493B0  	STS        LCD_D4+0, R27
;__Lib_Lcd.c,93 :: 		
0x0812	0x064091B0  	LDS        R27, LCD_EN_Direction+0
0x0816	0x60B8    	SBR        R27, 8
0x0818	0x064093B0  	STS        LCD_EN_Direction+0, R27
;__Lib_Lcd.c,94 :: 		
0x081C	0x064091B0  	LDS        R27, LCD_RS_Direction+0
0x0820	0x60B4    	SBR        R27, 4
0x0822	0x064093B0  	STS        LCD_RS_Direction+0, R27
;__Lib_Lcd.c,95 :: 		
0x0826	0x064091B0  	LDS        R27, LCD_D4_Direction+0
0x082A	0x61B0    	SBR        R27, 16
0x082C	0x064093B0  	STS        LCD_D4_Direction+0, R27
;__Lib_Lcd.c,96 :: 		
0x0830	0x064091B0  	LDS        R27, LCD_D5_Direction+0
0x0834	0x62B0    	SBR        R27, 32
0x0836	0x064093B0  	STS        LCD_D5_Direction+0, R27
;__Lib_Lcd.c,97 :: 		
0x083A	0x064091B0  	LDS        R27, LCD_D6_Direction+0
0x083E	0x64B0    	SBR        R27, 64
0x0840	0x064093B0  	STS        LCD_D6_Direction+0, R27
;__Lib_Lcd.c,98 :: 		
0x0844	0x064091B0  	LDS        R27, LCD_D7_Direction+0
0x0848	0x68B0    	SBR        R27, 128
0x084A	0x064093B0  	STS        LCD_D7_Direction+0, R27
;__Lib_Lcd.c,100 :: 		
0x084E	0xDCE8    	RCALL      _Delay_5500us+0
;__Lib_Lcd.c,101 :: 		
0x0850	0xDCE7    	RCALL      _Delay_5500us+0
;__Lib_Lcd.c,102 :: 		
0x0852	0xDCE6    	RCALL      _Delay_5500us+0
;__Lib_Lcd.c,105 :: 		
0x0854	0x064491B0  	LDS        R27, LCD_D5+0
0x0858	0x62B0    	SBR        R27, 32
0x085A	0x064493B0  	STS        LCD_D5+0, R27
;__Lib_Lcd.c,106 :: 		
0x085E	0x064491B0  	LDS        R27, LCD_D4+0
0x0862	0x61B0    	SBR        R27, 16
0x0864	0x064493B0  	STS        LCD_D4+0, R27
;__Lib_Lcd.c,107 :: 		
0x0868	0x064491B0  	LDS        R27, LCD_EN+0
0x086C	0x60B8    	SBR        R27, 8
0x086E	0x064493B0  	STS        LCD_EN+0, R27
;__Lib_Lcd.c,108 :: 		
0x0872	0xDCDF    	RCALL      _Delay_1us+0
;__Lib_Lcd.c,109 :: 		
0x0874	0x064491B0  	LDS        R27, LCD_EN+0
0x0878	0x7FB7    	CBR        R27, 8
0x087A	0x064493B0  	STS        LCD_EN+0, R27
;__Lib_Lcd.c,110 :: 		
0x087E	0xDCD0    	RCALL      _Delay_5500us+0
;__Lib_Lcd.c,112 :: 		
0x0880	0x064491B0  	LDS        R27, LCD_EN+0
0x0884	0x60B8    	SBR        R27, 8
0x0886	0x064493B0  	STS        LCD_EN+0, R27
;__Lib_Lcd.c,113 :: 		
0x088A	0xDCD3    	RCALL      _Delay_1us+0
;__Lib_Lcd.c,114 :: 		
0x088C	0x064491B0  	LDS        R27, LCD_EN+0
0x0890	0x7FB7    	CBR        R27, 8
0x0892	0x064493B0  	STS        LCD_EN+0, R27
;__Lib_Lcd.c,115 :: 		
0x0896	0xDCC4    	RCALL      _Delay_5500us+0
;__Lib_Lcd.c,117 :: 		
0x0898	0x064491B0  	LDS        R27, LCD_EN+0
0x089C	0x60B8    	SBR        R27, 8
0x089E	0x064493B0  	STS        LCD_EN+0, R27
;__Lib_Lcd.c,118 :: 		
0x08A2	0xDCC7    	RCALL      _Delay_1us+0
;__Lib_Lcd.c,119 :: 		
0x08A4	0x064491B0  	LDS        R27, LCD_EN+0
0x08A8	0x7FB7    	CBR        R27, 8
0x08AA	0x064493B0  	STS        LCD_EN+0, R27
;__Lib_Lcd.c,120 :: 		
0x08AE	0xDCB8    	RCALL      _Delay_5500us+0
;__Lib_Lcd.c,123 :: 		
0x08B0	0x064491B0  	LDS        R27, LCD_D4+0
0x08B4	0x7EBF    	CBR        R27, 16
0x08B6	0x064493B0  	STS        LCD_D4+0, R27
;__Lib_Lcd.c,124 :: 		
0x08BA	0x064491B0  	LDS        R27, LCD_EN+0
0x08BE	0x60B8    	SBR        R27, 8
0x08C0	0x064493B0  	STS        LCD_EN+0, R27
;__Lib_Lcd.c,125 :: 		
0x08C4	0xDCB6    	RCALL      _Delay_1us+0
;__Lib_Lcd.c,126 :: 		
0x08C6	0x064491B0  	LDS        R27, LCD_EN+0
0x08CA	0x7FB7    	CBR        R27, 8
0x08CC	0x064493B0  	STS        LCD_EN+0, R27
;__Lib_Lcd.c,127 :: 		
0x08D0	0xDCA7    	RCALL      _Delay_5500us+0
;__Lib_Lcd.c,130 :: 		
0x08D2	0x064491B0  	LDS        R27, LCD_EN+0
0x08D6	0x60B8    	SBR        R27, 8
0x08D8	0x064493B0  	STS        LCD_EN+0, R27
;__Lib_Lcd.c,131 :: 		
0x08DC	0xDCAA    	RCALL      _Delay_1us+0
;__Lib_Lcd.c,132 :: 		
0x08DE	0x064491B0  	LDS        R27, LCD_EN+0
0x08E2	0x7FB7    	CBR        R27, 8
0x08E4	0x064493B0  	STS        LCD_EN+0, R27
;__Lib_Lcd.c,134 :: 		
0x08E8	0x064491B0  	LDS        R27, LCD_D5+0
0x08EC	0x7DBF    	CBR        R27, 32
0x08EE	0x064493B0  	STS        LCD_D5+0, R27
;__Lib_Lcd.c,135 :: 		
0x08F2	0x064491B0  	LDS        R27, LCD_D7+0
0x08F6	0x68B0    	SBR        R27, 128
0x08F8	0x064493B0  	STS        LCD_D7+0, R27
;__Lib_Lcd.c,136 :: 		
0x08FC	0x064491B0  	LDS        R27, LCD_EN+0
0x0900	0x60B8    	SBR        R27, 8
0x0902	0x064493B0  	STS        LCD_EN+0, R27
;__Lib_Lcd.c,137 :: 		
0x0906	0xDC95    	RCALL      _Delay_1us+0
;__Lib_Lcd.c,138 :: 		
0x0908	0x064491B0  	LDS        R27, LCD_EN+0
0x090C	0x7FB7    	CBR        R27, 8
0x090E	0x064493B0  	STS        LCD_EN+0, R27
;__Lib_Lcd.c,139 :: 		
0x0912	0xDC86    	RCALL      _Delay_5500us+0
;__Lib_Lcd.c,142 :: 		
0x0914	0x064491B0  	LDS        R27, LCD_D7+0
0x0918	0x77BF    	CBR        R27, 128
0x091A	0x064493B0  	STS        LCD_D7+0, R27
;__Lib_Lcd.c,143 :: 		
0x091E	0x064491B0  	LDS        R27, LCD_D4+0
0x0922	0x61B0    	SBR        R27, 16
0x0924	0x064493B0  	STS        LCD_D4+0, R27
;__Lib_Lcd.c,144 :: 		
0x0928	0x064491B0  	LDS        R27, LCD_EN+0
0x092C	0x60B8    	SBR        R27, 8
0x092E	0x064493B0  	STS        LCD_EN+0, R27
;__Lib_Lcd.c,145 :: 		
0x0932	0xDC7F    	RCALL      _Delay_1us+0
;__Lib_Lcd.c,146 :: 		
0x0934	0x064491B0  	LDS        R27, LCD_EN+0
0x0938	0x7FB7    	CBR        R27, 8
0x093A	0x064493B0  	STS        LCD_EN+0, R27
;__Lib_Lcd.c,148 :: 		
0x093E	0x064491B0  	LDS        R27, LCD_D4+0
0x0942	0x7EBF    	CBR        R27, 16
0x0944	0x064493B0  	STS        LCD_D4+0, R27
;__Lib_Lcd.c,149 :: 		
0x0948	0x064491B0  	LDS        R27, LCD_EN+0
0x094C	0x60B8    	SBR        R27, 8
0x094E	0x064493B0  	STS        LCD_EN+0, R27
;__Lib_Lcd.c,150 :: 		
0x0952	0xDC6F    	RCALL      _Delay_1us+0
;__Lib_Lcd.c,151 :: 		
0x0954	0x064491B0  	LDS        R27, LCD_EN+0
0x0958	0x7FB7    	CBR        R27, 8
0x095A	0x064493B0  	STS        LCD_EN+0, R27
;__Lib_Lcd.c,152 :: 		
0x095E	0xDC60    	RCALL      _Delay_5500us+0
;__Lib_Lcd.c,155 :: 		
0x0960	0x064491B0  	LDS        R27, LCD_EN+0
0x0964	0x60B8    	SBR        R27, 8
0x0966	0x064493B0  	STS        LCD_EN+0, R27
;__Lib_Lcd.c,156 :: 		
0x096A	0xDC63    	RCALL      _Delay_1us+0
;__Lib_Lcd.c,157 :: 		
0x096C	0x064491B0  	LDS        R27, LCD_EN+0
0x0970	0x7FB7    	CBR        R27, 8
0x0972	0x064493B0  	STS        LCD_EN+0, R27
;__Lib_Lcd.c,159 :: 		
0x0976	0x064491B0  	LDS        R27, LCD_D4+0
0x097A	0x61B0    	SBR        R27, 16
0x097C	0x064493B0  	STS        LCD_D4+0, R27
;__Lib_Lcd.c,160 :: 		
0x0980	0x064491B0  	LDS        R27, LCD_EN+0
0x0984	0x60B8    	SBR        R27, 8
0x0986	0x064493B0  	STS        LCD_EN+0, R27
;__Lib_Lcd.c,161 :: 		
0x098A	0xDC53    	RCALL      _Delay_1us+0
;__Lib_Lcd.c,162 :: 		
0x098C	0x064491B0  	LDS        R27, LCD_EN+0
0x0990	0x7FB7    	CBR        R27, 8
0x0992	0x064493B0  	STS        LCD_EN+0, R27
;__Lib_Lcd.c,163 :: 		
0x0996	0xDC44    	RCALL      _Delay_5500us+0
;__Lib_Lcd.c,166 :: 		
0x0998	0x064491B0  	LDS        R27, LCD_D4+0
0x099C	0x7EBF    	CBR        R27, 16
0x099E	0x064493B0  	STS        LCD_D4+0, R27
;__Lib_Lcd.c,167 :: 		
0x09A2	0x064491B0  	LDS        R27, LCD_EN+0
0x09A6	0x60B8    	SBR        R27, 8
0x09A8	0x064493B0  	STS        LCD_EN+0, R27
;__Lib_Lcd.c,168 :: 		
0x09AC	0xDC42    	RCALL      _Delay_1us+0
;__Lib_Lcd.c,169 :: 		
0x09AE	0x064491B0  	LDS        R27, LCD_EN+0
0x09B2	0x7FB7    	CBR        R27, 8
0x09B4	0x064493B0  	STS        LCD_EN+0, R27
;__Lib_Lcd.c,171 :: 		
0x09B8	0x064491B0  	LDS        R27, LCD_D7+0
0x09BC	0x68B0    	SBR        R27, 128
0x09BE	0x064493B0  	STS        LCD_D7+0, R27
;__Lib_Lcd.c,172 :: 		
0x09C2	0x064491B0  	LDS        R27, LCD_D6+0
0x09C6	0x64B0    	SBR        R27, 64
0x09C8	0x064493B0  	STS        LCD_D6+0, R27
;__Lib_Lcd.c,173 :: 		
0x09CC	0x064491B0  	LDS        R27, LCD_D5+0
0x09D0	0x62B0    	SBR        R27, 32
0x09D2	0x064493B0  	STS        LCD_D5+0, R27
;__Lib_Lcd.c,174 :: 		
0x09D6	0x064491B0  	LDS        R27, LCD_D4+0
0x09DA	0x61B0    	SBR        R27, 16
0x09DC	0x064493B0  	STS        LCD_D4+0, R27
;__Lib_Lcd.c,175 :: 		
0x09E0	0x064491B0  	LDS        R27, LCD_EN+0
0x09E4	0x60B8    	SBR        R27, 8
0x09E6	0x064493B0  	STS        LCD_EN+0, R27
;__Lib_Lcd.c,176 :: 		
0x09EA	0xDC23    	RCALL      _Delay_1us+0
;__Lib_Lcd.c,177 :: 		
0x09EC	0x064491B0  	LDS        R27, LCD_EN+0
0x09F0	0x7FB7    	CBR        R27, 8
0x09F2	0x064493B0  	STS        LCD_EN+0, R27
;__Lib_Lcd.c,179 :: 		
0x09F6	0xDC14    	RCALL      _Delay_5500us+0
;__Lib_Lcd.c,181 :: 		
0x09F8	0x200291B0  	LDS        R27, __Lib_Lcd_cmd_status+0
0x09FC	0x60B1    	SBR        R27, 1
0x09FE	0x200293B0  	STS        __Lib_Lcd_cmd_status+0, R27
;__Lib_Lcd.c,182 :: 		
L_end_Lcd_Init:
0x0A02	0x9508    	RET
; end of _Lcd_Init
_Delay_5500us:
;__Lib_Delays.c,30 :: 		void Delay_5500us() {
;__Lib_Delays.c,31 :: 		Delay_us(5500);
0x0220	0xE31A    	LDI        R17, 58
0x0222	0xE203    	LDI        R16, 35
L_Delay_5500us12:
0x0224	0x950A    	DEC        R16
0x0226	0xF7F1    	BRNE       L_Delay_5500us12
0x0228	0x951A    	DEC        R17
0x022A	0xF7E1    	BRNE       L_Delay_5500us12
0x022C	0x0000    	NOP
0x022E	0x0000    	NOP
;__Lib_Delays.c,32 :: 		}
L_end_Delay_5500us:
0x0230	0x9508    	RET
; end of _Delay_5500us
_Delay_1us:
;__Lib_Delays.c,6 :: 		void Delay_1us() {
;__Lib_Delays.c,7 :: 		Delay_us(1);
0x0232	0xE002    	LDI        R16, 2
L_Delay_1us0:
0x0234	0x950A    	DEC        R16
0x0236	0xF7F1    	BRNE       L_Delay_1us0
0x0238	0x0000    	NOP
0x023A	0x0000    	NOP
;__Lib_Delays.c,8 :: 		}
L_end_Delay_1us:
0x023C	0x9508    	RET
; end of _Delay_1us
_Lcd_Cmd:
;__Lib_Lcd.c,18 :: 		
;__Lib_Lcd.c,20 :: 		
0x0712	0xFA27    	BST        R2, 7
0x0714	0x064491B0  	LDS        R27, LCD_D7+0
0x0718	0xF9B7    	BLD        R27, 7
0x071A	0x064493B0  	STS        LCD_D7+0, R27
;__Lib_Lcd.c,21 :: 		
0x071E	0xFA26    	BST        R2, 6
0x0720	0x064491B0  	LDS        R27, LCD_D6+0
0x0724	0xF9B6    	BLD        R27, 6
0x0726	0x064493B0  	STS        LCD_D6+0, R27
;__Lib_Lcd.c,22 :: 		
0x072A	0xFA25    	BST        R2, 5
0x072C	0x064491B0  	LDS        R27, LCD_D5+0
0x0730	0xF9B5    	BLD        R27, 5
0x0732	0x064493B0  	STS        LCD_D5+0, R27
;__Lib_Lcd.c,23 :: 		
0x0736	0xFA24    	BST        R2, 4
0x0738	0x064491B0  	LDS        R27, LCD_D4+0
0x073C	0xF9B4    	BLD        R27, 4
0x073E	0x064493B0  	STS        LCD_D4+0, R27
;__Lib_Lcd.c,25 :: 		
0x0742	0x200291B0  	LDS        R27, __Lib_Lcd_cmd_status+0
0x0746	0x06449000  	LDS        R0, LCD_RS+0
0x074A	0x94E8    	CLT
0x074C	0xFFB0    	SBRS       R27, 0
0x074E	0x9468    	SET
0x0750	0xF802    	BLD        R0, 2
0x0752	0x06449200  	STS        LCD_RS+0, R0
;__Lib_Lcd.c,28 :: 		
0x0756	0x064491B0  	LDS        R27, LCD_EN+0
0x075A	0x60B8    	SBR        R27, 8
0x075C	0x064493B0  	STS        LCD_EN+0, R27
;__Lib_Lcd.c,29 :: 		
0x0760	0xDD68    	RCALL      _Delay_1us+0
;__Lib_Lcd.c,30 :: 		
0x0762	0x064491B0  	LDS        R27, LCD_EN+0
0x0766	0x7FB7    	CBR        R27, 8
0x0768	0x064493B0  	STS        LCD_EN+0, R27
;__Lib_Lcd.c,33 :: 		
0x076C	0xFA23    	BST        R2, 3
0x076E	0x064491B0  	LDS        R27, LCD_D7+0
0x0772	0xF9B7    	BLD        R27, 7
0x0774	0x064493B0  	STS        LCD_D7+0, R27
;__Lib_Lcd.c,34 :: 		
0x0778	0xFA22    	BST        R2, 2
0x077A	0x064491B0  	LDS        R27, LCD_D6+0
0x077E	0xF9B6    	BLD        R27, 6
0x0780	0x064493B0  	STS        LCD_D6+0, R27
;__Lib_Lcd.c,35 :: 		
0x0784	0xFA21    	BST        R2, 1
0x0786	0x064491B0  	LDS        R27, LCD_D5+0
0x078A	0xF9B5    	BLD        R27, 5
0x078C	0x064493B0  	STS        LCD_D5+0, R27
;__Lib_Lcd.c,36 :: 		
0x0790	0xFA20    	BST        R2, 0
0x0792	0x064491B0  	LDS        R27, LCD_D4+0
0x0796	0xF9B4    	BLD        R27, 4
0x0798	0x064493B0  	STS        LCD_D4+0, R27
;__Lib_Lcd.c,38 :: 		
0x079C	0x200291B0  	LDS        R27, __Lib_Lcd_cmd_status+0
0x07A0	0x06449000  	LDS        R0, LCD_RS+0
0x07A4	0x94E8    	CLT
0x07A6	0xFFB0    	SBRS       R27, 0
0x07A8	0x9468    	SET
0x07AA	0xF802    	BLD        R0, 2
0x07AC	0x06449200  	STS        LCD_RS+0, R0
;__Lib_Lcd.c,40 :: 		
0x07B0	0x064491B0  	LDS        R27, LCD_EN+0
0x07B4	0x60B8    	SBR        R27, 8
0x07B6	0x064493B0  	STS        LCD_EN+0, R27
;__Lib_Lcd.c,41 :: 		
0x07BA	0xDD3B    	RCALL      _Delay_1us+0
;__Lib_Lcd.c,42 :: 		
0x07BC	0x064491B0  	LDS        R27, LCD_EN+0
0x07C0	0x7FB7    	CBR        R27, 8
0x07C2	0x064493B0  	STS        LCD_EN+0, R27
;__Lib_Lcd.c,44 :: 		
0x07C6	0x200291B0  	LDS        R27, __Lib_Lcd_cmd_status+0
0x07CA	0xFFB0    	SBRS       R27, 0
0x07CC	0xC002    	RJMP       L_Lcd_Cmd0
;__Lib_Lcd.c,45 :: 		
0x07CE	0xDD28    	RCALL      _Delay_5500us+0
0x07D0	0xC001    	RJMP       L_Lcd_Cmd1
L_Lcd_Cmd0:
;__Lib_Lcd.c,47 :: 		
0x07D2	0xDD4A    	RCALL      _Delay_50us+0
L_Lcd_Cmd1:
;__Lib_Lcd.c,48 :: 		
L_end_Lcd_Cmd:
0x07D4	0x9508    	RET
; end of _Lcd_Cmd
_Delay_50us:
;__Lib_Delays.c,18 :: 		void Delay_50us() {
;__Lib_Delays.c,19 :: 		Delay_us(50);
0x0268	0xE805    	LDI        R16, 133
L_Delay_50us6:
0x026A	0x950A    	DEC        R16
0x026C	0xF7F1    	BRNE       L_Delay_50us6
0x026E	0x0000    	NOP
;__Lib_Delays.c,20 :: 		}
L_end_Delay_50us:
0x0270	0x9508    	RET
; end of _Delay_50us
_Lcd_Out:
;__Lib_Lcd.c,184 :: 		
;__Lib_Lcd.c,187 :: 		
0x0ACC	0x922F    	PUSH       R2
0x0ACE	0xC00F    	RJMP       L_Lcd_Out11
;__Lib_Lcd.c,188 :: 		
L_Lcd_Out13:
0x0AD0	0xE8B0    	LDI        R27, 128
0x0AD2	0x2E2B    	MOV        R2, R27
0x0AD4	0xC019    	RJMP       L_Lcd_Out12
;__Lib_Lcd.c,189 :: 		
L_Lcd_Out14:
0x0AD6	0xECB0    	LDI        R27, 192
0x0AD8	0x2E2B    	MOV        R2, R27
0x0ADA	0xC016    	RJMP       L_Lcd_Out12
;__Lib_Lcd.c,190 :: 		
L_Lcd_Out15:
0x0ADC	0xE9B4    	LDI        R27, 148
0x0ADE	0x2E2B    	MOV        R2, R27
0x0AE0	0xC013    	RJMP       L_Lcd_Out12
;__Lib_Lcd.c,191 :: 		
L_Lcd_Out16:
0x0AE2	0xEDB4    	LDI        R27, 212
0x0AE4	0x2E2B    	MOV        R2, R27
0x0AE6	0xC010    	RJMP       L_Lcd_Out12
;__Lib_Lcd.c,192 :: 		
L_Lcd_Out17:
0x0AE8	0xE8B0    	LDI        R27, 128
0x0AEA	0x2E2B    	MOV        R2, R27
;__Lib_Lcd.c,193 :: 		
0x0AEC	0xC00D    	RJMP       L_Lcd_Out12
L_Lcd_Out11:
0x0AEE	0xE0B1    	LDI        R27, 1
0x0AF0	0x162B    	CP         R2, R27
0x0AF2	0xF371    	BREQ       L_Lcd_Out13
L__Lcd_Out35:
0x0AF4	0xE0B2    	LDI        R27, 2
0x0AF6	0x162B    	CP         R2, R27
0x0AF8	0xF371    	BREQ       L_Lcd_Out14
L__Lcd_Out36:
0x0AFA	0xE0B3    	LDI        R27, 3
0x0AFC	0x162B    	CP         R2, R27
0x0AFE	0xF371    	BREQ       L_Lcd_Out15
L__Lcd_Out37:
0x0B00	0xE0B4    	LDI        R27, 4
0x0B02	0x162B    	CP         R2, R27
0x0B04	0xF371    	BREQ       L_Lcd_Out16
L__Lcd_Out38:
0x0B06	0xCFF0    	RJMP       L_Lcd_Out17
L_Lcd_Out12:
;__Lib_Lcd.c,194 :: 		
0x0B08	0x2D03    	MOV        R16, R3
0x0B0A	0x5001    	SUBI       R16, 1
0x0B0C	0x0D02    	ADD        R16, R2
0x0B0E	0x2E20    	MOV        R2, R16
;__Lib_Lcd.c,196 :: 		
0x0B10	0x2E20    	MOV        R2, R16
0x0B12	0xDDFF    	RCALL      _Lcd_Cmd+0
;__Lib_Lcd.c,197 :: 		
0x0B14	0x200291B0  	LDS        R27, __Lib_Lcd_cmd_status+0
0x0B18	0x7FBE    	CBR        R27, 1
0x0B1A	0x200293B0  	STS        __Lib_Lcd_cmd_status+0, R27
;__Lib_Lcd.c,198 :: 		
; i start address is: 17 (R17)
0x0B1E	0xE010    	LDI        R17, 0
; i end address is: 17 (R17)
;__Lib_Lcd.c,199 :: 		
L_Lcd_Out18:
; i start address is: 17 (R17)
0x0B20	0x2FE1    	MOV        R30, R17
0x0B22	0xE0F0    	LDI        R31, 0
0x0B24	0x0DE4    	ADD        R30, R4
0x0B26	0x1DF5    	ADC        R31, R5
0x0B28	0x8100    	LD         R16, Z
0x0B2A	0x2300    	TST        R16
0x0B2C	0xF079    	BREQ       L_Lcd_Out19
L__Lcd_Out39:
;__Lib_Lcd.c,200 :: 		
0x0B2E	0x2FE1    	MOV        R30, R17
0x0B30	0xE0F0    	LDI        R31, 0
0x0B32	0x0DE4    	ADD        R30, R4
0x0B34	0x1DF5    	ADC        R31, R5
0x0B36	0x8100    	LD         R16, Z
0x0B38	0x931F    	PUSH       R17
0x0B3A	0x922F    	PUSH       R2
0x0B3C	0x2E20    	MOV        R2, R16
0x0B3E	0xDDDD    	RCALL      _Lcd_Chr_CP+0
0x0B40	0x902F    	POP        R2
0x0B42	0x911F    	POP        R17
0x0B44	0x2F01    	MOV        R16, R17
0x0B46	0x5F0F    	SUBI       R16, 255
0x0B48	0x2F10    	MOV        R17, R16
; i end address is: 17 (R17)
0x0B4A	0xCFEA    	RJMP       L_Lcd_Out18
L_Lcd_Out19:
;__Lib_Lcd.c,201 :: 		
0x0B4C	0x200291B0  	LDS        R27, __Lib_Lcd_cmd_status+0
0x0B50	0x60B1    	SBR        R27, 1
0x0B52	0x200293B0  	STS        __Lib_Lcd_cmd_status+0, R27
;__Lib_Lcd.c,202 :: 		
L_end_Lcd_Out:
0x0B56	0x902F    	POP        R2
0x0B58	0x9508    	RET
; end of _Lcd_Out
_Lcd_Chr_CP:
;__Lib_Lcd.c,50 :: 		
;__Lib_Lcd.c,52 :: 		
0x06FA	0x200291B0  	LDS        R27, __Lib_Lcd_cmd_status+0
0x06FE	0x7FBE    	CBR        R27, 1
0x0700	0x200293B0  	STS        __Lib_Lcd_cmd_status+0, R27
;__Lib_Lcd.c,53 :: 		
0x0704	0xD006    	RCALL      _Lcd_Cmd+0
;__Lib_Lcd.c,54 :: 		
0x0706	0x200291B0  	LDS        R27, __Lib_Lcd_cmd_status+0
0x070A	0x60B1    	SBR        R27, 1
0x070C	0x200293B0  	STS        __Lib_Lcd_cmd_status+0, R27
;__Lib_Lcd.c,55 :: 		
L_end_Lcd_Chr_CP:
0x0710	0x9508    	RET
; end of _Lcd_Chr_CP
_adc_avg:
;ADC3.c,159 :: 		signed int adc_avg(unsigned char no_of_samples, unsigned char pin)
;ADC3.c,161 :: 		signed long avg = 0;
; avg start address is: 21 (R21)
0x0A74	0xE050    	LDI        R21, 0
0x0A76	0xE060    	LDI        R22, 0
0x0A78	0xE070    	LDI        R23, 0
0x0A7A	0xE080    	LDI        R24, 0
;ADC3.c,162 :: 		unsigned char samples = no_of_samples;
; samples start address is: 20 (R20)
0x0A7C	0x2D42    	MOV        R20, R2
; avg end address is: 21 (R21)
; samples end address is: 20 (R20)
;ADC3.c,164 :: 		while(samples > 0)
L_adc_avg20:
; samples start address is: 20 (R20)
; avg start address is: 21 (R21)
0x0A7E	0xE000    	LDI        R16, 0
0x0A80	0x1704    	CP         R16, R20
0x0A82	0xF4A0    	BRSH       L_adc_avg21
L__adc_avg40:
;ADC3.c,166 :: 		avg += ADCA_read_ext_pins(pin);
0x0A84	0x922F    	PUSH       R2
0x0A86	0x2C23    	MOV        R2, R3
0x0A88	0xDCE6    	RCALL      _ADCA_read_ext_pins+0
0x0A8A	0x902F    	POP        R2
0x0A8C	0xE020    	LDI        R18, 0
0x0A8E	0xFD17    	SBRC       R17, 7
0x0A90	0xEF2F    	LDI        R18, 255
0x0A92	0x2F32    	MOV        R19, R18
0x0A94	0x0F05    	ADD        R16, R21
0x0A96	0x1F16    	ADC        R17, R22
0x0A98	0x1F27    	ADC        R18, R23
0x0A9A	0x1F38    	ADC        R19, R24
0x0A9C	0x2F50    	MOV        R21, R16
0x0A9E	0x2F61    	MOV        R22, R17
0x0AA0	0x2F72    	MOV        R23, R18
0x0AA2	0x2F83    	MOV        R24, R19
;ADC3.c,167 :: 		samples--;
0x0AA4	0x2F04    	MOV        R16, R20
0x0AA6	0x5001    	SUBI       R16, 1
0x0AA8	0x2F40    	MOV        R20, R16
;ADC3.c,168 :: 		}
; samples end address is: 20 (R20)
0x0AAA	0xCFE9    	RJMP       L_adc_avg20
L_adc_avg21:
;ADC3.c,169 :: 		avg /= no_of_samples;
0x0AAC	0x923F    	PUSH       R3
; avg end address is: 21 (R21)
0x0AAE	0x922F    	PUSH       R2
0x0AB0	0x2F05    	MOV        R16, R21
0x0AB2	0x2F16    	MOV        R17, R22
0x0AB4	0x2F27    	MOV        R18, R23
0x0AB6	0x2F38    	MOV        R19, R24
0x0AB8	0x2D42    	MOV        R20, R2
0x0ABA	0xE050    	LDI        R21, 0
0x0ABC	0x2F65    	MOV        R22, R21
0x0ABE	0x2F75    	MOV        R23, R21
0x0AC0	0xDC0F    	RCALL      _Div_32x32_S+0
0x0AC2	0x0189    	MOVW       R16, R18
0x0AC4	0x019A    	MOVW       R18, R20
0x0AC6	0x902F    	POP        R2
0x0AC8	0x903F    	POP        R3
;ADC3.c,171 :: 		return avg;
;ADC3.c,172 :: 		}
L_end_adc_avg:
0x0ACA	0x9508    	RET
; end of _adc_avg
_ADCA_read_ext_pins:
;ADC3.c,137 :: 		signed int ADCA_read_ext_pins(unsigned char pin)
;ADC3.c,139 :: 		signed int val = 0;
;ADC3.c,141 :: 		ADCA_CH0_MUXCTRL = pin;
0x0456	0x02219220  	STS        ADCA_CH0_MUXCTRL+0, R2
;ADC3.c,142 :: 		while (!(ADCA_CH0_INTFLAGS & ADC_CH_CHIF_bm));
L_ADCA_read_ext_pins16:
0x045A	0x02239100  	LDS        R16, ADCA_CH0_INTFLAGS+0
0x045E	0xFD00    	SBRC       R16, 0
0x0460	0xC001    	RJMP       L_ADCA_read_ext_pins17
0x0462	0xCFFB    	RJMP       L_ADCA_read_ext_pins16
L_ADCA_read_ext_pins17:
;ADC3.c,143 :: 		ADCA_CH0_INTFLAGS = ADC_CH_CHIF_bm;
0x0464	0xE0B1    	LDI        R27, 1
0x0466	0x022393B0  	STS        ADCA_CH0_INTFLAGS+0, R27
;ADC3.c,144 :: 		val = ADCA_CH0_RES;
; val start address is: 18 (R18)
0x046A	0x02249120  	LDS        R18, ADCA_CH0_RES+0
0x046E	0x02259130  	LDS        R19, ADCA_CH0_RES+1
;ADC3.c,146 :: 		if (val > offset)
0x0472	0x20009100  	LDS        R16, _offset+0
0x0476	0x20019110  	LDS        R17, _offset+1
0x047A	0x1702    	CP         R16, R18
0x047C	0x0713    	CPC        R17, R19
0x047E	0xF44C    	BRGE       L_ADCA_read_ext_pins18
L__ADCA_read_ext_pins38:
;ADC3.c,148 :: 		val -= offset;
0x0480	0x20009000  	LDS        R0, _offset+0
0x0484	0x20019010  	LDS        R1, _offset+1
0x0488	0x0189    	MOVW       R16, R18
0x048A	0x1900    	SUB        R16, R0
0x048C	0x0911    	SBC        R17, R1
0x048E	0x0198    	MOVW       R18, R16
;ADC3.c,149 :: 		}
; val end address is: 18 (R18)
0x0490	0xC002    	RJMP       L_ADCA_read_ext_pins19
L_ADCA_read_ext_pins18:
;ADC3.c,152 :: 		val = 0;
; val start address is: 18 (R18)
0x0492	0xE020    	LDI        R18, 0
0x0494	0xE030    	LDI        R19, 0
; val end address is: 18 (R18)
;ADC3.c,153 :: 		}
L_ADCA_read_ext_pins19:
;ADC3.c,155 :: 		return val;
; val start address is: 18 (R18)
0x0496	0x0189    	MOVW       R16, R18
; val end address is: 18 (R18)
;ADC3.c,156 :: 		}
L_end_ADCA_read_ext_pins:
0x0498	0x9508    	RET
; end of _ADCA_read_ext_pins
_Div_32x32_S:
;__Lib_Math.c,293 :: 		
;__Lib_Math.c,296 :: 		
0x02E0	0x01C9    	MOVW       R24, R18
;__Lib_Math.c,297 :: 		
0x02E2	0x019A    	MOVW       R18, R20
;__Lib_Math.c,298 :: 		
0x02E4	0x01AB    	MOVW       R20, R22
;__Lib_Math.c,299 :: 		
0x02E6	0x01B8    	MOVW       R22, R16
;__Lib_Math.c,301 :: 		
0x02E8	0xFB97    	BST        R25, 7
;__Lib_Math.c,302 :: 		
0x02EA	0x2E09    	MOV        R0, R25
;__Lib_Math.c,303 :: 		
0x02EC	0x2605    	EOR        R0, R21
;__Lib_Math.c,304 :: 		
0x02EE	0xD00E    	RCALL      Div_32x32_S_L3
;__Lib_Math.c,305 :: 		
0x02F0	0xFD57    	SBRC       R21, 7
;__Lib_Math.c,306 :: 		
0x02F2	0xD004    	RCALL      Div_32x32_S_L1
;__Lib_Math.c,307 :: 		
0x02F4	0xD014    	RCALL      Div_32x32_S_L4
;__Lib_Math.c,308 :: 		
0x02F6	0xD00A    	RCALL      Div_32x32_S_L3
;__Lib_Math.c,309 :: 		
0x02F8	0x1C00    	ADC        R0, R0
;__Lib_Math.c,310 :: 		
0x02FA	0xF438    	BRCC       Div_32x32_S_L2
;__Lib_Math.c,311 :: 		
Div_32x32_S_L1:
;__Lib_Math.c,312 :: 		
0x02FC	0x9550    	COM        R21
;__Lib_Math.c,313 :: 		
0x02FE	0x9540    	COM        R20
;__Lib_Math.c,314 :: 		
0x0300	0x9530    	COM        R19
;__Lib_Math.c,315 :: 		
0x0302	0x9521    	NEG        R18
;__Lib_Math.c,316 :: 		
0x0304	0x4F3F    	SBCI       R19, 255
;__Lib_Math.c,317 :: 		
0x0306	0x4F4F    	SBCI       R20, 255
;__Lib_Math.c,318 :: 		
0x0308	0x4F5F    	SBCI       R21, 255
;__Lib_Math.c,319 :: 		
Div_32x32_S_L2:
;__Lib_Math.c,320 :: 		
0x030A	0x9508    	RET
;__Lib_Math.c,321 :: 		
Div_32x32_S_L3:
;__Lib_Math.c,322 :: 		
0x030C	0xF7F6    	BRTC       Div_32x32_S_L2
;__Lib_Math.c,323 :: 		
0x030E	0x9590    	COM        R25
;__Lib_Math.c,324 :: 		
0x0310	0x9580    	COM        R24
;__Lib_Math.c,325 :: 		
0x0312	0x9570    	COM        R23
;__Lib_Math.c,326 :: 		
0x0314	0x9561    	NEG        R22
;__Lib_Math.c,327 :: 		
0x0316	0x4F7F    	SBCI       R23, 255
;__Lib_Math.c,328 :: 		
0x0318	0x4F8F    	SBCI       R24, 255
;__Lib_Math.c,329 :: 		
0x031A	0x4F9F    	SBCI       R25, 255
;__Lib_Math.c,330 :: 		
0x031C	0x9508    	RET
;__Lib_Math.c,331 :: 		
Div_32x32_S_L4:
;__Lib_Math.c,332 :: 		
0x031E	0xE2A1    	LDI        R26, 33
;__Lib_Math.c,333 :: 		
0x0320	0x2E1A    	MOV        R1, R26
;__Lib_Math.c,334 :: 		
0x0322	0x1BAA    	SUB        R26, R26
;__Lib_Math.c,335 :: 		
0x0324	0x1BBB    	SUB        R27, R27
;__Lib_Math.c,336 :: 		
0x0326	0x01FD    	MOVW       R30, R26
;__Lib_Math.c,337 :: 		
0x0328	0xC00D    	RJMP       Div_32x32_S_L6
;__Lib_Math.c,338 :: 		
Div_32x32_S_L5:
;__Lib_Math.c,339 :: 		
0x032A	0x1FAA    	ROL        R26
;__Lib_Math.c,340 :: 		
0x032C	0x1FBB    	ROL        R27
;__Lib_Math.c,341 :: 		
0x032E	0x1FEE    	ROL        R30
;__Lib_Math.c,342 :: 		
0x0330	0x1FFF    	ROL        R31
;__Lib_Math.c,343 :: 		
0x0332	0x17A2    	CP         R26, R18
;__Lib_Math.c,344 :: 		
0x0334	0x07B3    	CPC        R27, R19
;__Lib_Math.c,345 :: 		
0x0336	0x07E4    	CPC        R30, R20
;__Lib_Math.c,346 :: 		
0x0338	0x07F5    	CPC        R31, R21
;__Lib_Math.c,347 :: 		
0x033A	0xF020    	BRCS       Div_32x32_S_L6
;__Lib_Math.c,348 :: 		
0x033C	0x1BA2    	SUB        R26, R18
;__Lib_Math.c,349 :: 		
0x033E	0x0BB3    	SBC        R27, R19
;__Lib_Math.c,350 :: 		
0x0340	0x0BE4    	SBC        R30, R20
;__Lib_Math.c,351 :: 		
0x0342	0x0BF5    	SBC        R31, R21
;__Lib_Math.c,352 :: 		
Div_32x32_S_L6:
;__Lib_Math.c,353 :: 		
0x0344	0x1F66    	ROL        R22
;__Lib_Math.c,354 :: 		
0x0346	0x1F77    	ROL        R23
;__Lib_Math.c,355 :: 		
0x0348	0x1F88    	ROL        R24
;__Lib_Math.c,356 :: 		
0x034A	0x1F99    	ROL        R25
;__Lib_Math.c,357 :: 		
0x034C	0x941A    	DEC        R1
;__Lib_Math.c,358 :: 		
0x034E	0xF769    	BRNE       Div_32x32_S_L5
;__Lib_Math.c,359 :: 		
0x0350	0x9560    	COM        R22
;__Lib_Math.c,360 :: 		
0x0352	0x9570    	COM        R23
;__Lib_Math.c,361 :: 		
0x0354	0x9580    	COM        R24
;__Lib_Math.c,362 :: 		
0x0356	0x9590    	COM        R25
;__Lib_Math.c,364 :: 		
0x0358	0x019B    	MOVW       R18, R22
;__Lib_Math.c,365 :: 		
0x035A	0x01AC    	MOVW       R20, R24
;__Lib_Math.c,366 :: 		
0x035C	0x01BD    	MOVW       R22, R26
;__Lib_Math.c,367 :: 		
0x035E	0x01CF    	MOVW       R24, R30
;__Lib_Math.c,370 :: 		
L_end_Div_32x32_S:
0x0360	0x9508    	RET
; end of _Div_32x32_S
_lcd_print:
0x0B84	0x93CF    	PUSH       R28
0x0B86	0x93DF    	PUSH       R29
0x0B88	0xB7CD    	IN         R28, SPL+0
0x0B8A	0xB7DE    	IN         R29, SPL+1
0x0B8C	0x9724    	SBIW       R28, 4
0x0B8E	0xBFCD    	OUT        SPL+0, R28
0x0B90	0xBFDE    	OUT        SPL+1, R29
0x0B92	0x9621    	ADIW       R28, 1
;ADC3.c,175 :: 		void lcd_print(unsigned char x_pos, unsigned char y_pos, signed int value, unsigned char cnt_volt)
;ADC3.c,177 :: 		unsigned char tmp = 0;
0x0B94	0x922F    	PUSH       R2
0x0B96	0x923F    	PUSH       R3
;ADC3.c,179 :: 		if(value > 0)
0x0B98	0xE000    	LDI        R16, 0
0x0B9A	0xE010    	LDI        R17, 0
0x0B9C	0x1504    	CP         R16, R4
0x0B9E	0x0515    	CPC        R17, R5
0x0BA0	0xF48C    	BRGE       L_lcd_print22
L__lcd_print42:
;ADC3.c,181 :: 		lcd_out(y_pos, x_pos, " ");
0x0BA2	0xE2B0    	LDI        R27, 32
0x0BA4	0x83B8    	STD        Y+0, R27
0x0BA6	0xE0B0    	LDI        R27, 0
0x0BA8	0x83B9    	STD        Y+1, R27
0x0BAA	0x018E    	MOVW       R16, R28
0x0BAC	0x926F    	PUSH       R6
0x0BAE	0x925F    	PUSH       R5
0x0BB0	0x924F    	PUSH       R4
0x0BB2	0x923F    	PUSH       R3
0x0BB4	0x0128    	MOVW       R4, R16
0x0BB6	0x2C32    	MOV        R3, R2
0x0BB8	0x902F    	POP        R2
0x0BBA	0xDF88    	RCALL      _Lcd_Out+0
0x0BBC	0x904F    	POP        R4
0x0BBE	0x905F    	POP        R5
0x0BC0	0x906F    	POP        R6
;ADC3.c,182 :: 		}
0x0BC2	0xC017    	RJMP       L_lcd_print23
L_lcd_print22:
;ADC3.c,185 :: 		lcd_out(y_pos, x_pos, "-");
0x0BC4	0xE2BD    	LDI        R27, 45
0x0BC6	0x83BA    	STD        Y+2, R27
0x0BC8	0xE0B0    	LDI        R27, 0
0x0BCA	0x83BB    	STD        Y+3, R27
0x0BCC	0x018E    	MOVW       R16, R28
0x0BCE	0x5F0E    	SUBI       R16, 254
0x0BD0	0x4F1F    	SBCI       R17, 255
0x0BD2	0x926F    	PUSH       R6
0x0BD4	0x925F    	PUSH       R5
0x0BD6	0x924F    	PUSH       R4
0x0BD8	0x923F    	PUSH       R3
0x0BDA	0x0128    	MOVW       R4, R16
0x0BDC	0x2C32    	MOV        R3, R2
0x0BDE	0x902F    	POP        R2
0x0BE0	0xDF75    	RCALL      _Lcd_Out+0
0x0BE2	0x904F    	POP        R4
0x0BE4	0x905F    	POP        R5
0x0BE6	0x906F    	POP        R6
;ADC3.c,186 :: 		value *= -1;
0x0BE8	0x0182    	MOVW       R16, R4
0x0BEA	0xEF4F    	LDI        R20, 255
0x0BEC	0xEF5F    	LDI        R21, 255
0x0BEE	0xDC21    	RCALL      _HWMul_16x16+0
0x0BF0	0x0128    	MOVW       R4, R16
;ADC3.c,187 :: 		}
L_lcd_print23:
;ADC3.c,189 :: 		tmp = (value / 1000);
0x0BF2	0x926F    	PUSH       R6
0x0BF4	0x925F    	PUSH       R5
0x0BF6	0x924F    	PUSH       R4
0x0BF8	0xEE48    	LDI        R20, 232
0x0BFA	0xE053    	LDI        R21, 3
0x0BFC	0x0182    	MOVW       R16, R4
0x0BFE	0xDBB1    	RCALL      _Div_16x16_S+0
0x0C00	0x018B    	MOVW       R16, R22
;ADC3.c,190 :: 		lcd_chr_cp(tmp + 48);
0x0C02	0x5D00    	SUBI       R16, 208
0x0C04	0x2E20    	MOV        R2, R16
0x0C06	0xDD79    	RCALL      _Lcd_Chr_CP+0
0x0C08	0x904F    	POP        R4
0x0C0A	0x905F    	POP        R5
0x0C0C	0x906F    	POP        R6
;ADC3.c,192 :: 		switch(cnt_volt)
0x0C0E	0xC009    	RJMP       L_lcd_print24
;ADC3.c,194 :: 		case 1:
L_lcd_print26:
;ADC3.c,196 :: 		break;
0x0C10	0xC00C    	RJMP       L_lcd_print25
;ADC3.c,198 :: 		default:
L_lcd_print27:
;ADC3.c,200 :: 		lcd_chr_cp(46);
0x0C12	0x925F    	PUSH       R5
0x0C14	0x924F    	PUSH       R4
0x0C16	0xE2BE    	LDI        R27, 46
0x0C18	0x2E2B    	MOV        R2, R27
0x0C1A	0xDD6F    	RCALL      _Lcd_Chr_CP+0
0x0C1C	0x904F    	POP        R4
0x0C1E	0x905F    	POP        R5
;ADC3.c,201 :: 		break;
0x0C20	0xC004    	RJMP       L_lcd_print25
;ADC3.c,203 :: 		}
L_lcd_print24:
0x0C22	0xE0B1    	LDI        R27, 1
0x0C24	0x166B    	CP         R6, R27
0x0C26	0xF3A1    	BREQ       L_lcd_print26
L__lcd_print43:
0x0C28	0xCFF4    	RJMP       L_lcd_print27
L_lcd_print25:
;ADC3.c,205 :: 		tmp = ((value / 100) % 10);
0x0C2A	0x925F    	PUSH       R5
0x0C2C	0x924F    	PUSH       R4
0x0C2E	0xE644    	LDI        R20, 100
0x0C30	0xE050    	LDI        R21, 0
0x0C32	0x0182    	MOVW       R16, R4
0x0C34	0xDB96    	RCALL      _Div_16x16_S+0
0x0C36	0x018B    	MOVW       R16, R22
0x0C38	0xE04A    	LDI        R20, 10
0x0C3A	0xE050    	LDI        R21, 0
0x0C3C	0xDB92    	RCALL      _Div_16x16_S+0
0x0C3E	0x018C    	MOVW       R16, R24
;ADC3.c,206 :: 		lcd_chr_cp((tmp + 48));
0x0C40	0x5D00    	SUBI       R16, 208
0x0C42	0x2E20    	MOV        R2, R16
0x0C44	0xDD5A    	RCALL      _Lcd_Chr_CP+0
0x0C46	0x904F    	POP        R4
0x0C48	0x905F    	POP        R5
;ADC3.c,207 :: 		tmp = ((value / 10) % 10);
0x0C4A	0x925F    	PUSH       R5
0x0C4C	0x924F    	PUSH       R4
0x0C4E	0xE04A    	LDI        R20, 10
0x0C50	0xE050    	LDI        R21, 0
0x0C52	0x0182    	MOVW       R16, R4
0x0C54	0xDB86    	RCALL      _Div_16x16_S+0
0x0C56	0x018B    	MOVW       R16, R22
0x0C58	0xE04A    	LDI        R20, 10
0x0C5A	0xE050    	LDI        R21, 0
0x0C5C	0xDB82    	RCALL      _Div_16x16_S+0
0x0C5E	0x018C    	MOVW       R16, R24
;ADC3.c,208 :: 		lcd_chr_cp((tmp + 48));
0x0C60	0x5D00    	SUBI       R16, 208
0x0C62	0x2E20    	MOV        R2, R16
0x0C64	0xDD4A    	RCALL      _Lcd_Chr_CP+0
0x0C66	0x904F    	POP        R4
0x0C68	0x905F    	POP        R5
;ADC3.c,209 :: 		tmp = (value % 10);
0x0C6A	0xE04A    	LDI        R20, 10
0x0C6C	0xE050    	LDI        R21, 0
0x0C6E	0x0182    	MOVW       R16, R4
0x0C70	0xDB78    	RCALL      _Div_16x16_S+0
0x0C72	0x018C    	MOVW       R16, R24
;ADC3.c,210 :: 		lcd_chr_cp((tmp + 48));
0x0C74	0x5D00    	SUBI       R16, 208
0x0C76	0x2E20    	MOV        R2, R16
0x0C78	0xDD40    	RCALL      _Lcd_Chr_CP+0
;ADC3.c,211 :: 		}
L_end_lcd_print:
0x0C7A	0x903F    	POP        R3
0x0C7C	0x902F    	POP        R2
0x0C7E	0x9623    	ADIW       R28, 3
0x0C80	0xBFCD    	OUT        SPL+0, R28
0x0C82	0xBFDE    	OUT        SPL+1, R29
0x0C84	0x91DF    	POP        R29
0x0C86	0x91CF    	POP        R28
0x0C88	0x9508    	RET
; end of _lcd_print
_HWMul_16x16:
;__Lib_Math.c,398 :: 		
;__Lib_Math.c,400 :: 		
0x0432	0x0198    	MOVW       R18, R16
;__Lib_Math.c,401 :: 		
0x0434	0x9F24    	MUL        R18, R20
;__Lib_Math.c,402 :: 		
0x0436	0x0180    	MOVW       R16, R0
;__Lib_Math.c,403 :: 		
0x0438	0x9F25    	MUL        R18, R21
;__Lib_Math.c,404 :: 		
0x043A	0x0D10    	ADD        R17, R0
;__Lib_Math.c,405 :: 		
0x043C	0x9F34    	MUL        R19, R20
;__Lib_Math.c,406 :: 		
0x043E	0x0D10    	ADD        R17, R0
;__Lib_Math.c,408 :: 		
L_end_HWMul_16x16:
0x0440	0x9508    	RET
; end of _HWMul_16x16
_Div_16x16_S:
;__Lib_Math.c,145 :: 		
;__Lib_Math.c,148 :: 		
0x0362	0x01C8    	MOVW       R24, R16
;__Lib_Math.c,149 :: 		
0x0364	0x01BA    	MOVW       R22, R20
;__Lib_Math.c,151 :: 		
0x0366	0xFB97    	BST        R25, 7
;__Lib_Math.c,152 :: 		
0x0368	0x2E09    	MOV        R0, R25
;__Lib_Math.c,153 :: 		
0x036A	0x2607    	EOR        R0, R23
;__Lib_Math.c,154 :: 		
0x036C	0xD00A    	RCALL      Div_16x16_S_L3
;__Lib_Math.c,155 :: 		
0x036E	0xFD77    	SBRC       R23, 7
;__Lib_Math.c,156 :: 		
0x0370	0xD004    	RCALL      Div_16x16_S_L1
;__Lib_Math.c,157 :: 		
0x0372	0xD00C    	RCALL      Div_16x16_S_L4
;__Lib_Math.c,158 :: 		
0x0374	0xD006    	RCALL      Div_16x16_S_L3
;__Lib_Math.c,159 :: 		
0x0376	0x2000    	AND        R0, R0
;__Lib_Math.c,160 :: 		
0x0378	0xF41A    	BRPL       Div_16x16_S_L2
;__Lib_Math.c,161 :: 		
Div_16x16_S_L1:
;__Lib_Math.c,162 :: 		
0x037A	0x9570    	COM        R23
;__Lib_Math.c,163 :: 		
0x037C	0x9561    	NEG        R22
;__Lib_Math.c,164 :: 		
0x037E	0x4F7F    	SBCI       R23, 255
;__Lib_Math.c,165 :: 		
Div_16x16_S_L2:
;__Lib_Math.c,166 :: 		
0x0380	0x9508    	RET
;__Lib_Math.c,167 :: 		
Div_16x16_S_L3:
;__Lib_Math.c,168 :: 		
0x0382	0xF7F6    	BRTC       Div_16x16_S_L2
;__Lib_Math.c,169 :: 		
0x0384	0x9590    	COM        R25
;__Lib_Math.c,170 :: 		
0x0386	0x9581    	NEG        R24
;__Lib_Math.c,171 :: 		
0x0388	0x4F9F    	SBCI       R25, 255
;__Lib_Math.c,172 :: 		
0x038A	0x9508    	RET
;__Lib_Math.c,173 :: 		
Div_16x16_S_L4:
;__Lib_Math.c,174 :: 		
0x038C	0x1BAA    	SUB        R26, R26
;__Lib_Math.c,175 :: 		
0x038E	0x1BBB    	SUB        R27, R27
;__Lib_Math.c,176 :: 		
0x0390	0xE151    	LDI        R21, 17
;__Lib_Math.c,177 :: 		
0x0392	0xC007    	RJMP       Div_16x16_S_L6
;__Lib_Math.c,178 :: 		
Div_16x16_S_L5:
;__Lib_Math.c,179 :: 		
0x0394	0x1FAA    	ROL        R26
;__Lib_Math.c,180 :: 		
0x0396	0x1FBB    	ROL        R27
;__Lib_Math.c,181 :: 		
0x0398	0x17A6    	CP         R26, R22
;__Lib_Math.c,182 :: 		
0x039A	0x07B7    	CPC        R27, R23
;__Lib_Math.c,183 :: 		
0x039C	0xF010    	BRCS       Div_16x16_S_L6
;__Lib_Math.c,184 :: 		
0x039E	0x1BA6    	SUB        R26, R22
;__Lib_Math.c,185 :: 		
0x03A0	0x0BB7    	SBC        R27, R23
;__Lib_Math.c,186 :: 		
Div_16x16_S_L6:
;__Lib_Math.c,187 :: 		
0x03A2	0x1F88    	ROL        R24
;__Lib_Math.c,188 :: 		
0x03A4	0x1F99    	ROL        R25
;__Lib_Math.c,189 :: 		
0x03A6	0x955A    	DEC        R21
;__Lib_Math.c,190 :: 		
0x03A8	0xF7A9    	BRNE       Div_16x16_S_L5
;__Lib_Math.c,191 :: 		
0x03AA	0x9580    	COM        R24
;__Lib_Math.c,192 :: 		
0x03AC	0x9590    	COM        R25
;__Lib_Math.c,193 :: 		
0x03AE	0x01BC    	MOVW       R22, R24
;__Lib_Math.c,194 :: 		
0x03B0	0x01CD    	MOVW       R24, R26
;__Lib_Math.c,195 :: 		
0x03B2	0x9508    	RET
;__Lib_Math.c,198 :: 		
L_end_Div_16x16_S:
0x03B4	0x9508    	RET
; end of _Div_16x16_S
___CC2DW:
;__Lib_System.c,25 :: 		
;__Lib_System.c,27 :: 		
L_loopDW:
;__Lib_System.c,28 :: 		
0x0B7A	0x9005    	LPM        R0, Z+
;__Lib_System.c,29 :: 		
0x0B7C	0x920D    	ST         X+, R0
;__Lib_System.c,30 :: 		
0x0B7E	0x9701    	SBIW       R24, 1
;__Lib_System.c,31 :: 		
0x0B80	0xF7E1    	BRNE       L_loopDW
;__Lib_System.c,33 :: 		
L_end___CC2DW:
0x0B82	0x9508    	RET
; end of ___CC2DW
_float_slong2fp:
;__Lib_MathDouble.c,122 :: 		
;__Lib_MathDouble.c,124 :: 		
0x0B74	0x94E8    	BCLR       6
;__Lib_MathDouble.c,126 :: 		
0x0B76	0xDC65    	RCALL      _float_long2fp+0
;__Lib_MathDouble.c,127 :: 		
L_end_float_slong2fp:
0x0B78	0x9508    	RET
; end of _float_slong2fp
_float_long2fp:
;__Lib_MathDouble.c,105 :: 		
;__Lib_MathDouble.c,107 :: 		
0x0442	0xE147    	LDI        R20, 23
;__Lib_MathDouble.c,108 :: 		
0x0444	0x2766    	CLR        R22
;__Lib_MathDouble.c,109 :: 		
0x0446	0x2755    	CLR        R21
;__Lib_MathDouble.c,110 :: 		
0x0448	0xF026    	BRTS       L00FC
;__Lib_MathDouble.c,111 :: 		
0x044A	0x2333    	TST        R19
;__Lib_MathDouble.c,112 :: 		
0x044C	0xF412    	BRPL       L00FC
;__Lib_MathDouble.c,114 :: 		
0x044E	0xDF11    	RCALL      _float_neg32+0
;__Lib_MathDouble.c,116 :: 		
0x0450	0xE860    	LDI        R22, 128
;__Lib_MathDouble.c,117 :: 		
L00FC:
;__Lib_MathDouble.c,119 :: 		
0x0452	0xDF18    	RCALL      _float_normalize_and_pack+0
;__Lib_MathDouble.c,120 :: 		
L_end_float_long2fp:
0x0454	0x9508    	RET
; end of _float_long2fp
_float_neg32:
;__Lib_MathDouble.c,4 :: 		
;__Lib_MathDouble.c,6 :: 		
0x0272	0x9500    	COM        R16
;__Lib_MathDouble.c,7 :: 		
0x0274	0x9510    	COM        R17
;__Lib_MathDouble.c,8 :: 		
0x0276	0x9520    	COM        R18
;__Lib_MathDouble.c,9 :: 		
0x0278	0x9530    	COM        R19
;__Lib_MathDouble.c,10 :: 		
0x027A	0x5F0F    	SUBI       R16, 255
;__Lib_MathDouble.c,11 :: 		
0x027C	0x4F1F    	SBCI       R17, 255
;__Lib_MathDouble.c,12 :: 		
0x027E	0x4F2F    	SBCI       R18, 255
;__Lib_MathDouble.c,13 :: 		
0x0280	0x4F3F    	SBCI       R19, 255
;__Lib_MathDouble.c,15 :: 		
L_end_float_neg32:
0x0282	0x9508    	RET
; end of _float_neg32
_float_normalize_and_pack:
;__Lib_MathDouble.c,45 :: 		
;__Lib_MathDouble.c,46 :: 		
0x0284	0xDFC5    	RCALL      _float_tstr16_r19+0
;__Lib_MathDouble.c,48 :: 		
0x0286	0xF111    	BREQ       L0196
;__Lib_MathDouble.c,49 :: 		
0x0288	0x939F    	PUSH       R25
;__Lib_MathDouble.c,50 :: 		
0x028A	0x938F    	PUSH       R24
;__Lib_MathDouble.c,51 :: 		
0x028C	0xE78E    	LDI        R24, 126
;__Lib_MathDouble.c,52 :: 		
0x028E	0xE090    	LDI        R25, 0
;__Lib_MathDouble.c,53 :: 		
L0178:
;__Lib_MathDouble.c,54 :: 		
0x0290	0x2333    	TST        R19
;__Lib_MathDouble.c,55 :: 		
0x0292	0xF051    	BREQ       L0184
;__Lib_MathDouble.c,56 :: 		
0x0294	0x9536    	LSR        R19
;__Lib_MathDouble.c,57 :: 		
0x0296	0x9527    	ROR        R18
;__Lib_MathDouble.c,58 :: 		
0x0298	0x9517    	ROR        R17
;__Lib_MathDouble.c,59 :: 		
0x029A	0x9507    	ROR        R16
;__Lib_MathDouble.c,60 :: 		
0x029C	0x1748    	CP         R20, R24
;__Lib_MathDouble.c,61 :: 		
0x029E	0x0759    	CPC        R21, R25
;__Lib_MathDouble.c,62 :: 		
0x02A0	0xF4B4    	BRGE       L0197
;__Lib_MathDouble.c,63 :: 		
0x02A2	0x5F4F    	SUBI       R20, 255
;__Lib_MathDouble.c,64 :: 		
0x02A4	0x4F5F    	SBCI       R21, 255
;__Lib_MathDouble.c,65 :: 		
0x02A6	0xCFF4    	RJMP       L0178
;__Lib_MathDouble.c,66 :: 		
L0184:
;__Lib_MathDouble.c,67 :: 		
0x02A8	0x9580    	COM        R24
;__Lib_MathDouble.c,68 :: 		
0x02AA	0x9590    	COM        R25
;__Lib_MathDouble.c,69 :: 		
0x02AC	0x9601    	ADIW       R24, 1
;__Lib_MathDouble.c,70 :: 		
L0187:
;__Lib_MathDouble.c,71 :: 		
0x02AE	0x2322    	TST        R18
;__Lib_MathDouble.c,72 :: 		
0x02B0	0xF09A    	BRMI       L019C
;__Lib_MathDouble.c,73 :: 		
0x02B2	0x0F00    	LSL        R16
;__Lib_MathDouble.c,74 :: 		
0x02B4	0x1F11    	ROL        R17
;__Lib_MathDouble.c,75 :: 		
0x02B6	0x1F22    	ROL        R18
;__Lib_MathDouble.c,76 :: 		
0x02B8	0x1748    	CP         R20, R24
;__Lib_MathDouble.c,77 :: 		
0x02BA	0x0759    	CPC        R21, R25
;__Lib_MathDouble.c,78 :: 		
0x02BC	0xF01C    	BRLT       L0192
;__Lib_MathDouble.c,79 :: 		
0x02BE	0x5041    	SUBI       R20, 1
;__Lib_MathDouble.c,80 :: 		
0x02C0	0x4050    	SBCI       R21, 0
;__Lib_MathDouble.c,81 :: 		
0x02C2	0xCFF5    	RJMP       L0187
;__Lib_MathDouble.c,82 :: 		
L0192:
;__Lib_MathDouble.c,83 :: 		
0x02C4	0x2700    	CLR        R16
;__Lib_MathDouble.c,84 :: 		
0x02C6	0x2711    	CLR        R17
;__Lib_MathDouble.c,85 :: 		
0x02C8	0x2722    	CLR        R18
;__Lib_MathDouble.c,86 :: 		
0x02CA	0x2733    	CLR        R19
;__Lib_MathDouble.c,87 :: 		
L0196:
;__Lib_MathDouble.c,88 :: 		
0x02CC	0xC008    	RJMP       L0196x
;__Lib_MathDouble.c,89 :: 		
L0197:
;__Lib_MathDouble.c,90 :: 		
0x02CE	0x2733    	CLR        R19
;__Lib_MathDouble.c,91 :: 		
0x02D0	0xEF0F    	LDI        R16, 255
;__Lib_MathDouble.c,92 :: 		
0x02D2	0x2F10    	MOV        R17, R16
;__Lib_MathDouble.c,93 :: 		
0x02D4	0xE72F    	LDI        R18, 127
;__Lib_MathDouble.c,94 :: 		
0x02D6	0x2F32    	MOV        R19, R18
;__Lib_MathDouble.c,95 :: 		
L019C:
;__Lib_MathDouble.c,96 :: 		
0x02D8	0x918F    	POP        R24
;__Lib_MathDouble.c,97 :: 		
0x02DA	0x919F    	POP        R25
;__Lib_MathDouble.c,99 :: 		
0x02DC	0xDF8F    	RCALL      _float_pack+0
;__Lib_MathDouble.c,101 :: 		
L0196x:
;__Lib_MathDouble.c,103 :: 		
L_end_float_normalize_and_pack:
0x02DE	0x9508    	RET
; end of _float_normalize_and_pack
_float_tstr16_r19:
;__Lib_MathDouble.c,17 :: 		
;__Lib_MathDouble.c,19 :: 		
0x0210	0x2300    	TST        R16
;__Lib_MathDouble.c,20 :: 		
0x0212	0xF429    	BRNE       L015C
;__Lib_MathDouble.c,21 :: 		
0x0214	0x2311    	TST        R17
;__Lib_MathDouble.c,22 :: 		
0x0216	0xF419    	BRNE       L015C
;__Lib_MathDouble.c,23 :: 		
0x0218	0x2322    	TST        R18
;__Lib_MathDouble.c,24 :: 		
0x021A	0xF409    	BRNE       L015C
;__Lib_MathDouble.c,25 :: 		
0x021C	0x2333    	TST        R19
;__Lib_MathDouble.c,26 :: 		
L015C:
;__Lib_MathDouble.c,28 :: 		
L_end_float_tstr16_r19:
0x021E	0x9508    	RET
; end of _float_tstr16_r19
_float_pack:
;__Lib_MathDouble.c,30 :: 		
;__Lib_MathDouble.c,31 :: 		
0x01FC	0xD009    	RCALL      _float_tstr16_r19+0
;__Lib_MathDouble.c,33 :: 		
0x01FE	0xF039    	BREQ       L01A7
;__Lib_MathDouble.c,34 :: 		
0x0200	0x5841    	SUBI       R20, 129
;__Lib_MathDouble.c,35 :: 		
0x0202	0x4F5F    	SBCI       R21, 255
;__Lib_MathDouble.c,36 :: 		
0x0204	0x2F34    	MOV        R19, R20
;__Lib_MathDouble.c,37 :: 		
0x0206	0x0F22    	LSL        R18
;__Lib_MathDouble.c,38 :: 		
0x0208	0x9536    	LSR        R19
;__Lib_MathDouble.c,39 :: 		
0x020A	0x9527    	ROR        R18
;__Lib_MathDouble.c,40 :: 		
0x020C	0x2B36    	OR         R19, R22
;__Lib_MathDouble.c,41 :: 		
L01A7:
;__Lib_MathDouble.c,43 :: 		
L_end_float_pack:
0x020E	0x9508    	RET
; end of _float_pack
_float_fpmul1:
;__Lib_MathDouble.c,483 :: 		
;__Lib_MathDouble.c,485 :: 		
0x0A60	0x2E04    	MOV        R0, R20
;__Lib_MathDouble.c,486 :: 		
0x0A62	0x2E15    	MOV        R1, R21
;__Lib_MathDouble.c,487 :: 		
0x0A64	0x2E26    	MOV        R2, R22
;__Lib_MathDouble.c,488 :: 		
0x0A66	0x2E37    	MOV        R3, R23
;__Lib_MathDouble.c,490 :: 		
0x0A68	0xDCA6    	RCALL      _float_fpmul+0
;__Lib_MathDouble.c,492 :: 		
0x0A6A	0x2E00    	MOV        R0, R16
;__Lib_MathDouble.c,493 :: 		
0x0A6C	0x2E11    	MOV        R1, R17
;__Lib_MathDouble.c,494 :: 		
0x0A6E	0x2E22    	MOV        R2, R18
;__Lib_MathDouble.c,495 :: 		
0x0A70	0x2E33    	MOV        R3, R19
;__Lib_MathDouble.c,497 :: 		
L_end_float_fpmul1:
0x0A72	0x9508    	RET
; end of _float_fpmul1
_float_fpmul:
;__Lib_MathDouble.c,407 :: 		
;__Lib_MathDouble.c,408 :: 		
0x03B6	0xDF43    	RCALL      _float_unpacku+0
;__Lib_MathDouble.c,410 :: 		
0x03B8	0xF181    	BREQ       L0097
;__Lib_MathDouble.c,411 :: 		
0x03BA	0x2EE6    	MOV        R14, R22
;__Lib_MathDouble.c,412 :: 		
0x03BC	0x2ED5    	MOV        R13, R21
;__Lib_MathDouble.c,413 :: 		
0x03BE	0x2EC4    	MOV        R12, R20
;__Lib_MathDouble.c,414 :: 		
0x03C0	0x2EB3    	MOV        R11, R19
;__Lib_MathDouble.c,415 :: 		
0x03C2	0x2EA2    	MOV        R10, R18
;__Lib_MathDouble.c,416 :: 		
0x03C4	0x2E91    	MOV        R9, R17
;__Lib_MathDouble.c,417 :: 		
0x03C6	0x2E80    	MOV        R8, R16
;__Lib_MathDouble.c,418 :: 		
0x03C8	0x2D00    	MOV        R16, R0
;__Lib_MathDouble.c,419 :: 		
0x03CA	0x2D11    	MOV        R17, R1
;__Lib_MathDouble.c,420 :: 		
0x03CC	0x2D22    	MOV        R18, R2
;__Lib_MathDouble.c,421 :: 		
0x03CE	0x2D33    	MOV        R19, R3
;__Lib_MathDouble.c,423 :: 		
0x03D0	0xDF36    	RCALL      _float_unpacku+0
;__Lib_MathDouble.c,425 :: 		
0x03D2	0xF119    	BREQ       L0097
;__Lib_MathDouble.c,426 :: 		
0x03D4	0x256E    	EOR        R22, R14
;__Lib_MathDouble.c,427 :: 		
0x03D6	0x0D4C    	ADD        R20, R12
;__Lib_MathDouble.c,428 :: 		
0x03D8	0x1D5D    	ADC        R21, R13
;__Lib_MathDouble.c,429 :: 		
0x03DA	0x3840    	CPI        R20, 128
;__Lib_MathDouble.c,430 :: 		
0x03DC	0x0753    	CPC        R21, R19
;__Lib_MathDouble.c,431 :: 		
0x03DE	0xF4F4    	BRGE       L009B
;__Lib_MathDouble.c,432 :: 		
0x03E0	0x3841    	CPI        R20, 129
;__Lib_MathDouble.c,433 :: 		
0x03E2	0xEF7F    	LDI        R23, 255
;__Lib_MathDouble.c,434 :: 		
0x03E4	0x0757    	CPC        R21, R23
;__Lib_MathDouble.c,435 :: 		
0x03E6	0xF0FC    	BRLT       L00A0mul
;__Lib_MathDouble.c,436 :: 		
0x03E8	0x2788    	CLR        R24
;__Lib_MathDouble.c,437 :: 		
0x03EA	0x2799    	CLR        R25
;__Lib_MathDouble.c,438 :: 		
0x03EC	0x27AA    	CLR        R26
;__Lib_MathDouble.c,439 :: 		
0x03EE	0x27BB    	CLR        R27
;__Lib_MathDouble.c,440 :: 		
0x03F0	0xE270    	LDI        R23, 32
;__Lib_MathDouble.c,441 :: 		
L0083:
;__Lib_MathDouble.c,442 :: 		
0x03F2	0x95B6    	LSR        R27
;__Lib_MathDouble.c,443 :: 		
0x03F4	0x95A7    	ROR        R26
;__Lib_MathDouble.c,444 :: 		
0x03F6	0x9597    	ROR        R25
;__Lib_MathDouble.c,445 :: 		
0x03F8	0x9587    	ROR        R24
;__Lib_MathDouble.c,446 :: 		
0x03FA	0x9537    	ROR        R19
;__Lib_MathDouble.c,447 :: 		
0x03FC	0x9527    	ROR        R18
;__Lib_MathDouble.c,448 :: 		
0x03FE	0x9517    	ROR        R17
;__Lib_MathDouble.c,449 :: 		
0x0400	0x9507    	ROR        R16
;__Lib_MathDouble.c,450 :: 		
0x0402	0xF420    	BRCC       L0090
;__Lib_MathDouble.c,451 :: 		
0x0404	0x0D88    	ADD        R24, R8
;__Lib_MathDouble.c,452 :: 		
0x0406	0x1D99    	ADC        R25, R9
;__Lib_MathDouble.c,453 :: 		
0x0408	0x1DAA    	ADC        R26, R10
;__Lib_MathDouble.c,454 :: 		
0x040A	0x1DBB    	ADC        R27, R11
;__Lib_MathDouble.c,455 :: 		
L0090:
;__Lib_MathDouble.c,456 :: 		
0x040C	0x957A    	DEC        R23
;__Lib_MathDouble.c,457 :: 		
0x040E	0xF789    	BRNE       L0083
;__Lib_MathDouble.c,458 :: 		
0x0410	0x2F03    	MOV        R16, R19
;__Lib_MathDouble.c,459 :: 		
0x0412	0x2F3A    	MOV        R19, R26
;__Lib_MathDouble.c,460 :: 		
0x0414	0x2F29    	MOV        R18, R25
;__Lib_MathDouble.c,461 :: 		
0x0416	0x2F18    	MOV        R17, R24
;__Lib_MathDouble.c,463 :: 		
0x0418	0xDF35    	RCALL      _float_normalize_and_pack+0
;__Lib_MathDouble.c,465 :: 		
L0097:
;__Lib_MathDouble.c,466 :: 		
0x041A	0xC00A    	RJMP       L00A0x
;__Lib_MathDouble.c,467 :: 		
L009B:
;__Lib_MathDouble.c,468 :: 		
0x041C	0xEF0F    	LDI        R16, 255
;__Lib_MathDouble.c,469 :: 		
0x041E	0x2F10    	MOV        R17, R16
;__Lib_MathDouble.c,470 :: 		
0x0420	0xE72F    	LDI        R18, 127
;__Lib_MathDouble.c,471 :: 		
0x0422	0xE73F    	LDI        R19, 127
;__Lib_MathDouble.c,472 :: 		
0x0424	0xCFFA    	RJMP       L0097
;__Lib_MathDouble.c,473 :: 		
L00A0mul:
;__Lib_MathDouble.c,474 :: 		
0x0426	0x2700    	CLR        R16
;__Lib_MathDouble.c,475 :: 		
0x0428	0x2F10    	MOV        R17, R16
;__Lib_MathDouble.c,476 :: 		
0x042A	0x2F20    	MOV        R18, R16
;__Lib_MathDouble.c,477 :: 		
0x042C	0x2F30    	MOV        R19, R16
;__Lib_MathDouble.c,478 :: 		
0x042E	0xCFF5    	RJMP       L0097
;__Lib_MathDouble.c,479 :: 		
L00A0x:
;__Lib_MathDouble.c,481 :: 		
L_end_float_fpmul:
0x0430	0x9508    	RET
; end of _float_fpmul
_float_unpacku:
;__Lib_MathDouble.c,148 :: 		
;__Lib_MathDouble.c,149 :: 		
0x023E	0xDFE8    	RCALL      _float_tstr16_r19+0
;__Lib_MathDouble.c,151 :: 		
0x0240	0xF079    	BREQ       L016E
;__Lib_MathDouble.c,152 :: 		
0x0242	0x2F63    	MOV        R22, R19
;__Lib_MathDouble.c,153 :: 		
0x0244	0x7860    	ANDI       R22, 128
;__Lib_MathDouble.c,154 :: 		
0x0246	0x0F22    	LSL        R18
;__Lib_MathDouble.c,155 :: 		
0x0248	0x1F33    	ROL        R19
;__Lib_MathDouble.c,156 :: 		
0x024A	0x2F43    	MOV        R20, R19
;__Lib_MathDouble.c,157 :: 		
0x024C	0xE75F    	LDI        R21, 127
;__Lib_MathDouble.c,158 :: 		
0x024E	0x1B45    	SUB        R20, R21
;__Lib_MathDouble.c,159 :: 		
0x0250	0x2755    	CLR        R21
;__Lib_MathDouble.c,160 :: 		
0x0252	0x4050    	SBCI       R21, 0
;__Lib_MathDouble.c,161 :: 		
0x0254	0x9526    	LSR        R18
;__Lib_MathDouble.c,162 :: 		
0x0256	0xE830    	LDI        R19, 128
;__Lib_MathDouble.c,163 :: 		
0x0258	0x2B23    	OR         R18, R19
;__Lib_MathDouble.c,164 :: 		
0x025A	0x2733    	CLR        R19
;__Lib_MathDouble.c,165 :: 		
0x025C	0x9498    	CLZ
;__Lib_MathDouble.c,166 :: 		
0x025E	0xC003    	RJMP       L016Ex
;__Lib_MathDouble.c,167 :: 		
L016E:
;__Lib_MathDouble.c,168 :: 		
0x0260	0x2744    	CLR        R20
;__Lib_MathDouble.c,169 :: 		
0x0262	0x2755    	CLR        R21
;__Lib_MathDouble.c,170 :: 		
0x0264	0x2766    	CLR        R22
;__Lib_MathDouble.c,171 :: 		
L016Ex:
;__Lib_MathDouble.c,173 :: 		
L_end_float_unpacku:
0x0266	0x9508    	RET
; end of _float_unpacku
_float_fpdiv1:
;__Lib_MathDouble.c,616 :: 		
;__Lib_MathDouble.c,618 :: 		
0x0A4C	0x2E04    	MOV        R0, R20
;__Lib_MathDouble.c,619 :: 		
0x0A4E	0x2E15    	MOV        R1, R21
;__Lib_MathDouble.c,620 :: 		
0x0A50	0x2E26    	MOV        R2, R22
;__Lib_MathDouble.c,621 :: 		
0x0A52	0x2E37    	MOV        R3, R23
;__Lib_MathDouble.c,623 :: 		
0x0A54	0xDDA9    	RCALL      _float_fpdiv+0
;__Lib_MathDouble.c,625 :: 		
0x0A56	0x2E00    	MOV        R0, R16
;__Lib_MathDouble.c,626 :: 		
0x0A58	0x2E11    	MOV        R1, R17
;__Lib_MathDouble.c,627 :: 		
0x0A5A	0x2E22    	MOV        R2, R18
;__Lib_MathDouble.c,628 :: 		
0x0A5C	0x2E33    	MOV        R3, R19
;__Lib_MathDouble.c,630 :: 		
L_end_float_fpdiv1:
0x0A5E	0x9508    	RET
; end of _float_fpdiv1
_float_fpdiv:
;__Lib_MathDouble.c,499 :: 		
;__Lib_MathDouble.c,501 :: 		
0x05A8	0x933F    	PUSH       R19
;__Lib_MathDouble.c,502 :: 		
0x05AA	0x932F    	PUSH       R18
;__Lib_MathDouble.c,503 :: 		
0x05AC	0x931F    	PUSH       R17
;__Lib_MathDouble.c,504 :: 		
0x05AE	0x930F    	PUSH       R16
;__Lib_MathDouble.c,505 :: 		
0x05B0	0x2D00    	MOV        R16, R0
;__Lib_MathDouble.c,506 :: 		
0x05B2	0x2D11    	MOV        R17, R1
;__Lib_MathDouble.c,507 :: 		
0x05B4	0x2D22    	MOV        R18, R2
;__Lib_MathDouble.c,508 :: 		
0x05B6	0x2D33    	MOV        R19, R3
;__Lib_MathDouble.c,510 :: 		
0x05B8	0xDE42    	RCALL      _float_unpacku+0
;__Lib_MathDouble.c,512 :: 		
0x05BA	0xF409    	BRNE       L0072div
;__Lib_MathDouble.c,513 :: 		
0x05BC	0xC04B    	RJMP       L00C2
;__Lib_MathDouble.c,514 :: 		
L0072div:
;__Lib_MathDouble.c,515 :: 		
0x05BE	0x2EE6    	MOV        R14, R22
;__Lib_MathDouble.c,516 :: 		
0x05C0	0x2ED5    	MOV        R13, R21
;__Lib_MathDouble.c,517 :: 		
0x05C2	0x2EC4    	MOV        R12, R20
;__Lib_MathDouble.c,518 :: 		
0x05C4	0x2EB3    	MOV        R11, R19
;__Lib_MathDouble.c,519 :: 		
0x05C6	0x2EA2    	MOV        R10, R18
;__Lib_MathDouble.c,520 :: 		
0x05C8	0x2E91    	MOV        R9, R17
;__Lib_MathDouble.c,521 :: 		
0x05CA	0x2E80    	MOV        R8, R16
;__Lib_MathDouble.c,522 :: 		
0x05CC	0x910F    	POP        R16
;__Lib_MathDouble.c,523 :: 		
0x05CE	0x911F    	POP        R17
;__Lib_MathDouble.c,524 :: 		
0x05D0	0x912F    	POP        R18
;__Lib_MathDouble.c,525 :: 		
0x05D2	0x913F    	POP        R19
;__Lib_MathDouble.c,528 :: 		
0x05D4	0xDE34    	RCALL      _float_unpacku+0
;__Lib_MathDouble.c,530 :: 		
0x05D6	0xF161    	BREQ       L00AB
;__Lib_MathDouble.c,531 :: 		
0x05D8	0x256E    	EOR        R22, R14
;__Lib_MathDouble.c,532 :: 		
0x05DA	0x194C    	SUB        R20, R12
;__Lib_MathDouble.c,533 :: 		
0x05DC	0x095D    	SBC        R21, R13
;__Lib_MathDouble.c,534 :: 		
0x05DE	0x3840    	CPI        R20, 128
;__Lib_MathDouble.c,535 :: 		
0x05E0	0x0753    	CPC        R21, R19
;__Lib_MathDouble.c,536 :: 		
0x05E2	0xF53C    	BRGE       L00B1
;__Lib_MathDouble.c,537 :: 		
0x05E4	0x3841    	CPI        R20, 129
;__Lib_MathDouble.c,538 :: 		
0x05E6	0xEF7F    	LDI        R23, 255
;__Lib_MathDouble.c,539 :: 		
0x05E8	0x0757    	CPC        R21, R23
;__Lib_MathDouble.c,540 :: 		
0x05EA	0xF17C    	BRLT       L00BD
;__Lib_MathDouble.c,541 :: 		
0x05EC	0xE280    	LDI        R24, 32
;__Lib_MathDouble.c,542 :: 		
0x05EE	0x2477    	CLR        R7
;__Lib_MathDouble.c,543 :: 		
0x05F0	0x2E63    	MOV        R6, R19
;__Lib_MathDouble.c,544 :: 		
0x05F2	0x2E52    	MOV        R5, R18
;__Lib_MathDouble.c,545 :: 		
0x05F4	0x2E41    	MOV        R4, R17
;__Lib_MathDouble.c,546 :: 		
0x05F6	0x2F30    	MOV        R19, R16
;__Lib_MathDouble.c,547 :: 		
0x05F8	0x2722    	CLR        R18
;__Lib_MathDouble.c,548 :: 		
0x05FA	0x2711    	CLR        R17
;__Lib_MathDouble.c,549 :: 		
0x05FC	0x2700    	CLR        R16
;__Lib_MathDouble.c,550 :: 		
L0092:
;__Lib_MathDouble.c,551 :: 		
0x05FE	0x0F00    	LSL        R16
;__Lib_MathDouble.c,552 :: 		
0x0600	0x1F11    	ROL        R17
;__Lib_MathDouble.c,553 :: 		
0x0602	0x1F22    	ROL        R18
;__Lib_MathDouble.c,554 :: 		
0x0604	0x1F33    	ROL        R19
;__Lib_MathDouble.c,555 :: 		
0x0606	0x1C44    	ROL        R4
;__Lib_MathDouble.c,556 :: 		
0x0608	0x1C55    	ROL        R5
;__Lib_MathDouble.c,557 :: 		
0x060A	0x1C66    	ROL        R6
;__Lib_MathDouble.c,558 :: 		
0x060C	0x1C77    	ROL        R7
;__Lib_MathDouble.c,559 :: 		
0x060E	0xF028    	BRCS       L00A0div
;__Lib_MathDouble.c,560 :: 		
0x0610	0x1848    	SUB        R4, R8
;__Lib_MathDouble.c,561 :: 		
0x0612	0x0859    	SBC        R5, R9
;__Lib_MathDouble.c,562 :: 		
0x0614	0x086A    	SBC        R6, R10
;__Lib_MathDouble.c,563 :: 		
0x0616	0x087B    	SBC        R7, R11
;__Lib_MathDouble.c,564 :: 		
0x0618	0xC004    	RJMP       L00A4
;__Lib_MathDouble.c,565 :: 		
L00A0div:
;__Lib_MathDouble.c,566 :: 		
0x061A	0x0C48    	ADD        R4, R8
;__Lib_MathDouble.c,567 :: 		
0x061C	0x1C59    	ADC        R5, R9
;__Lib_MathDouble.c,568 :: 		
0x061E	0x1C6A    	ADC        R6, R10
;__Lib_MathDouble.c,569 :: 		
0x0620	0x1C7B    	ADC        R7, R11
;__Lib_MathDouble.c,570 :: 		
L00A4:
;__Lib_MathDouble.c,571 :: 		
0x0622	0xF00A    	BRMI       L00A6
;__Lib_MathDouble.c,572 :: 		
0x0624	0x6001    	ORI        R16, 1
;__Lib_MathDouble.c,573 :: 		
L00A6:
;__Lib_MathDouble.c,574 :: 		
0x0626	0x958A    	DEC        R24
;__Lib_MathDouble.c,575 :: 		
0x0628	0xF751    	BRNE       L0092
;__Lib_MathDouble.c,576 :: 		
0x062A	0x5041    	SUBI       R20, 1
;__Lib_MathDouble.c,577 :: 		
0x062C	0x4050    	SBCI       R21, 0
;__Lib_MathDouble.c,579 :: 		
0x062E	0xDE2A    	RCALL      _float_normalize_and_pack+0
;__Lib_MathDouble.c,581 :: 		
L00AB:
;__Lib_MathDouble.c,582 :: 		
0x0630	0xC016    	RJMP       L00C2x
;__Lib_MathDouble.c,583 :: 		
L00B1:
;__Lib_MathDouble.c,584 :: 		
0x0632	0xEF0F    	LDI        R16, 255
;__Lib_MathDouble.c,585 :: 		
0x0634	0x2F10    	MOV        R17, R16
;__Lib_MathDouble.c,586 :: 		
0x0636	0xE72F    	LDI        R18, 127
;__Lib_MathDouble.c,587 :: 		
0x0638	0xE73F    	LDI        R19, 127
;__Lib_MathDouble.c,588 :: 		
0x063A	0x2366    	TST        R22
;__Lib_MathDouble.c,589 :: 		
0x063C	0xF3C9    	BREQ       L00AB
;__Lib_MathDouble.c,591 :: 		
0x063E	0xDDE8    	RCALL      _float_tstr16_r19+0
;__Lib_MathDouble.c,593 :: 		
0x0640	0xF3B9    	BREQ       L00AB
;__Lib_MathDouble.c,594 :: 		
0x0642	0x2D34    	MOV        R19, R4
;__Lib_MathDouble.c,595 :: 		
0x0644	0xE830    	LDI        R19, 128
;__Lib_MathDouble.c,596 :: 		
0x0646	0x2534    	EOR        R19, R4
;__Lib_MathDouble.c,597 :: 		
0x0648	0xCFF3    	RJMP       L00AB
;__Lib_MathDouble.c,598 :: 		
L00BD:
;__Lib_MathDouble.c,599 :: 		
0x064A	0x2700    	CLR        R16
;__Lib_MathDouble.c,600 :: 		
0x064C	0x2F10    	MOV        R17, R16
;__Lib_MathDouble.c,601 :: 		
0x064E	0x2F20    	MOV        R18, R16
;__Lib_MathDouble.c,602 :: 		
0x0650	0x2F30    	MOV        R19, R16
;__Lib_MathDouble.c,603 :: 		
0x0652	0xCFEE    	RJMP       L00AB
;__Lib_MathDouble.c,604 :: 		
L00C2:
;__Lib_MathDouble.c,606 :: 		
0x0654	0x900F    	POP        R0
;__Lib_MathDouble.c,607 :: 		
0x0656	0x900F    	POP        R0
;__Lib_MathDouble.c,608 :: 		
0x0658	0x900F    	POP        R0
;__Lib_MathDouble.c,609 :: 		
0x065A	0x900F    	POP        R0
;__Lib_MathDouble.c,610 :: 		
0x065C	0xCFEA    	RJMP       L00B1
;__Lib_MathDouble.c,612 :: 		
L00C2x:
;__Lib_MathDouble.c,614 :: 		
L_end_float_fpdiv:
0x065E	0x9508    	RET
; end of _float_fpdiv
_float_fpint:
;__Lib_MathDouble.c,190 :: 		
;__Lib_MathDouble.c,191 :: 		
0x0A04	0xDC1C    	RCALL      _float_unpacku+0
;__Lib_MathDouble.c,193 :: 		
0x0A06	0xF0F1    	BREQ       L0077
;__Lib_MathDouble.c,194 :: 		
0x0A08	0x2355    	TST        R21
;__Lib_MathDouble.c,195 :: 		
0x0A0A	0xF0C2    	BRMI       L0073
;__Lib_MathDouble.c,196 :: 		
0x0A0C	0x314F    	CPI        R20, 31
;__Lib_MathDouble.c,197 :: 		
0x0A0E	0xF4A8    	BRCC       L0072int
;__Lib_MathDouble.c,198 :: 		
0x0A10	0x3147    	CPI        R20, 23
;__Lib_MathDouble.c,199 :: 		
0x0A12	0xF0C1    	BREQ       L0077
;__Lib_MathDouble.c,200 :: 		
0x0A14	0xF450    	BRCC       L006A
;__Lib_MathDouble.c,201 :: 		
0x0A16	0x9541    	NEG        R20
;__Lib_MathDouble.c,202 :: 		
0x0A18	0x5E49    	SUBI       R20, 233
;__Lib_MathDouble.c,203 :: 		
0x0A1A	0xC005    	RJMP       L0068
;__Lib_MathDouble.c,204 :: 		
L0063:
;__Lib_MathDouble.c,205 :: 		
0x0A1C	0x9535    	ASR        R19
;__Lib_MathDouble.c,206 :: 		
0x0A1E	0x9527    	ROR        R18
;__Lib_MathDouble.c,207 :: 		
0x0A20	0x9517    	ROR        R17
;__Lib_MathDouble.c,208 :: 		
0x0A22	0x9507    	ROR        R16
;__Lib_MathDouble.c,209 :: 		
0x0A24	0x954A    	DEC        R20
;__Lib_MathDouble.c,210 :: 		
L0068:
;__Lib_MathDouble.c,211 :: 		
0x0A26	0xF7D1    	BRNE       L0063
;__Lib_MathDouble.c,212 :: 		
0x0A28	0xC00D    	RJMP       L0077
;__Lib_MathDouble.c,213 :: 		
L006A:
;__Lib_MathDouble.c,214 :: 		
0x0A2A	0x5147    	SUBI       R20, 23
;__Lib_MathDouble.c,215 :: 		
L006B:
;__Lib_MathDouble.c,216 :: 		
0x0A2C	0x0F00    	LSL        R16
;__Lib_MathDouble.c,217 :: 		
0x0A2E	0x1F11    	ROL        R17
;__Lib_MathDouble.c,218 :: 		
0x0A30	0x1F22    	ROL        R18
;__Lib_MathDouble.c,219 :: 		
0x0A32	0x1F33    	ROL        R19
;__Lib_MathDouble.c,220 :: 		
0x0A34	0x954A    	DEC        R20
;__Lib_MathDouble.c,221 :: 		
0x0A36	0xF7D1    	BRNE       L006B
;__Lib_MathDouble.c,222 :: 		
0x0A38	0xC005    	RJMP       L0077
;__Lib_MathDouble.c,223 :: 		
L0072int:
;__Lib_MathDouble.c,224 :: 		
0x0A3A	0xE73F    	LDI        R19, 127
;__Lib_MathDouble.c,225 :: 		
L0073:
;__Lib_MathDouble.c,226 :: 		
0x0A3C	0x2F23    	MOV        R18, R19
;__Lib_MathDouble.c,227 :: 		
0x0A3E	0x2F13    	MOV        R17, R19
;__Lib_MathDouble.c,228 :: 		
0x0A40	0x2F03    	MOV        R16, R19
;__Lib_MathDouble.c,229 :: 		
0x0A42	0xC003    	RJMP       L007A
;__Lib_MathDouble.c,230 :: 		
L0077:
;__Lib_MathDouble.c,231 :: 		
0x0A44	0x2366    	TST        R22
;__Lib_MathDouble.c,232 :: 		
0x0A46	0xF009    	BREQ       L007A
;__Lib_MathDouble.c,234 :: 		
0x0A48	0xDC14    	RCALL      _float_neg32+0
;__Lib_MathDouble.c,236 :: 		
L007A:
;__Lib_MathDouble.c,238 :: 		
L_end_float_fpint:
0x0A4A	0x9508    	RET
; end of _float_fpint
0x0D6C	0xE0A0    	LDI        R26, 0
0x0D6E	0xE2B0    	LDI        R27, 32
0x0D70	0xE6EA    	LDI        R30, 106
0x0D72	0xE0FD    	LDI        R31, 13
0x0D74	0xE082    	LDI        R24, 2
0x0D76	0xE090    	LDI        R25, 0
0x0D78	0x05BD940E  	CALL       ___CC2DW
0x0D7C	0x9508    	RET
;ADC3.c,0 :: ?ICS_offset
0x0D6A	0x0000 ;?ICS_offset+0
; end of ?ICS_offset
;ADC3.c,0 :: ?ICS?lstr1_ADC3
0x0D60	0x3A56 ;?ICS?lstr1_ADC3+0
0x0D62	0x00 ;?ICS?lstr1_ADC3+2
; end of ?ICS?lstr1_ADC3
;ADC3.c,0 :: ?ICS?lstr2_ADC3
0x0D63	0x4441 ;?ICS?lstr2_ADC3+0
0x0D65	0x3A43 ;?ICS?lstr2_ADC3+2
0x0D67	0x00 ;?ICS?lstr2_ADC3+4
; end of ?ICS?lstr2_ADC3
;ADC3.c,0 :: ?ICSmain_adc_L0
0x0D68	0x0000 ;?ICSmain_adc_L0+0
; end of ?ICSmain_adc_L0
Symbol List:
//** Routines locations **
//ADDRESS    SIZE    PROCEDURE
//----------------------------------------------
0x00FE      [10]    _float_pack
0x0108       [8]    _float_tstr16_r19
0x0110       [9]    _Delay_5500us
0x0119       [6]    _Delay_1us
0x011F      [21]    _float_unpacku
0x0134       [5]    _Delay_50us
0x0139       [9]    _float_neg32
0x0142      [46]    _float_normalize_and_pack
0x0170      [65]    _Div_32x32_S
0x01B1      [42]    _Div_16x16_S
0x01DB      [62]    _float_fpmul
0x0219       [8]    _HWMul_16x16
0x0221      [10]    _float_long2fp
0x022B      [34]    _ADCA_read_ext_pins
0x024D     [135]    _adc_setup
0x02D4      [92]    _float_fpdiv
0x0330      [55]    _clock_setup
0x0367      [22]    _io_setup
0x037D      [12]    _Lcd_Chr_CP
0x0389      [98]    _Lcd_Cmd
0x03EB     [279]    _Lcd_Init
0x0502      [36]    _float_fpint
0x0526      [10]    _float_fpdiv1
0x0530      [10]    _float_fpmul1
0x053A      [44]    _adc_avg
0x0566      [71]    _Lcd_Out
0x05AD      [13]    _setup
0x05BA       [3]    _float_slong2fp
0x05BD       [5]    ___CC2DW
0x05C2     [131]    _lcd_print
0x0645     [107]    _main
//** Variables locations ** 
//ADDRESS    SIZE    VARIABLE
//----------------------------------------------
0x0000       [0]    BLBAT1_LOCKBIT_LOCKBITS_bit
0x0000       [0]    BLBB0_LOCKBIT_LOCKBITS_bit
0x0000       [0]    BLBB1_LOCKBIT_LOCKBITS_bit
0x0000       [1]    PROD_SIGNATURES_RCOSC2M
0x0000       [1]    GPIO_GPIOR0
0x0000       [1]    Delay_Cyc_loc_L0
0x0000       [0]    LB0_LOCKBIT_LOCKBITS_bit
0x0000       [1]    LOCKBIT_LOCKBITS
0x0000       [1]    R0
0x0000       [0]    LB1_LOCKBIT_LOCKBITS_bit
0x0000       [0]    BLBA0_LOCKBIT_LOCKBITS_bit
0x0000       [0]    BLBA1_LOCKBIT_LOCKBITS_bit
0x0000       [0]    BLBAT0_LOCKBIT_LOCKBITS_bit
0x0001       [0]    WDP2_bit
0x0001       [1]    R1
0x0001       [0]    WDWP1_bit
0x0001       [0]    WDWP3_bit
0x0001       [0]    WDWP2_bit
0x0001       [1]    FUSE_FUSEBYTE1
0x0001       [1]    PROD_SIGNATURES_RCOSC2MA
0x0001       [0]    WDWP0_bit
0x0001       [1]    GPIO_GPIOR1
0x0001       [0]    WDP0_bit
0x0001       [0]    WDP1_bit
0x0001       [0]    WDP3_bit
0x0002       [0]    BODPD0_bit
0x0002       [1]    GPIO_GPIOR2
0x0002       [1]    FUSE_FUSEBYTE2
0x0002       [0]    BOOTRST_bit
0x0002       [0]    BODPD1_bit
0x0002       [0]    TOSCSEL_bit
0x0002       [1]    FARG_Lcd_Out_row
0x0002       [1]    FARG_Lcd_Chr_CP_out_char
0x0002       [1]    FARG_Lcd_Cmd_out_char
0x0002       [1]    FARG_ADCA_read_ext_pins_pin
0x0002       [1]    FARG_Lcd_Chr_row
0x0002       [1]    FARG_adc_avg_no_of_samples
0x0002       [2]    FARG_Lcd_Out_CP_text
0x0002       [1]    PROD_SIGNATURES_RCOSC32K
0x0002       [2]    FARG_VDelay_Advanced_ms_Time_ms
0x0002       [2]    FARG_VDelay_ms_Time_ms
0x0002       [1]    R2
0x0002       [1]    FARG_lcd_print_x_pos
0x0002       [1]    FARG_Delay_Cyc_cycles_div_by_10
0x0003       [1]    FARG_Lcd_Chr_column
0x0003       [1]    FARG_Lcd_Out_column
0x0003       [1]    PROD_SIGNATURES_RCOSC32M
0x0003       [1]    R3
0x0003       [1]    FARG_adc_avg_pin
0x0003       [1]    FARG_lcd_print_y_pos
0x0003       [1]    GPIO_GPIOR3
0x0004       [0]    SUT1_bit
0x0004       [2]    FARG_VDelay_Advanced_ms_Current_Fosc_kHz
0x0004       [1]    GPIO_GPIOR4
0x0004       [0]    RSTDISBL_bit
0x0004       [1]    FARG_Lcd_Chr_out_char
0x0004       [0]    SUT0_bit
0x0004       [2]    FARG_Lcd_Out_text
0x0004       [1]    PROD_SIGNATURES_RCOSC32MA
0x0004       [2]    FARG_lcd_print_value
0x0004       [1]    FUSE_FUSEBYTE4
0x0004       [0]    WDLOCK_bit
0x0004       [1]    R4
0x0005       [0]    BODLVL2_bit
0x0005       [0]    BODACT0_bit
0x0005       [0]    EESAVE_bit
0x0005       [1]    GPIO_GPIOR5
0x0005       [1]    FUSE_FUSEBYTE5
0x0005       [0]    BODLVL1_bit
0x0005       [0]    BODLVL0_bit
0x0005       [0]    BODACT1_bit
0x0005       [1]    R5
0x0006       [1]    FARG_lcd_print_cnt_volt
0x0006       [1]    GPIO_GPIOR6
0x0006       [1]    R6
0x0007       [1]    R7
0x0007       [1]    GPIO_GPIOR7
0x0008       [1]    PROD_SIGNATURES_LOTNUM0
0x0008       [1]    R8
0x0008       [1]    GPIO_GPIOR8
0x0009       [1]    GPIO_GPIOR9
0x0009       [1]    R9
0x0009       [1]    PROD_SIGNATURES_LOTNUM1
0x000A       [1]    GPIO_GPIORA
0x000A       [1]    R10
0x000A       [1]    PROD_SIGNATURES_LOTNUM2
0x000B       [1]    R11
0x000B       [1]    GPIO_GPIORB
0x000B       [1]    PROD_SIGNATURES_LOTNUM3
0x000C       [1]    GPIO_GPIORC
0x000C       [1]    PROD_SIGNATURES_LOTNUM4
0x000C       [1]    R12
0x000D       [1]    PROD_SIGNATURES_LOTNUM5
0x000D       [1]    R13
0x000D       [1]    GPIO_GPIORD
0x000E       [1]    R14
0x000E       [1]    GPIO_GPIORE
0x000F       [1]    GPIO_GPIORF
0x000F       [1]    R15
0x0010       [1]    R16
0x0010       [1]    PROD_SIGNATURES_WAFNUM
0x0010       [1]    VPORT0_DIR
0x0011       [1]    R17
0x0011       [1]    VPORT0_OUT
0x0012       [1]    PROD_SIGNATURES_COORDX0
0x0012       [1]    R18
0x0012       [1]    VPORT0_IN
0x0013       [0]    INT0IF_bit
0x0013       [1]    VPORT0_INTFLAGS
0x0013       [1]    PROD_SIGNATURES_COORDX1
0x0013       [1]    R19
0x0013       [0]    INT1IF_bit
0x0014       [1]    R20
0x0014       [1]    PROD_SIGNATURES_COORDY0
0x0014       [1]    VPORT1_DIR
0x0015       [1]    PROD_SIGNATURES_COORDY1
0x0015       [1]    VPORT1_OUT
0x0015       [1]    R21
0x0016       [1]    R22
0x0016       [1]    VPORT1_IN
0x0017       [1]    VPORT1_INTFLAGS
0x0017       [1]    R23
0x0017       [0]    INT0IF_VPORT1_INTFLAGS_bit
0x0017       [0]    INT1IF_VPORT1_INTFLAGS_bit
0x0018       [1]    VPORT2_DIR
0x0018       [1]    R24
0x0019       [1]    VPORT2_OUT
0x0019       [1]    R25
0x001A       [1]    VPORT2_IN
0x001A       [1]    XL
0x001A       [1]    PROD_SIGNATURES_USBCAL0
0x001A       [2]    X
0x001A       [1]    R26
0x001B       [0]    INT0IF_VPORT2_INTFLAGS_bit
0x001B       [1]    PROD_SIGNATURES_USBCAL1
0x001B       [1]    R27
0x001B       [1]    VPORT2_INTFLAGS
0x001B       [0]    INT1IF_VPORT2_INTFLAGS_bit
0x001B       [1]    XH
0x001C       [1]    YL
0x001C       [1]    R28
0x001C       [1]    PROD_SIGNATURES_USBRCOSC
0x001C       [2]    Y
0x001C       [1]    VPORT3_DIR
0x001D       [1]    VPORT3_OUT
0x001D       [1]    YH
0x001D       [1]    R29
0x001D       [1]    PROD_SIGNATURES_USBRCOSCA
0x001E       [1]    ZL
0x001E       [2]    Z
0x001E       [1]    R30
0x001E       [1]    VPORT3_IN
0x001F       [0]    INT0IF_VPORT3_INTFLAGS_bit
0x001F       [0]    INT1IF_VPORT3_INTFLAGS_bit
0x001F       [1]    VPORT3_INTFLAGS
0x001F       [1]    R31
0x001F       [1]    ZH
0x0020       [1]    PROD_SIGNATURES_ADCACAL0
0x0021       [1]    PROD_SIGNATURES_ADCACAL1
0x0024       [1]    PROD_SIGNATURES_ADCBCAL0
0x0025       [1]    PROD_SIGNATURES_ADCBCAL1
0x002E       [1]    OCD_OCDR0
0x002E       [1]    PROD_SIGNATURES_TEMPSENSE0
0x002F       [1]    OCD_OCDR1
0x002F       [0]    OCDRD_bit
0x002F       [1]    PROD_SIGNATURES_TEMPSENSE1
0x0030       [1]    PROD_SIGNATURES_DACA0OFFCAL
0x0031       [1]    PROD_SIGNATURES_DACA0GAINCAL
0x0032       [1]    PROD_SIGNATURES_DACB0OFFCAL
0x0033       [1]    PROD_SIGNATURES_DACB0GAINCAL
0x0034       [0]    CCP7_bit
0x0034       [0]    CCP3_bit
0x0034       [0]    CCP4_bit
0x0034       [0]    CCP5_bit
0x0034       [0]    CCP6_bit
0x0034       [0]    CCP1_bit
0x0034       [0]    CCP0_bit
0x0034       [1]    CPU_CCP
0x0034       [1]    PROD_SIGNATURES_DACA1OFFCAL
0x0034       [0]    CCP2_bit
0x0035       [1]    PROD_SIGNATURES_DACA1GAINCAL
0x0036       [1]    PROD_SIGNATURES_DACB1OFFCAL
0x0037       [1]    PROD_SIGNATURES_DACB1GAINCAL
0x0038       [1]    CPU_RAMPD
0x0039       [1]    CPU_RAMPX
0x003A       [1]    CPU_RAMPY
0x003B       [1]    CPU_RAMPZ
0x003C       [1]    CPU_EIND
0x003D       [1]    SPL
0x003D       [1]    CPU_SPL
0x003E       [1]    CPU_SPH
0x003E       [1]    SPH
0x003F       [0]    C_bit
0x003F       [0]    S_bit
0x003F       [0]    H_bit
0x003F       [0]    V_bit
0x003F       [0]    N_bit
0x003F       [0]    Z_bit
0x003F       [1]    CPU_SREG
0x003F       [1]    SREG
0x003F       [0]    I_bit
0x003F       [0]    T_bit
0x0040       [1]    CLK_CTRL
0x0041       [1]    CLK_PSCTRL
0x0050       [1]    OSC_CTRL
0x0051       [1]    OSC_STATUS
0x0056       [1]    OSC_DFLLCTRL
0x0060       [1]    DFLLRC32M_CTRL
0x00B0       [1]    PORTCFG_MPCMASK
0x00B4       [1]    PORTCFG_CLKEVOUT
0x0200       [1]    ADCA_CTRLA
0x0201       [1]    ADCA_CTRLB
0x0202       [1]    ADCA_REFCTRL
0x0203       [1]    ADCA_EVCTRL
0x0204       [1]    ADCA_PRESCALER
0x020C       [2]    ADCA_CAL
0x0210       [2]    ADCA_CH0RES
0x0218       [2]    ADCA_CMP
0x0220       [1]    ADCA_CH0_CTRL
0x0221       [1]    ADCA_CH0_MUXCTRL
0x0222       [1]    ADCA_CH0_INTCTRL
0x0223       [1]    ADCA_CH0_INTFLAGS
0x0224       [2]    ADCA_CH0_RES
0x022A       [1]    ADCA_CH1_INTCTRL
0x0232       [1]    ADCA_CH2_INTCTRL
0x023A       [1]    ADCA_CH3_INTCTRL
0x0600       [1]    PORTA_DIR
0x0604       [1]    PORTA_OUT
0x0609       [1]    PORTA_INTCTRL
0x060A       [1]    PORTA_INT0MASK
0x060B       [1]    PORTA_INT1MASK
0x0610       [1]    PORTA_PIN0CTRL
0x0640       [0]    LCD_EN_Direction
0x0640       [0]    LCD_D4_Direction
0x0640       [1]    PORTC_DIR
0x0640       [0]    LCD_RS_Direction
0x0640       [0]    LCD_D7_Direction
0x0640       [0]    LCD_D6_Direction
0x0640       [0]    LCD_D5_Direction
0x0644       [0]    LCD_RS
0x0644       [1]    PORTC_OUT
0x0644       [0]    LCD_D6
0x0644       [0]    LCD_D7
0x0644       [0]    LCD_D5
0x0644       [0]    LCD_EN
0x0644       [0]    LCD_D4
0x2000       [2]    _offset
0x2002       [0]    __Lib_Lcd_cmd_status
//** Constants locations ** 
//ADDRESS    SIZE    CONSTANT
//----------------------------------------------
0x0D60       [3]    ?ICS?lstr1_ADC3
0x0D63       [5]    ?ICS?lstr2_ADC3
0x0D68       [2]    ?ICSmain_adc_L0
0x0D6A       [2]    ?ICS_offset
//** Label List: ** 
//----------------------------------------------
  L_main0
  L_main1
  L_main2
  L_clock_setup4
  L_clock_setup5
  L_clock_setup6
  L_clock_setup7
  L_adc_setup8
  L_adc_setup10
  L_adc_setup11
  L_adc_setup12
  L_adc_setup13
  L_adc_setup14
  L_ADCA_read_ext_pins16
  L_ADCA_read_ext_pins17
  L_ADCA_read_ext_pins18
  L_ADCA_read_ext_pins19
  L_adc_avg20
  L_adc_avg21
  L_lcd_print22
  L_lcd_print23
  L_lcd_print24
  L_lcd_print25
  L_lcd_print26
  L_lcd_print27
  L_end_main
  _main
  L__main_end_loop
  L_end_clock_setup
  _clock_setup
  L_end_io_setup
  _io_setup
  L_end_adc_setup
  _adc_setup
  L__adc_setup33
  L__adc_setup34
  L__adc_setup35
  L_end_setup
  _setup
  L_end_ADCA_read_ext_pins
  _ADCA_read_ext_pins
  L__ADCA_read_ext_pins38
  L_end_adc_avg
  _adc_avg
  L__adc_avg40
  L_end_lcd_print
  _lcd_print
  L__lcd_print42
  L__lcd_print43
  L_Delay_1us0
  L_Delay_10us2
  L_Delay_22us4
  L_Delay_50us6
  L_Delay_80us8
  L_Delay_500us10
  L_Delay_5500us12
  L_Delay_1ms14
  L_Delay_5ms16
  L_Delay_8ms18
  L_Delay_100ms20
  L_Delay_10ms22
  L_Delay_1sec24
  L_Delay_Cyc26
  L_Delay_Cyc27
  L_VDelay_ms28
  L_VDelay_ms29
  L_VDelay_Advanced_ms30
  L_VDelay_Advanced_ms31
  L_end_Get_Fosc_kHz
  _Get_Fosc_kHz
  L_end_Delay_1us
  _Delay_1us
  L_end_Delay_10us
  _Delay_10us
  L_end_Delay_22us
  _Delay_22us
  L_end_Delay_50us
  _Delay_50us
  L_end_Delay_80us
  _Delay_80us
  L_end_Delay_500us
  _Delay_500us
  L_end_Delay_5500us
  _Delay_5500us
  L_end_Delay_1ms
  _Delay_1ms
  L_end_Delay_5ms
  _Delay_5ms
  L_end_Delay_8ms
  _Delay_8ms
  L_end_Delay_100ms
  _Delay_100ms
  L_end_Delay_10ms
  _Delay_10ms
  L_end_Delay_1sec
  _Delay_1sec
  L_end_Delay_Cyc
  _Delay_Cyc
  L__Delay_Cyc47
  L_end_VDelay_ms
  _VDelay_ms
  L__VDelay_ms49
  L__VDelay_ms50
  L__VDelay_ms51
  L_end_VDelay_Advanced_ms
  _VDelay_Advanced_ms
  L__VDelay_Advanced_ms53
  L__VDelay_Advanced_ms54
  L__VDelay_Advanced_ms55
  L_end___Lib_Delays___?ag
  __Lib_Delays____?ag
  L_Lcd_Cmd0
  L_Lcd_Cmd1
  L_Lcd_Out_CP2
  L_Lcd_Out_CP3
  L_Lcd_Chr4
  L_Lcd_Chr5
  L_Lcd_Chr6
  L_Lcd_Chr7
  L_Lcd_Chr8
  L_Lcd_Chr9
  L_Lcd_Chr10
  L_Lcd_Out11
  L_Lcd_Out12
  L_Lcd_Out13
  L_Lcd_Out14
  L_Lcd_Out15
  L_Lcd_Out16
  L_Lcd_Out17
  L_Lcd_Out18
  L_Lcd_Out19
  L_end_Lcd_Cmd
  _Lcd_Cmd
  L__Lcd_Cmd21
  L__Lcd_Cmd22
  L__Lcd_Cmd23
  L__Lcd_Cmd24
  L_end_Lcd_Chr_CP
  _Lcd_Chr_CP
  L_end_Lcd_Out_CP
  _Lcd_Out_CP
  L__Lcd_Out_CP27
  L_end_Lcd_Chr
  _Lcd_Chr
  L__Lcd_Chr29
  L__Lcd_Chr30
  L__Lcd_Chr31
  L__Lcd_Chr32
  L_end_Lcd_Init
  _Lcd_Init
  L_end_Lcd_Out
  _Lcd_Out
  L__Lcd_Out35
  L__Lcd_Out36
  L__Lcd_Out37
  L__Lcd_Out38
  L__Lcd_Out39
  L_end___Lib_Lcd___?ag
  __Lib_Lcd____?ag
  L_end___Lib_LcdConsts___?ag
  __Lib_LcdConsts____?ag
  Mul_8x8_U_L1
  Mul_8x8_U_L2
  Mul_16x16_L1
  Mul_16x16_L2
  Mul_16x16_L3
  Mul_32x32_L1
  Mul_32x32_L2
  Mul_32x32_L3
  Div_8x8_U_L2
  Div_8x8_U_L1
  Div_16x16_S_L3
  Div_16x16_S_L1
  Div_16x16_S_L4
  Div_16x16_S_L2
  Div_16x16_S_L6
  Div_16x16_S_L5
  Div_16x16_U_L2
  Div_16x16_U_L1
  Div_32x32_U_L2
  Div_32x32_U_L1
  Div_32x32_S_L3
  Div_32x32_S_L1
  Div_32x32_S_L4
  Div_32x32_S_L2
  Div_32x32_S_L6
  Div_32x32_S_L5
  L_end_Mul_8x8_U
  _Mul_8x8_U
  L_end_Mul_16x16
  _Mul_16x16
  L_end_Mul_32x32
  _Mul_32x32
  L_end_Div_8x8_U
  _Div_8x8_U
  L_end_Div_16x16_S
  _Div_16x16_S
  L_end_Div_16x16_U
  _Div_16x16_U
  L_end_Div_32x32_U
  _Div_32x32_U
  L_end_Div_32x32_S
  _Div_32x32_S
  L_end_HWMul_16x16
  _HWMul_16x16
  L_end_HWMul_32x32
  _HWMul_32x32
  L_end___Lib_Math___?ag
  __Lib_Math____?ag
  L015C
  L01A7
  L0196
  L0178
  L0184
  L0197
  L0187
  L019C
  L0192
  L0196x
  L00FC
  L016E
  L016Ex
  L0154
  L0153
  L0077
  L0073
  L0072int
  L006A
  L0068
  L0063
  L006B
  L007A
  L008A
  L00CC
  L0098
  L00D6
  L00B4
  L00AC
  L00A5
  L00AE
  L00BB
  L00C4
  L00C7
  L00CA
  L00C9
  L00D6x
  L0097
  L009B
  L00A0mul
  L0083
  L0090
  L00A0x
  L0072div
  L00C2
  L00AB
  L00B1
  L00BD
  L0092
  L00A0div
  L00A4
  L00A6
  L00C2x
  L011A
  L0118
  L011Aexit
  op_equ_false
  op_equ_exit
  op_diff_false
  op_diff_exit
  op_gequ_false
  op_gequ_exit
  op_big_false
  op_big_exit
  op_less_false
  op_less_exit
  op_lequ_false
  op_lequ_exit
  L_end_float_neg32
  _float_neg32
  L_end_float_tstr16_r19
  _float_tstr16_r19
  L_end_float_pack
  _float_pack
  L_end_float_normalize_and_pack
  _float_normalize_and_pack
  L_end_float_long2fp
  _float_long2fp
  L_end_float_slong2fp
  _float_slong2fp
  L_end_float_ulong2fp
  _float_ulong2fp
  L_end_float_int2fp
  _float_int2fp
  L_end_float_unpacku
  _float_unpacku
  L_end_float_unpacks
  _float_unpacks
  L_end_float_fpint
  _float_fpint
  L_end_float_fpadd_alt
  _float_fpadd_alt
  L_end_float_fpadd
  _float_fpadd
  L_end_float_fpadd1
  _float_fpadd1
  L_end_float_fpsub
  _float_fpsub
  L_end_float_fpsub1
  _float_fpsub1
  L_end_float_fpmul
  _float_fpmul
  L_end_float_fpmul1
  _float_fpmul1
  L_end_float_fpdiv
  _float_fpdiv
  L_end_float_fpdiv1
  _float_fpdiv1
  L_end_float_fpcmp
  _float_fpcmp
  L_end_float_fpcmp1
  _float_fpcmp1
  L_end_float_op_equ
  _float_op_equ
  L_end_float_op_diff
  _float_op_diff
  L_end_float_op_gequ
  _float_op_gequ
  L_end_float_op_big
  _float_op_big
  L_end_float_op_less
  _float_op_less
  L_end_float_op_lequ
  _float_op_lequ
  L_end___Lib_MathDouble___?ag
  __Lib_MathDouble____?ag
  L_loopDW
  L_loopCA2A
  L_loopCCA2A
  L_loopCFCA2A
  L_loopCS2Ss
  l_CS2Send
  L_loopCCS2Ss
  l_CCS2Send
  L_loopCFCS2Ss
  l_CFCS2Send
  L_loopFZinSWs
  L_end___CC2DW
  ___CC2DW
  L_end___CA2AW
  ___CA2AW
  L_end___CCA2AW
  ___CCA2AW
  L_end___CFCA2A
  ___CFCA2A
  L_end___CS2S
  ___CS2S
  L_end___CCS2S
  ___CCS2S
  L_end___CFCS2S
  ___CFCS2S
  L_end___FZinS
  ___FZinS
  L_end___Lib_System___?ag
  __Lib_System____?ag
