;  LST file generated by mikroListExporter - v.2.0 
; Date/Time: 05-Feb-15 07:01:33 PM
;----------------------------------------------

;Address Opcode 	ASM
0x0000	0x03F1940C  	JMP        _main
0x0004	0x0000940C  	JMP        0
0x0008	0x0000940C  	JMP        0
0x000C	0x0000940C  	JMP        0
0x0010	0x0000940C  	JMP        0
0x0014	0x0000940C  	JMP        0
0x0018	0x0000940C  	JMP        0
0x001C	0x0000940C  	JMP        0
0x0020	0x0000940C  	JMP        0
0x0024	0x0000940C  	JMP        0
0x0028	0x0000940C  	JMP        0
0x002C	0x0000940C  	JMP        0
0x0030	0x0000940C  	JMP        0
0x0034	0x0000940C  	JMP        0
0x0038	0x0000940C  	JMP        0
0x003C	0x0000940C  	JMP        0
0x0040	0x0000940C  	JMP        0
0x0044	0x0000940C  	JMP        0
0x0048	0x0000940C  	JMP        0
0x004C	0x0000940C  	JMP        0
0x0050	0x0000940C  	JMP        0
0x0054	0x0000940C  	JMP        0
0x0058	0x0000940C  	JMP        0
0x005C	0x0000940C  	JMP        0
0x0060	0x0000940C  	JMP        0
0x0064	0x0000940C  	JMP        0
0x0068	0x0000940C  	JMP        0
0x006C	0x0000940C  	JMP        0
0x0070	0x0000940C  	JMP        0
0x0074	0x0000940C  	JMP        0
0x0078	0x0000940C  	JMP        0
0x007C	0x0000940C  	JMP        0
0x0080	0x0000940C  	JMP        0
0x0084	0x0000940C  	JMP        0
0x0088	0x0000940C  	JMP        0
0x008C	0x0000940C  	JMP        0
0x0090	0x0000    	NOP
0x0092	0x0000    	NOP
0x0094	0x0000    	NOP
0x0096	0x0000    	NOP
0x0098	0x0000    	NOP
0x009A	0x0000    	NOP
0x009C	0x0000    	NOP
0x009E	0x0000    	NOP
0x00A0	0x0000    	NOP
0x00A2	0x0000    	NOP
0x00A4	0x0000    	NOP
0x00A6	0x0000    	NOP
0x00A8	0x0000    	NOP
0x00AA	0x0000    	NOP
0x00AC	0x0000940C  	JMP        0
0x00B0	0x0000940C  	JMP        0
0x00B4	0x0000940C  	JMP        0
0x00B8	0x0000940C  	JMP        0
0x00BC	0x0000940C  	JMP        0
0x00C0	0x0000940C  	JMP        0
0x00C4	0x0000940C  	JMP        0
0x00C8	0x0000940C  	JMP        0
0x00CC	0x0000940C  	JMP        0
0x00D0	0x0000940C  	JMP        0
0x00D4	0x0000    	NOP
0x00D6	0x0000    	NOP
0x00D8	0x0000    	NOP
0x00DA	0x0000    	NOP
0x00DC	0x0000    	NOP
0x00DE	0x0000    	NOP
0x00E0	0x0000    	NOP
0x00E2	0x0000    	NOP
0x00E4	0x0000    	NOP
0x00E6	0x0000    	NOP
0x00E8	0x0000940C  	JMP        0
0x00EC	0x0000940C  	JMP        0
0x00F0	0x0000940C  	JMP        0
0x00F4	0x0000    	NOP
0x00F6	0x0000    	NOP
0x00F8	0x0000    	NOP
0x00FA	0x0000    	NOP
0x00FC	0x0000    	NOP
0x00FE	0x0000    	NOP
0x0100	0x0000940C  	JMP        0
0x0104	0x0000940C  	JMP        0
0x0108	0x037C940C  	JMP        _PORTA_INT0_ISR
0x010C	0x0441940C  	JMP        _PORTA_INT1_ISR
0x0110	0x0000940C  	JMP        0
0x0114	0x0000940C  	JMP        0
0x0118	0x0000940C  	JMP        0
0x011C	0x0000940C  	JMP        0
0x0120	0x0000940C  	JMP        0
0x0124	0x0000940C  	JMP        0
0x0128	0x0000940C  	JMP        0
0x012C	0x0000    	NOP
0x012E	0x0000    	NOP
0x0130	0x0000    	NOP
0x0132	0x0000    	NOP
0x0134	0x0000940C  	JMP        0
0x0138	0x0000940C  	JMP        0
0x013C	0x0000940C  	JMP        0
0x0140	0x0000940C  	JMP        0
0x0144	0x0000940C  	JMP        0
0x0148	0x0000940C  	JMP        0
0x014C	0x0000940C  	JMP        0
0x0150	0x0000940C  	JMP        0
0x0154	0x0000940C  	JMP        0
0x0158	0x0000940C  	JMP        0
0x015C	0x0000940C  	JMP        0
0x0160	0x0000940C  	JMP        0
0x0164	0x0000940C  	JMP        0
0x0168	0x0000940C  	JMP        0
0x016C	0x0000940C  	JMP        0
0x0170	0x0000940C  	JMP        0
0x0174	0x0000940C  	JMP        0
0x0178	0x0000    	NOP
0x017A	0x0000    	NOP
0x017C	0x0000    	NOP
0x017E	0x0000    	NOP
0x0180	0x0000    	NOP
0x0182	0x0000    	NOP
0x0184	0x0000    	NOP
0x0186	0x0000    	NOP
0x0188	0x0000    	NOP
0x018A	0x0000    	NOP
0x018C	0x0000    	NOP
0x018E	0x0000    	NOP
0x0190	0x0000    	NOP
0x0192	0x0000    	NOP
0x0194	0x0000    	NOP
0x0196	0x0000    	NOP
0x0198	0x0000    	NOP
0x019A	0x0000    	NOP
0x019C	0x0000    	NOP
0x019E	0x0000    	NOP
0x01A0	0x0000    	NOP
0x01A2	0x0000    	NOP
0x01A4	0x0000    	NOP
0x01A6	0x0000    	NOP
0x01A8	0x0000    	NOP
0x01AA	0x0000    	NOP
0x01AC	0x0000    	NOP
0x01AE	0x0000    	NOP
0x01B0	0x0000    	NOP
0x01B2	0x0000    	NOP
0x01B4	0x0000    	NOP
0x01B6	0x0000    	NOP
0x01B8	0x0000    	NOP
0x01BA	0x0000    	NOP
0x01BC	0x0000    	NOP
0x01BE	0x0000    	NOP
0x01C0	0x0000    	NOP
0x01C2	0x0000    	NOP
0x01C4	0x0000    	NOP
0x01C6	0x0000    	NOP
0x01C8	0x0000    	NOP
0x01CA	0x0000    	NOP
0x01CC	0x0000    	NOP
0x01CE	0x0000    	NOP
0x01D0	0x0000    	NOP
0x01D2	0x0000    	NOP
0x01D4	0x0000    	NOP
0x01D6	0x0000    	NOP
0x01D8	0x0000    	NOP
0x01DA	0x0000    	NOP
0x01DC	0x0000    	NOP
0x01DE	0x0000    	NOP
0x01E0	0x0000    	NOP
0x01E2	0x0000    	NOP
0x01E4	0x0000    	NOP
0x01E6	0x0000    	NOP
0x01E8	0x0000    	NOP
0x01EA	0x0000    	NOP
0x01EC	0x0000    	NOP
0x01EE	0x0000    	NOP
0x01F0	0x0000    	NOP
0x01F2	0x0000    	NOP
0x01F4	0x0000940C  	JMP        0
0x01F8	0x0000940C  	JMP        0
_main:
0x07E2	0xEFBF    	LDI        R27, 255
0x07E4	0xBFBD    	OUT        SPL+0, R27
0x07E6	0xE2BF    	LDI        R27, 47
0x07E8	0xBFBE    	OUT        SPL+1, R27
0x07EA	0xB7CD    	IN         R28, SPL+0
0x07EC	0xB7DE    	IN         R29, SPL+1
0x07EE	0x972A    	SBIW       R28, 10
0x07F0	0xBFCD    	OUT        SPL+0, R28
0x07F2	0xBFDE    	OUT        SPL+1, R29
0x07F4	0x9621    	ADIW       R28, 1
;exti.c,61 :: 		void main()
;exti.c,63 :: 		setup_interrupts();
0x07F6	0x922F    	PUSH       R2
0x07F8	0x923F    	PUSH       R3
0x07FA	0x924F    	PUSH       R4
0x07FC	0x925F    	PUSH       R5
0x07FE	0xDE39    	RCALL      _setup_interrupts+0
;exti.c,64 :: 		setup_clock();
0x0800	0xDF4A    	RCALL      _setup_clock+0
;exti.c,65 :: 		setup_io();
0x0802	0xDEF9    	RCALL      _setup_io+0
;exti.c,66 :: 		setup_lcd();
0x0804	0xDEEE    	RCALL      _setup_lcd+0
;exti.c,68 :: 		while(1)
L_main8:
;exti.c,70 :: 		Lcd_Cmd(_LCD_CLEAR);
0x0806	0xE0B1    	LDI        R27, 1
0x0808	0x2E2B    	MOV        R2, R27
0x080A	0xDE89    	RCALL      _Lcd_Cmd+0
;exti.c,71 :: 		Lcd_Out(1, 3, "Main");
0x080C	0xE4BD    	LDI        R27, 77
0x080E	0x83B8    	STD        Y+0, R27
0x0810	0xE6B1    	LDI        R27, 97
0x0812	0x83B9    	STD        Y+1, R27
0x0814	0xE6B9    	LDI        R27, 105
0x0816	0x83BA    	STD        Y+2, R27
0x0818	0xE6BE    	LDI        R27, 110
0x081A	0x83BB    	STD        Y+3, R27
0x081C	0xE0B0    	LDI        R27, 0
0x081E	0x83BC    	STD        Y+4, R27
0x0820	0x018E    	MOVW       R16, R28
0x0822	0x0128    	MOVW       R4, R16
0x0824	0xE0B3    	LDI        R27, 3
0x0826	0x2E3B    	MOV        R3, R27
0x0828	0xE0B1    	LDI        R27, 1
0x082A	0x2E2B    	MOV        R2, R27
0x082C	0xDE31    	RCALL      _Lcd_Out+0
;exti.c,72 :: 		Lcd_Out(2, 3, "Loop");
0x082E	0xE4BC    	LDI        R27, 76
0x0830	0x83BD    	STD        Y+5, R27
0x0832	0xE6BF    	LDI        R27, 111
0x0834	0x83BE    	STD        Y+6, R27
0x0836	0xE6BF    	LDI        R27, 111
0x0838	0x83BF    	STD        Y+7, R27
0x083A	0xE7B0    	LDI        R27, 112
0x083C	0x87B8    	STD        Y+8, R27
0x083E	0xE0B0    	LDI        R27, 0
0x0840	0x87B9    	STD        Y+9, R27
0x0842	0x018E    	MOVW       R16, R28
0x0844	0x5F0B    	SUBI       R16, 251
0x0846	0x4F1F    	SBCI       R17, 255
0x0848	0x0128    	MOVW       R4, R16
0x084A	0xE0B3    	LDI        R27, 3
0x084C	0x2E3B    	MOV        R3, R27
0x084E	0xE0B2    	LDI        R27, 2
0x0850	0x2E2B    	MOV        R2, R27
0x0852	0xDE1E    	RCALL      _Lcd_Out+0
;exti.c,73 :: 		PORTD_OUT.B0 ^= 1;
0x0854	0x06649000  	LDS        R0, PORTD_OUT+0
0x0858	0xE0B1    	LDI        R27, 1
0x085A	0x260B    	EOR        R0, R27
0x085C	0x06649200  	STS        PORTD_OUT+0, R0
;exti.c,74 :: 		delay_ms(900);
0x0860	0xE225    	LDI        R18, 37
0x0862	0xE817    	LDI        R17, 135
0x0864	0xE80C    	LDI        R16, 140
L_main10:
0x0866	0x950A    	DEC        R16
0x0868	0xF7F1    	BRNE       L_main10
0x086A	0x951A    	DEC        R17
0x086C	0xF7E1    	BRNE       L_main10
0x086E	0x952A    	DEC        R18
0x0870	0xF7D1    	BRNE       L_main10
0x0872	0x0000    	NOP
0x0874	0x0000    	NOP
;exti.c,75 :: 		}
0x0876	0xCFC7    	RJMP       L_main8
;exti.c,76 :: 		}
L_end_main:
0x0878	0x905F    	POP        R5
0x087A	0x904F    	POP        R4
0x087C	0x903F    	POP        R3
0x087E	0x902F    	POP        R2
L__main_end_loop:
0x0880	0xCFFF    	RJMP       L__main_end_loop
; end of _main
_setup_interrupts:
;exti.c,132 :: 		void setup_interrupts()
;exti.c,134 :: 		clear_global_interrupt();
0x0472	0xDFFD    	RCALL      _clear_global_interrupt+0
;exti.c,135 :: 		CPU_CCP = CCP_IOREG_gc;
0x0474	0xEDB8    	LDI        R27, 216
0x0476	0xBFB4    	OUT        CPU_CCP+0, R27
;exti.c,136 :: 		PMIC_CTRL = (PMIC_LOLVLEN_bm | PMIC_HILVLEN_bm);
0x0478	0xE0B5    	LDI        R27, 5
0x047A	0x00A293B0  	STS        PMIC_CTRL+0, R27
;exti.c,137 :: 		PMIC_INTPRI = 0x00;
0x047E	0xE0B0    	LDI        R27, 0
0x0480	0x00A193B0  	STS        PMIC_INTPRI+0, R27
;exti.c,138 :: 		}
L_end_setup_interrupts:
0x0484	0x9508    	RET
; end of _setup_interrupts
_clear_global_interrupt:
;interrupt.h,14 :: 		void clear_global_interrupt()
;interrupt.h,16 :: 		asm cli;
0x046E	0x94F8    	CLI
;interrupt.h,17 :: 		}
L_end_clear_global_interrupt:
0x0470	0x9508    	RET
; end of _clear_global_interrupt
_setup_clock:
;exti.c,79 :: 		void setup_clock()
;exti.c,81 :: 		clear_global_interrupt();
0x0696	0xDEEB    	RCALL      _clear_global_interrupt+0
;exti.c,82 :: 		OSC_CTRL |= OSC_RC32KEN_bm;
0x0698	0x005091B0  	LDS        R27, OSC_CTRL+0
0x069C	0x60B4    	SBR        R27, 4
0x069E	0x005093B0  	STS        OSC_CTRL+0, R27
;exti.c,83 :: 		while(!(OSC_STATUS & OSC_RC32KRDY_bm));
L_setup_clock12:
0x06A2	0x00519100  	LDS        R16, OSC_STATUS+0
0x06A6	0xFD02    	SBRC       R16, 2
0x06A8	0xC001    	RJMP       L_setup_clock13
0x06AA	0xCFFB    	RJMP       L_setup_clock12
L_setup_clock13:
;exti.c,84 :: 		DFLLRC32M_CTRL = 0;
0x06AC	0xE0B0    	LDI        R27, 0
0x06AE	0x006093B0  	STS        DFLLRC32M_CTRL+0, R27
;exti.c,85 :: 		OSC_CTRL |= OSC_RC32MEN_bm;
0x06B2	0x00509100  	LDS        R16, OSC_CTRL+0
0x06B6	0x6002    	ORI        R16, 2
0x06B8	0x00509300  	STS        OSC_CTRL+0, R16
;exti.c,86 :: 		while(!(OSC_STATUS & OSC_RC32MRDY_bm));
L_setup_clock14:
0x06BC	0x00519100  	LDS        R16, OSC_STATUS+0
0x06C0	0xFD01    	SBRC       R16, 1
0x06C2	0xC001    	RJMP       L_setup_clock15
0x06C4	0xCFFB    	RJMP       L_setup_clock14
L_setup_clock15:
;exti.c,87 :: 		OSC_DFLLCTRL = OSC_RC32MCREF_RC32K_gc;
0x06C6	0xE0B0    	LDI        R27, 0
0x06C8	0x005693B0  	STS        OSC_DFLLCTRL+0, R27
;exti.c,88 :: 		DFLLRC32M_CTRL = DFLL_ENABLE_bm;
0x06CC	0xE0B1    	LDI        R27, 1
0x06CE	0x006093B0  	STS        DFLLRC32M_CTRL+0, R27
;exti.c,89 :: 		CPU_CCP = CCP_IOREG_gc;
0x06D2	0xEDB8    	LDI        R27, 216
0x06D4	0xBFB4    	OUT        CPU_CCP+0, R27
;exti.c,90 :: 		CLK_PSCTRL = (CLK_PSADIV_4_gc | CLK_PSBCDIV_1_1_gc);
0x06D6	0xE0BC    	LDI        R27, 12
0x06D8	0x004193B0  	STS        CLK_PSCTRL+0, R27
;exti.c,91 :: 		CPU_CCP = CCP_IOREG_gc;
0x06DC	0xEDB8    	LDI        R27, 216
0x06DE	0xBFB4    	OUT        CPU_CCP+0, R27
;exti.c,92 :: 		CLK_CTRL = CLK_SCLKSEL_RC32M_gc;
0x06E0	0xE0B1    	LDI        R27, 1
0x06E2	0x004093B0  	STS        CLK_CTRL+0, R27
;exti.c,93 :: 		OSC_CTRL &= ~(OSC_RC2MEN_bm | OSC_XOSCEN_bm | OSC_PLLEN_bm);
0x06E6	0x00509100  	LDS        R16, OSC_CTRL+0
0x06EA	0x7E06    	ANDI       R16, 230
0x06EC	0x00509300  	STS        OSC_CTRL+0, R16
;exti.c,94 :: 		PORTCFG_CLKEVOUT = 0x00;
0x06F0	0xE0B0    	LDI        R27, 0
0x06F2	0x00B493B0  	STS        PORTCFG_CLKEVOUT+0, R27
;exti.c,95 :: 		}
L_end_setup_clock:
0x06F6	0x9508    	RET
; end of _setup_clock
_setup_io:
;exti.c,98 :: 		void setup_io()
;exti.c,100 :: 		PORTA_OUT = 0x00;
0x05F6	0xE0B0    	LDI        R27, 0
0x05F8	0x060493B0  	STS        PORTA_OUT+0, R27
;exti.c,101 :: 		PORTA_DIR = 0x00;
0x05FC	0xE0B0    	LDI        R27, 0
0x05FE	0x060093B0  	STS        PORTA_DIR+0, R27
;exti.c,102 :: 		PORTA_PIN0CTRL = (PORT_OPC_TOTEM_gc | PORT_ISC_RISING_gc);
0x0602	0xE0B1    	LDI        R27, 1
0x0604	0x061093B0  	STS        PORTA_PIN0CTRL+0, R27
;exti.c,103 :: 		PORTA_PIN1CTRL = (PORT_OPC_TOTEM_gc | PORT_ISC_RISING_gc);
0x0608	0xE0B1    	LDI        R27, 1
0x060A	0x061193B0  	STS        PORTA_PIN1CTRL+0, R27
;exti.c,104 :: 		PORTA_PIN2CTRL = (PORT_OPC_TOTEM_gc | PORT_ISC_BOTHEDGES_gc);
0x060E	0xE0B0    	LDI        R27, 0
0x0610	0x061293B0  	STS        PORTA_PIN2CTRL+0, R27
;exti.c,105 :: 		PORTA_PIN3CTRL = (PORT_OPC_TOTEM_gc | PORT_ISC_BOTHEDGES_gc);
0x0614	0xE0B0    	LDI        R27, 0
0x0616	0x061393B0  	STS        PORTA_PIN3CTRL+0, R27
;exti.c,106 :: 		PORTA_PIN4CTRL = (PORT_OPC_TOTEM_gc | PORT_ISC_BOTHEDGES_gc);
0x061A	0xE0B0    	LDI        R27, 0
0x061C	0x061493B0  	STS        PORTA_PIN4CTRL+0, R27
;exti.c,107 :: 		PORTA_PIN5CTRL = (PORT_OPC_TOTEM_gc | PORT_ISC_BOTHEDGES_gc);
0x0620	0xE0B0    	LDI        R27, 0
0x0622	0x061593B0  	STS        PORTA_PIN5CTRL+0, R27
;exti.c,108 :: 		PORTA_PIN6CTRL = (PORT_OPC_TOTEM_gc | PORT_ISC_BOTHEDGES_gc);
0x0626	0xE0B0    	LDI        R27, 0
0x0628	0x061693B0  	STS        PORTA_PIN6CTRL+0, R27
;exti.c,109 :: 		PORTA_PIN7CTRL = (PORT_OPC_TOTEM_gc | PORT_ISC_BOTHEDGES_gc);
0x062C	0xE0B0    	LDI        R27, 0
0x062E	0x061793B0  	STS        PORTA_PIN7CTRL+0, R27
;exti.c,110 :: 		PORTA_INTCTRL = (PORT_INT1LVL_HI_gc | PORT_INT0LVL_LO_gc);
0x0632	0xE0BD    	LDI        R27, 13
0x0634	0x060993B0  	STS        PORTA_INTCTRL+0, R27
;exti.c,111 :: 		PORTA_INT0MASK = 0x01;
0x0638	0xE0B1    	LDI        R27, 1
0x063A	0x060A93B0  	STS        PORTA_INT0MASK+0, R27
;exti.c,112 :: 		PORTA_INT1MASK = 0x02;
0x063E	0xE0B2    	LDI        R27, 2
0x0640	0x060B93B0  	STS        PORTA_INT1MASK+0, R27
;exti.c,114 :: 		PORTD_OUT = 0x00;
0x0644	0xE0B0    	LDI        R27, 0
0x0646	0x066493B0  	STS        PORTD_OUT+0, R27
;exti.c,115 :: 		PORTD_DIR = 0x07;
0x064A	0xE0B7    	LDI        R27, 7
0x064C	0x066093B0  	STS        PORTD_DIR+0, R27
;exti.c,116 :: 		PORTD_PIN0CTRL = (PORT_OPC_TOTEM_gc | PORT_ISC_BOTHEDGES_gc);
0x0650	0xE0B0    	LDI        R27, 0
0x0652	0x067093B0  	STS        PORTD_PIN0CTRL+0, R27
;exti.c,117 :: 		PORTD_PIN1CTRL = (PORT_OPC_TOTEM_gc | PORT_ISC_BOTHEDGES_gc);
0x0656	0xE0B0    	LDI        R27, 0
0x0658	0x067193B0  	STS        PORTD_PIN1CTRL+0, R27
;exti.c,118 :: 		PORTD_PIN2CTRL = (PORT_OPC_TOTEM_gc | PORT_ISC_BOTHEDGES_gc);
0x065C	0xE0B0    	LDI        R27, 0
0x065E	0x067293B0  	STS        PORTD_PIN2CTRL+0, R27
;exti.c,119 :: 		PORTD_PIN3CTRL = (PORT_OPC_TOTEM_gc | PORT_ISC_BOTHEDGES_gc);
0x0662	0xE0B0    	LDI        R27, 0
0x0664	0x067393B0  	STS        PORTD_PIN3CTRL+0, R27
;exti.c,120 :: 		PORTD_PIN4CTRL = (PORT_OPC_TOTEM_gc | PORT_ISC_BOTHEDGES_gc);
0x0668	0xE0B0    	LDI        R27, 0
0x066A	0x067493B0  	STS        PORTD_PIN4CTRL+0, R27
;exti.c,121 :: 		PORTD_PIN5CTRL = (PORT_OPC_TOTEM_gc | PORT_ISC_BOTHEDGES_gc);
0x066E	0xE0B0    	LDI        R27, 0
0x0670	0x067593B0  	STS        PORTD_PIN5CTRL+0, R27
;exti.c,122 :: 		PORTD_PIN6CTRL = (PORT_OPC_TOTEM_gc | PORT_ISC_BOTHEDGES_gc);
0x0674	0xE0B0    	LDI        R27, 0
0x0676	0x067693B0  	STS        PORTD_PIN6CTRL+0, R27
;exti.c,123 :: 		PORTD_PIN7CTRL = (PORT_OPC_TOTEM_gc | PORT_ISC_BOTHEDGES_gc);
0x067A	0xE0B0    	LDI        R27, 0
0x067C	0x067793B0  	STS        PORTD_PIN7CTRL+0, R27
;exti.c,124 :: 		PORTD_INTCTRL = (PORT_INT1LVL_OFF_gc | PORT_INT0LVL_OFF_gc);
0x0680	0xE0B0    	LDI        R27, 0
0x0682	0x066993B0  	STS        PORTD_INTCTRL+0, R27
;exti.c,125 :: 		PORTD_INT0MASK = 0x00;
0x0686	0xE0B0    	LDI        R27, 0
0x0688	0x066A93B0  	STS        PORTD_INT0MASK+0, R27
;exti.c,126 :: 		PORTD_INT1MASK = 0x00;
0x068C	0xE0B0    	LDI        R27, 0
0x068E	0x066B93B0  	STS        PORTD_INT1MASK+0, R27
;exti.c,128 :: 		set_global_interrupt();
0x0692	0xDEEB    	RCALL      _set_global_interrupt+0
;exti.c,129 :: 		}
L_end_setup_io:
0x0694	0x9508    	RET
; end of _setup_io
_set_global_interrupt:
;interrupt.h,8 :: 		void set_global_interrupt()
;interrupt.h,10 :: 		asm sei;
0x046A	0x9478    	SEI
;interrupt.h,11 :: 		}
L_end_set_global_interrupt:
0x046C	0x9508    	RET
; end of _set_global_interrupt
_setup_lcd:
;exti.c,141 :: 		void setup_lcd()
;exti.c,143 :: 		Lcd_Init();
0x05E2	0x922F    	PUSH       R2
0x05E4	0xDE14    	RCALL      _Lcd_Init+0
;exti.c,144 :: 		Lcd_Cmd(_LCD_CLEAR);
0x05E6	0xE0B1    	LDI        R27, 1
0x05E8	0x2E2B    	MOV        R2, R27
0x05EA	0xDF99    	RCALL      _Lcd_Cmd+0
;exti.c,145 :: 		Lcd_Cmd(_LCD_CURSOR_OFF);
0x05EC	0xE0BC    	LDI        R27, 12
0x05EE	0x2E2B    	MOV        R2, R27
0x05F0	0xDF96    	RCALL      _Lcd_Cmd+0
;exti.c,146 :: 		}
L_end_setup_lcd:
0x05F2	0x902F    	POP        R2
0x05F4	0x9508    	RET
; end of _setup_lcd
_Lcd_Init:
;__Lib_Lcd.c,84 :: 		
;__Lib_Lcd.c,86 :: 		
0x020E	0x064491B0  	LDS        R27, LCD_EN+0
0x0212	0x7FB7    	CBR        R27, 8
0x0214	0x064493B0  	STS        LCD_EN+0, R27
;__Lib_Lcd.c,87 :: 		
0x0218	0x064491B0  	LDS        R27, LCD_RS+0
0x021C	0x7FBB    	CBR        R27, 4
0x021E	0x064493B0  	STS        LCD_RS+0, R27
;__Lib_Lcd.c,88 :: 		
0x0222	0x064491B0  	LDS        R27, LCD_D7+0
0x0226	0x77BF    	CBR        R27, 128
0x0228	0x064493B0  	STS        LCD_D7+0, R27
;__Lib_Lcd.c,89 :: 		
0x022C	0x064491B0  	LDS        R27, LCD_D6+0
0x0230	0x7BBF    	CBR        R27, 64
0x0232	0x064493B0  	STS        LCD_D6+0, R27
;__Lib_Lcd.c,90 :: 		
0x0236	0x064491B0  	LDS        R27, LCD_D5+0
0x023A	0x7DBF    	CBR        R27, 32
0x023C	0x064493B0  	STS        LCD_D5+0, R27
;__Lib_Lcd.c,91 :: 		
0x0240	0x064491B0  	LDS        R27, LCD_D4+0
0x0244	0x7EBF    	CBR        R27, 16
0x0246	0x064493B0  	STS        LCD_D4+0, R27
;__Lib_Lcd.c,93 :: 		
0x024A	0x064091B0  	LDS        R27, LCD_EN_Direction+0
0x024E	0x60B8    	SBR        R27, 8
0x0250	0x064093B0  	STS        LCD_EN_Direction+0, R27
;__Lib_Lcd.c,94 :: 		
0x0254	0x064091B0  	LDS        R27, LCD_RS_Direction+0
0x0258	0x60B4    	SBR        R27, 4
0x025A	0x064093B0  	STS        LCD_RS_Direction+0, R27
;__Lib_Lcd.c,95 :: 		
0x025E	0x064091B0  	LDS        R27, LCD_D4_Direction+0
0x0262	0x61B0    	SBR        R27, 16
0x0264	0x064093B0  	STS        LCD_D4_Direction+0, R27
;__Lib_Lcd.c,96 :: 		
0x0268	0x064091B0  	LDS        R27, LCD_D5_Direction+0
0x026C	0x62B0    	SBR        R27, 32
0x026E	0x064093B0  	STS        LCD_D5_Direction+0, R27
;__Lib_Lcd.c,97 :: 		
0x0272	0x064091B0  	LDS        R27, LCD_D6_Direction+0
0x0276	0x64B0    	SBR        R27, 64
0x0278	0x064093B0  	STS        LCD_D6_Direction+0, R27
;__Lib_Lcd.c,98 :: 		
0x027C	0x064091B0  	LDS        R27, LCD_D7_Direction+0
0x0280	0x68B0    	SBR        R27, 128
0x0282	0x064093B0  	STS        LCD_D7_Direction+0, R27
;__Lib_Lcd.c,100 :: 		
0x0286	0xDFBA    	RCALL      _Delay_5500us+0
;__Lib_Lcd.c,101 :: 		
0x0288	0xDFB9    	RCALL      _Delay_5500us+0
;__Lib_Lcd.c,102 :: 		
0x028A	0xDFB8    	RCALL      _Delay_5500us+0
;__Lib_Lcd.c,105 :: 		
0x028C	0x064491B0  	LDS        R27, LCD_D5+0
0x0290	0x62B0    	SBR        R27, 32
0x0292	0x064493B0  	STS        LCD_D5+0, R27
;__Lib_Lcd.c,106 :: 		
0x0296	0x064491B0  	LDS        R27, LCD_D4+0
0x029A	0x61B0    	SBR        R27, 16
0x029C	0x064493B0  	STS        LCD_D4+0, R27
;__Lib_Lcd.c,107 :: 		
0x02A0	0x064491B0  	LDS        R27, LCD_EN+0
0x02A4	0x60B8    	SBR        R27, 8
0x02A6	0x064493B0  	STS        LCD_EN+0, R27
;__Lib_Lcd.c,108 :: 		
0x02AA	0xD0C8    	RCALL      _Delay_1us+0
;__Lib_Lcd.c,109 :: 		
0x02AC	0x064491B0  	LDS        R27, LCD_EN+0
0x02B0	0x7FB7    	CBR        R27, 8
0x02B2	0x064493B0  	STS        LCD_EN+0, R27
;__Lib_Lcd.c,110 :: 		
0x02B6	0xDFA2    	RCALL      _Delay_5500us+0
;__Lib_Lcd.c,112 :: 		
0x02B8	0x064491B0  	LDS        R27, LCD_EN+0
0x02BC	0x60B8    	SBR        R27, 8
0x02BE	0x064493B0  	STS        LCD_EN+0, R27
;__Lib_Lcd.c,113 :: 		
0x02C2	0xD0BC    	RCALL      _Delay_1us+0
;__Lib_Lcd.c,114 :: 		
0x02C4	0x064491B0  	LDS        R27, LCD_EN+0
0x02C8	0x7FB7    	CBR        R27, 8
0x02CA	0x064493B0  	STS        LCD_EN+0, R27
;__Lib_Lcd.c,115 :: 		
0x02CE	0xDF96    	RCALL      _Delay_5500us+0
;__Lib_Lcd.c,117 :: 		
0x02D0	0x064491B0  	LDS        R27, LCD_EN+0
0x02D4	0x60B8    	SBR        R27, 8
0x02D6	0x064493B0  	STS        LCD_EN+0, R27
;__Lib_Lcd.c,118 :: 		
0x02DA	0xD0B0    	RCALL      _Delay_1us+0
;__Lib_Lcd.c,119 :: 		
0x02DC	0x064491B0  	LDS        R27, LCD_EN+0
0x02E0	0x7FB7    	CBR        R27, 8
0x02E2	0x064493B0  	STS        LCD_EN+0, R27
;__Lib_Lcd.c,120 :: 		
0x02E6	0xDF8A    	RCALL      _Delay_5500us+0
;__Lib_Lcd.c,123 :: 		
0x02E8	0x064491B0  	LDS        R27, LCD_D4+0
0x02EC	0x7EBF    	CBR        R27, 16
0x02EE	0x064493B0  	STS        LCD_D4+0, R27
;__Lib_Lcd.c,124 :: 		
0x02F2	0x064491B0  	LDS        R27, LCD_EN+0
0x02F6	0x60B8    	SBR        R27, 8
0x02F8	0x064493B0  	STS        LCD_EN+0, R27
;__Lib_Lcd.c,125 :: 		
0x02FC	0xD09F    	RCALL      _Delay_1us+0
;__Lib_Lcd.c,126 :: 		
0x02FE	0x064491B0  	LDS        R27, LCD_EN+0
0x0302	0x7FB7    	CBR        R27, 8
0x0304	0x064493B0  	STS        LCD_EN+0, R27
;__Lib_Lcd.c,127 :: 		
0x0308	0xDF79    	RCALL      _Delay_5500us+0
;__Lib_Lcd.c,130 :: 		
0x030A	0x064491B0  	LDS        R27, LCD_EN+0
0x030E	0x60B8    	SBR        R27, 8
0x0310	0x064493B0  	STS        LCD_EN+0, R27
;__Lib_Lcd.c,131 :: 		
0x0314	0xD093    	RCALL      _Delay_1us+0
;__Lib_Lcd.c,132 :: 		
0x0316	0x064491B0  	LDS        R27, LCD_EN+0
0x031A	0x7FB7    	CBR        R27, 8
0x031C	0x064493B0  	STS        LCD_EN+0, R27
;__Lib_Lcd.c,134 :: 		
0x0320	0x064491B0  	LDS        R27, LCD_D5+0
0x0324	0x7DBF    	CBR        R27, 32
0x0326	0x064493B0  	STS        LCD_D5+0, R27
;__Lib_Lcd.c,135 :: 		
0x032A	0x064491B0  	LDS        R27, LCD_D7+0
0x032E	0x68B0    	SBR        R27, 128
0x0330	0x064493B0  	STS        LCD_D7+0, R27
;__Lib_Lcd.c,136 :: 		
0x0334	0x064491B0  	LDS        R27, LCD_EN+0
0x0338	0x60B8    	SBR        R27, 8
0x033A	0x064493B0  	STS        LCD_EN+0, R27
;__Lib_Lcd.c,137 :: 		
0x033E	0xD07E    	RCALL      _Delay_1us+0
;__Lib_Lcd.c,138 :: 		
0x0340	0x064491B0  	LDS        R27, LCD_EN+0
0x0344	0x7FB7    	CBR        R27, 8
0x0346	0x064493B0  	STS        LCD_EN+0, R27
;__Lib_Lcd.c,139 :: 		
0x034A	0xDF58    	RCALL      _Delay_5500us+0
;__Lib_Lcd.c,142 :: 		
0x034C	0x064491B0  	LDS        R27, LCD_D7+0
0x0350	0x77BF    	CBR        R27, 128
0x0352	0x064493B0  	STS        LCD_D7+0, R27
;__Lib_Lcd.c,143 :: 		
0x0356	0x064491B0  	LDS        R27, LCD_D4+0
0x035A	0x61B0    	SBR        R27, 16
0x035C	0x064493B0  	STS        LCD_D4+0, R27
;__Lib_Lcd.c,144 :: 		
0x0360	0x064491B0  	LDS        R27, LCD_EN+0
0x0364	0x60B8    	SBR        R27, 8
0x0366	0x064493B0  	STS        LCD_EN+0, R27
;__Lib_Lcd.c,145 :: 		
0x036A	0xD068    	RCALL      _Delay_1us+0
;__Lib_Lcd.c,146 :: 		
0x036C	0x064491B0  	LDS        R27, LCD_EN+0
0x0370	0x7FB7    	CBR        R27, 8
0x0372	0x064493B0  	STS        LCD_EN+0, R27
;__Lib_Lcd.c,148 :: 		
0x0376	0x064491B0  	LDS        R27, LCD_D4+0
0x037A	0x7EBF    	CBR        R27, 16
0x037C	0x064493B0  	STS        LCD_D4+0, R27
;__Lib_Lcd.c,149 :: 		
0x0380	0x064491B0  	LDS        R27, LCD_EN+0
0x0384	0x60B8    	SBR        R27, 8
0x0386	0x064493B0  	STS        LCD_EN+0, R27
;__Lib_Lcd.c,150 :: 		
0x038A	0xD058    	RCALL      _Delay_1us+0
;__Lib_Lcd.c,151 :: 		
0x038C	0x064491B0  	LDS        R27, LCD_EN+0
0x0390	0x7FB7    	CBR        R27, 8
0x0392	0x064493B0  	STS        LCD_EN+0, R27
;__Lib_Lcd.c,152 :: 		
0x0396	0xDF32    	RCALL      _Delay_5500us+0
;__Lib_Lcd.c,155 :: 		
0x0398	0x064491B0  	LDS        R27, LCD_EN+0
0x039C	0x60B8    	SBR        R27, 8
0x039E	0x064493B0  	STS        LCD_EN+0, R27
;__Lib_Lcd.c,156 :: 		
0x03A2	0xD04C    	RCALL      _Delay_1us+0
;__Lib_Lcd.c,157 :: 		
0x03A4	0x064491B0  	LDS        R27, LCD_EN+0
0x03A8	0x7FB7    	CBR        R27, 8
0x03AA	0x064493B0  	STS        LCD_EN+0, R27
;__Lib_Lcd.c,159 :: 		
0x03AE	0x064491B0  	LDS        R27, LCD_D4+0
0x03B2	0x61B0    	SBR        R27, 16
0x03B4	0x064493B0  	STS        LCD_D4+0, R27
;__Lib_Lcd.c,160 :: 		
0x03B8	0x064491B0  	LDS        R27, LCD_EN+0
0x03BC	0x60B8    	SBR        R27, 8
0x03BE	0x064493B0  	STS        LCD_EN+0, R27
;__Lib_Lcd.c,161 :: 		
0x03C2	0xD03C    	RCALL      _Delay_1us+0
;__Lib_Lcd.c,162 :: 		
0x03C4	0x064491B0  	LDS        R27, LCD_EN+0
0x03C8	0x7FB7    	CBR        R27, 8
0x03CA	0x064493B0  	STS        LCD_EN+0, R27
;__Lib_Lcd.c,163 :: 		
0x03CE	0xDF16    	RCALL      _Delay_5500us+0
;__Lib_Lcd.c,166 :: 		
0x03D0	0x064491B0  	LDS        R27, LCD_D4+0
0x03D4	0x7EBF    	CBR        R27, 16
0x03D6	0x064493B0  	STS        LCD_D4+0, R27
;__Lib_Lcd.c,167 :: 		
0x03DA	0x064491B0  	LDS        R27, LCD_EN+0
0x03DE	0x60B8    	SBR        R27, 8
0x03E0	0x064493B0  	STS        LCD_EN+0, R27
;__Lib_Lcd.c,168 :: 		
0x03E4	0xD02B    	RCALL      _Delay_1us+0
;__Lib_Lcd.c,169 :: 		
0x03E6	0x064491B0  	LDS        R27, LCD_EN+0
0x03EA	0x7FB7    	CBR        R27, 8
0x03EC	0x064493B0  	STS        LCD_EN+0, R27
;__Lib_Lcd.c,171 :: 		
0x03F0	0x064491B0  	LDS        R27, LCD_D7+0
0x03F4	0x68B0    	SBR        R27, 128
0x03F6	0x064493B0  	STS        LCD_D7+0, R27
;__Lib_Lcd.c,172 :: 		
0x03FA	0x064491B0  	LDS        R27, LCD_D6+0
0x03FE	0x64B0    	SBR        R27, 64
0x0400	0x064493B0  	STS        LCD_D6+0, R27
;__Lib_Lcd.c,173 :: 		
0x0404	0x064491B0  	LDS        R27, LCD_D5+0
0x0408	0x62B0    	SBR        R27, 32
0x040A	0x064493B0  	STS        LCD_D5+0, R27
;__Lib_Lcd.c,174 :: 		
0x040E	0x064491B0  	LDS        R27, LCD_D4+0
0x0412	0x61B0    	SBR        R27, 16
0x0414	0x064493B0  	STS        LCD_D4+0, R27
;__Lib_Lcd.c,175 :: 		
0x0418	0x064491B0  	LDS        R27, LCD_EN+0
0x041C	0x60B8    	SBR        R27, 8
0x041E	0x064493B0  	STS        LCD_EN+0, R27
;__Lib_Lcd.c,176 :: 		
0x0422	0xD00C    	RCALL      _Delay_1us+0
;__Lib_Lcd.c,177 :: 		
0x0424	0x064491B0  	LDS        R27, LCD_EN+0
0x0428	0x7FB7    	CBR        R27, 8
0x042A	0x064493B0  	STS        LCD_EN+0, R27
;__Lib_Lcd.c,179 :: 		
0x042E	0xDEE6    	RCALL      _Delay_5500us+0
;__Lib_Lcd.c,181 :: 		
0x0430	0x200091B0  	LDS        R27, __Lib_Lcd_cmd_status+0
0x0434	0x60B1    	SBR        R27, 1
0x0436	0x200093B0  	STS        __Lib_Lcd_cmd_status+0, R27
;__Lib_Lcd.c,182 :: 		
L_end_Lcd_Init:
0x043A	0x9508    	RET
; end of _Lcd_Init
_Delay_5500us:
;__Lib_Delays.c,30 :: 		void Delay_5500us() {
;__Lib_Delays.c,31 :: 		Delay_us(5500);
0x01FC	0xE31A    	LDI        R17, 58
0x01FE	0xE203    	LDI        R16, 35
L_Delay_5500us12:
0x0200	0x950A    	DEC        R16
0x0202	0xF7F1    	BRNE       L_Delay_5500us12
0x0204	0x951A    	DEC        R17
0x0206	0xF7E1    	BRNE       L_Delay_5500us12
0x0208	0x0000    	NOP
0x020A	0x0000    	NOP
;__Lib_Delays.c,32 :: 		}
L_end_Delay_5500us:
0x020C	0x9508    	RET
; end of _Delay_5500us
_Delay_1us:
;__Lib_Delays.c,6 :: 		void Delay_1us() {
;__Lib_Delays.c,7 :: 		Delay_us(1);
0x043C	0xE002    	LDI        R16, 2
L_Delay_1us0:
0x043E	0x950A    	DEC        R16
0x0440	0xF7F1    	BRNE       L_Delay_1us0
0x0442	0x0000    	NOP
0x0444	0x0000    	NOP
;__Lib_Delays.c,8 :: 		}
L_end_Delay_1us:
0x0446	0x9508    	RET
; end of _Delay_1us
_Lcd_Cmd:
;__Lib_Lcd.c,18 :: 		
;__Lib_Lcd.c,20 :: 		
0x051E	0xFA27    	BST        R2, 7
0x0520	0x064491B0  	LDS        R27, LCD_D7+0
0x0524	0xF9B7    	BLD        R27, 7
0x0526	0x064493B0  	STS        LCD_D7+0, R27
;__Lib_Lcd.c,21 :: 		
0x052A	0xFA26    	BST        R2, 6
0x052C	0x064491B0  	LDS        R27, LCD_D6+0
0x0530	0xF9B6    	BLD        R27, 6
0x0532	0x064493B0  	STS        LCD_D6+0, R27
;__Lib_Lcd.c,22 :: 		
0x0536	0xFA25    	BST        R2, 5
0x0538	0x064491B0  	LDS        R27, LCD_D5+0
0x053C	0xF9B5    	BLD        R27, 5
0x053E	0x064493B0  	STS        LCD_D5+0, R27
;__Lib_Lcd.c,23 :: 		
0x0542	0xFA24    	BST        R2, 4
0x0544	0x064491B0  	LDS        R27, LCD_D4+0
0x0548	0xF9B4    	BLD        R27, 4
0x054A	0x064493B0  	STS        LCD_D4+0, R27
;__Lib_Lcd.c,25 :: 		
0x054E	0x200091B0  	LDS        R27, __Lib_Lcd_cmd_status+0
0x0552	0x06449000  	LDS        R0, LCD_RS+0
0x0556	0x94E8    	CLT
0x0558	0xFFB0    	SBRS       R27, 0
0x055A	0x9468    	SET
0x055C	0xF802    	BLD        R0, 2
0x055E	0x06449200  	STS        LCD_RS+0, R0
;__Lib_Lcd.c,28 :: 		
0x0562	0x064491B0  	LDS        R27, LCD_EN+0
0x0566	0x60B8    	SBR        R27, 8
0x0568	0x064493B0  	STS        LCD_EN+0, R27
;__Lib_Lcd.c,29 :: 		
0x056C	0xDF67    	RCALL      _Delay_1us+0
;__Lib_Lcd.c,30 :: 		
0x056E	0x064491B0  	LDS        R27, LCD_EN+0
0x0572	0x7FB7    	CBR        R27, 8
0x0574	0x064493B0  	STS        LCD_EN+0, R27
;__Lib_Lcd.c,33 :: 		
0x0578	0xFA23    	BST        R2, 3
0x057A	0x064491B0  	LDS        R27, LCD_D7+0
0x057E	0xF9B7    	BLD        R27, 7
0x0580	0x064493B0  	STS        LCD_D7+0, R27
;__Lib_Lcd.c,34 :: 		
0x0584	0xFA22    	BST        R2, 2
0x0586	0x064491B0  	LDS        R27, LCD_D6+0
0x058A	0xF9B6    	BLD        R27, 6
0x058C	0x064493B0  	STS        LCD_D6+0, R27
;__Lib_Lcd.c,35 :: 		
0x0590	0xFA21    	BST        R2, 1
0x0592	0x064491B0  	LDS        R27, LCD_D5+0
0x0596	0xF9B5    	BLD        R27, 5
0x0598	0x064493B0  	STS        LCD_D5+0, R27
;__Lib_Lcd.c,36 :: 		
0x059C	0xFA20    	BST        R2, 0
0x059E	0x064491B0  	LDS        R27, LCD_D4+0
0x05A2	0xF9B4    	BLD        R27, 4
0x05A4	0x064493B0  	STS        LCD_D4+0, R27
;__Lib_Lcd.c,38 :: 		
0x05A8	0x200091B0  	LDS        R27, __Lib_Lcd_cmd_status+0
0x05AC	0x06449000  	LDS        R0, LCD_RS+0
0x05B0	0x94E8    	CLT
0x05B2	0xFFB0    	SBRS       R27, 0
0x05B4	0x9468    	SET
0x05B6	0xF802    	BLD        R0, 2
0x05B8	0x06449200  	STS        LCD_RS+0, R0
;__Lib_Lcd.c,40 :: 		
0x05BC	0x064491B0  	LDS        R27, LCD_EN+0
0x05C0	0x60B8    	SBR        R27, 8
0x05C2	0x064493B0  	STS        LCD_EN+0, R27
;__Lib_Lcd.c,41 :: 		
0x05C6	0xDF3A    	RCALL      _Delay_1us+0
;__Lib_Lcd.c,42 :: 		
0x05C8	0x064491B0  	LDS        R27, LCD_EN+0
0x05CC	0x7FB7    	CBR        R27, 8
0x05CE	0x064493B0  	STS        LCD_EN+0, R27
;__Lib_Lcd.c,44 :: 		
0x05D2	0x200091B0  	LDS        R27, __Lib_Lcd_cmd_status+0
0x05D6	0xFFB0    	SBRS       R27, 0
0x05D8	0xC002    	RJMP       L_Lcd_Cmd0
;__Lib_Lcd.c,45 :: 		
0x05DA	0xDE10    	RCALL      _Delay_5500us+0
0x05DC	0xC001    	RJMP       L_Lcd_Cmd1
L_Lcd_Cmd0:
;__Lib_Lcd.c,47 :: 		
0x05DE	0xDF40    	RCALL      _Delay_50us+0
L_Lcd_Cmd1:
;__Lib_Lcd.c,48 :: 		
L_end_Lcd_Cmd:
0x05E0	0x9508    	RET
; end of _Lcd_Cmd
_Delay_50us:
;__Lib_Delays.c,18 :: 		void Delay_50us() {
;__Lib_Delays.c,19 :: 		Delay_us(50);
0x0460	0xE805    	LDI        R16, 133
L_Delay_50us6:
0x0462	0x950A    	DEC        R16
0x0464	0xF7F1    	BRNE       L_Delay_50us6
0x0466	0x0000    	NOP
;__Lib_Delays.c,20 :: 		}
L_end_Delay_50us:
0x0468	0x9508    	RET
; end of _Delay_50us
_Lcd_Out:
;__Lib_Lcd.c,184 :: 		
;__Lib_Lcd.c,187 :: 		
0x0490	0x922F    	PUSH       R2
0x0492	0xC00F    	RJMP       L_Lcd_Out11
;__Lib_Lcd.c,188 :: 		
L_Lcd_Out13:
0x0494	0xE8B0    	LDI        R27, 128
0x0496	0x2E2B    	MOV        R2, R27
0x0498	0xC019    	RJMP       L_Lcd_Out12
;__Lib_Lcd.c,189 :: 		
L_Lcd_Out14:
0x049A	0xECB0    	LDI        R27, 192
0x049C	0x2E2B    	MOV        R2, R27
0x049E	0xC016    	RJMP       L_Lcd_Out12
;__Lib_Lcd.c,190 :: 		
L_Lcd_Out15:
0x04A0	0xE9B4    	LDI        R27, 148
0x04A2	0x2E2B    	MOV        R2, R27
0x04A4	0xC013    	RJMP       L_Lcd_Out12
;__Lib_Lcd.c,191 :: 		
L_Lcd_Out16:
0x04A6	0xEDB4    	LDI        R27, 212
0x04A8	0x2E2B    	MOV        R2, R27
0x04AA	0xC010    	RJMP       L_Lcd_Out12
;__Lib_Lcd.c,192 :: 		
L_Lcd_Out17:
0x04AC	0xE8B0    	LDI        R27, 128
0x04AE	0x2E2B    	MOV        R2, R27
;__Lib_Lcd.c,193 :: 		
0x04B0	0xC00D    	RJMP       L_Lcd_Out12
L_Lcd_Out11:
0x04B2	0xE0B1    	LDI        R27, 1
0x04B4	0x162B    	CP         R2, R27
0x04B6	0xF371    	BREQ       L_Lcd_Out13
L__Lcd_Out35:
0x04B8	0xE0B2    	LDI        R27, 2
0x04BA	0x162B    	CP         R2, R27
0x04BC	0xF371    	BREQ       L_Lcd_Out14
L__Lcd_Out36:
0x04BE	0xE0B3    	LDI        R27, 3
0x04C0	0x162B    	CP         R2, R27
0x04C2	0xF371    	BREQ       L_Lcd_Out15
L__Lcd_Out37:
0x04C4	0xE0B4    	LDI        R27, 4
0x04C6	0x162B    	CP         R2, R27
0x04C8	0xF371    	BREQ       L_Lcd_Out16
L__Lcd_Out38:
0x04CA	0xCFF0    	RJMP       L_Lcd_Out17
L_Lcd_Out12:
;__Lib_Lcd.c,194 :: 		
0x04CC	0x2D03    	MOV        R16, R3
0x04CE	0x5001    	SUBI       R16, 1
0x04D0	0x0D02    	ADD        R16, R2
0x04D2	0x2E20    	MOV        R2, R16
;__Lib_Lcd.c,196 :: 		
0x04D4	0x2E20    	MOV        R2, R16
0x04D6	0xD023    	RCALL      _Lcd_Cmd+0
;__Lib_Lcd.c,197 :: 		
0x04D8	0x200091B0  	LDS        R27, __Lib_Lcd_cmd_status+0
0x04DC	0x7FBE    	CBR        R27, 1
0x04DE	0x200093B0  	STS        __Lib_Lcd_cmd_status+0, R27
;__Lib_Lcd.c,198 :: 		
; i start address is: 17 (R17)
0x04E2	0xE010    	LDI        R17, 0
; i end address is: 17 (R17)
;__Lib_Lcd.c,199 :: 		
L_Lcd_Out18:
; i start address is: 17 (R17)
0x04E4	0x2FE1    	MOV        R30, R17
0x04E6	0xE0F0    	LDI        R31, 0
0x04E8	0x0DE4    	ADD        R30, R4
0x04EA	0x1DF5    	ADC        R31, R5
0x04EC	0x8100    	LD         R16, Z
0x04EE	0x2300    	TST        R16
0x04F0	0xF079    	BREQ       L_Lcd_Out19
L__Lcd_Out39:
;__Lib_Lcd.c,200 :: 		
0x04F2	0x2FE1    	MOV        R30, R17
0x04F4	0xE0F0    	LDI        R31, 0
0x04F6	0x0DE4    	ADD        R30, R4
0x04F8	0x1DF5    	ADC        R31, R5
0x04FA	0x8100    	LD         R16, Z
0x04FC	0x931F    	PUSH       R17
0x04FE	0x922F    	PUSH       R2
0x0500	0x2E20    	MOV        R2, R16
0x0502	0xDFA2    	RCALL      _Lcd_Chr_CP+0
0x0504	0x902F    	POP        R2
0x0506	0x911F    	POP        R17
0x0508	0x2F01    	MOV        R16, R17
0x050A	0x5F0F    	SUBI       R16, 255
0x050C	0x2F10    	MOV        R17, R16
; i end address is: 17 (R17)
0x050E	0xCFEA    	RJMP       L_Lcd_Out18
L_Lcd_Out19:
;__Lib_Lcd.c,201 :: 		
0x0510	0x200091B0  	LDS        R27, __Lib_Lcd_cmd_status+0
0x0514	0x60B1    	SBR        R27, 1
0x0516	0x200093B0  	STS        __Lib_Lcd_cmd_status+0, R27
;__Lib_Lcd.c,202 :: 		
L_end_Lcd_Out:
0x051A	0x902F    	POP        R2
0x051C	0x9508    	RET
; end of _Lcd_Out
_Lcd_Chr_CP:
;__Lib_Lcd.c,50 :: 		
;__Lib_Lcd.c,52 :: 		
0x0448	0x200091B0  	LDS        R27, __Lib_Lcd_cmd_status+0
0x044C	0x7FBE    	CBR        R27, 1
0x044E	0x200093B0  	STS        __Lib_Lcd_cmd_status+0, R27
;__Lib_Lcd.c,53 :: 		
0x0452	0xD065    	RCALL      _Lcd_Cmd+0
;__Lib_Lcd.c,54 :: 		
0x0454	0x200091B0  	LDS        R27, __Lib_Lcd_cmd_status+0
0x0458	0x60B1    	SBR        R27, 1
0x045A	0x200093B0  	STS        __Lib_Lcd_cmd_status+0, R27
;__Lib_Lcd.c,55 :: 		
L_end_Lcd_Chr_CP:
0x045E	0x9508    	RET
; end of _Lcd_Chr_CP
_PORTA_INT1_ISR:
0x0882	0x920F    	PUSH       R0
0x0884	0x922F    	PUSH       R2
0x0886	0x930F    	PUSH       R16
0x0888	0x931F    	PUSH       R17
0x088A	0x932F    	PUSH       R18
0x088C	0x933F    	PUSH       R19
0x088E	0x93EF    	PUSH       R30
0x0890	0x93FF    	PUSH       R31
0x0892	0x93BF    	PUSH       R27
0x0894	0xB7BF    	IN         R27, SREG+0
0x0896	0x93BF    	PUSH       R27
0x0898	0x93CF    	PUSH       R28
0x089A	0x93DF    	PUSH       R29
0x089C	0xB7CD    	IN         R28, SPL+0
0x089E	0xB7DE    	IN         R29, SPL+1
0x08A0	0x972F    	SBIW       R28, 15
0x08A2	0xBFCD    	OUT        SPL+0, R28
0x08A4	0xBFDE    	OUT        SPL+1, R29
0x08A6	0x9621    	ADIW       R28, 1
;exti.c,45 :: 		org IVT_ADDR_PORTA_INT1
;exti.c,47 :: 		unsigned char s = 16;
0x08A8	0x922F    	PUSH       R2
0x08AA	0x923F    	PUSH       R3
0x08AC	0x924F    	PUSH       R4
0x08AE	0x925F    	PUSH       R5
0x08B0	0xE1B0    	LDI        R27, 16
0x08B2	0x87BE    	STD        Y+14, R27
;exti.c,49 :: 		while(s > 0)
L_PORTA_INT1_ISR4:
0x08B4	0x851E    	LDD        R17, Y+14
0x08B6	0xE000    	LDI        R16, 0
0x08B8	0x1701    	CP         R16, R17
0x08BA	0xF5B8    	BRSH       L_PORTA_INT1_ISR5
L__PORTA_INT1_ISR23:
;exti.c,51 :: 		Lcd_Cmd(_LCD_CLEAR);
0x08BC	0xE0B1    	LDI        R27, 1
0x08BE	0x2E2B    	MOV        R2, R27
0x08C0	0xDE2E    	RCALL      _Lcd_Cmd+0
;exti.c,52 :: 		Lcd_Out(1, 1, "HIGH Lvl");
0x08C2	0xE5E4    	LDI        R30, lo_addr(?ICS?lstr3_exti+0)
0x08C4	0xE0F9    	LDI        R31, hi_addr(?ICS?lstr3_exti+0)
0x08C6	0x01DE    	MOVW       R26, R28
0x08C8	0xE089    	LDI        R24, 9
0x08CA	0xE090    	LDI        R25, 0
0x08CC	0xDDDC    	RCALL      ___CC2DW+0
0x08CE	0x018E    	MOVW       R16, R28
0x08D0	0x0128    	MOVW       R4, R16
0x08D2	0xE0B1    	LDI        R27, 1
0x08D4	0x2E3B    	MOV        R3, R27
0x08D6	0xE0B1    	LDI        R27, 1
0x08D8	0x2E2B    	MOV        R2, R27
0x08DA	0xDDDA    	RCALL      _Lcd_Out+0
;exti.c,53 :: 		Lcd_Out(2, 3, "ISR.");
0x08DC	0xE4B9    	LDI        R27, 73
0x08DE	0x87B9    	STD        Y+9, R27
0x08E0	0xE5B3    	LDI        R27, 83
0x08E2	0x87BA    	STD        Y+10, R27
0x08E4	0xE5B2    	LDI        R27, 82
0x08E6	0x87BB    	STD        Y+11, R27
0x08E8	0xE2BE    	LDI        R27, 46
0x08EA	0x87BC    	STD        Y+12, R27
0x08EC	0xE0B0    	LDI        R27, 0
0x08EE	0x87BD    	STD        Y+13, R27
0x08F0	0x018E    	MOVW       R16, R28
0x08F2	0x5F07    	SUBI       R16, 247
0x08F4	0x4F1F    	SBCI       R17, 255
0x08F6	0x0128    	MOVW       R4, R16
0x08F8	0xE0B3    	LDI        R27, 3
0x08FA	0x2E3B    	MOV        R3, R27
0x08FC	0xE0B2    	LDI        R27, 2
0x08FE	0x2E2B    	MOV        R2, R27
0x0900	0xDDC7    	RCALL      _Lcd_Out+0
;exti.c,54 :: 		PORTD_OUT.B2 ^= 1;
0x0902	0x06649000  	LDS        R0, PORTD_OUT+0
0x0906	0xE0B4    	LDI        R27, 4
0x0908	0x260B    	EOR        R0, R27
0x090A	0x06649200  	STS        PORTD_OUT+0, R0
;exti.c,55 :: 		delay_ms(200);
0x090E	0xE029    	LDI        R18, 9
0x0910	0xE11E    	LDI        R17, 30
0x0912	0xEE05    	LDI        R16, 229
L_PORTA_INT1_ISR6:
0x0914	0x950A    	DEC        R16
0x0916	0xF7F1    	BRNE       L_PORTA_INT1_ISR6
0x0918	0x951A    	DEC        R17
0x091A	0xF7E1    	BRNE       L_PORTA_INT1_ISR6
0x091C	0x952A    	DEC        R18
0x091E	0xF7D1    	BRNE       L_PORTA_INT1_ISR6
0x0920	0x0000    	NOP
;exti.c,56 :: 		s--;
0x0922	0x850E    	LDD        R16, Y+14
0x0924	0x5001    	SUBI       R16, 1
0x0926	0x870E    	STD        Y+14, R16
;exti.c,57 :: 		}
0x0928	0xCFC5    	RJMP       L_PORTA_INT1_ISR4
L_PORTA_INT1_ISR5:
;exti.c,58 :: 		}
L_end_PORTA_INT1_ISR:
0x092A	0x905F    	POP        R5
0x092C	0x904F    	POP        R4
0x092E	0x903F    	POP        R3
0x0930	0x902F    	POP        R2
0x0932	0x962E    	ADIW       R28, 14
0x0934	0xBFCD    	OUT        SPL+0, R28
0x0936	0xBFDE    	OUT        SPL+1, R29
0x0938	0x91DF    	POP        R29
0x093A	0x91CF    	POP        R28
0x093C	0x91BF    	POP        R27
0x093E	0xBFBF    	OUT        SREG+0, R27
0x0940	0x91BF    	POP        R27
0x0942	0x91FF    	POP        R31
0x0944	0x91EF    	POP        R30
0x0946	0x913F    	POP        R19
0x0948	0x912F    	POP        R18
0x094A	0x911F    	POP        R17
0x094C	0x910F    	POP        R16
0x094E	0x902F    	POP        R2
0x0950	0x900F    	POP        R0
0x0952	0x9518    	RETI
; end of _PORTA_INT1_ISR
___CC2DW:
;__Lib_System.c,25 :: 		
;__Lib_System.c,27 :: 		
L_loopDW:
;__Lib_System.c,28 :: 		
0x0486	0x9005    	LPM        R0, Z+
;__Lib_System.c,29 :: 		
0x0488	0x920D    	ST         X+, R0
;__Lib_System.c,30 :: 		
0x048A	0x9701    	SBIW       R24, 1
;__Lib_System.c,31 :: 		
0x048C	0xF7E1    	BRNE       L_loopDW
;__Lib_System.c,33 :: 		
L_end___CC2DW:
0x048E	0x9508    	RET
; end of ___CC2DW
_PORTA_INT0_ISR:
0x06F8	0x920F    	PUSH       R0
0x06FA	0x922F    	PUSH       R2
0x06FC	0x930F    	PUSH       R16
0x06FE	0x931F    	PUSH       R17
0x0700	0x932F    	PUSH       R18
0x0702	0x933F    	PUSH       R19
0x0704	0x938F    	PUSH       R24
0x0706	0x939F    	PUSH       R25
0x0708	0x93AF    	PUSH       R26
0x070A	0x93BF    	PUSH       R27
0x070C	0x93EF    	PUSH       R30
0x070E	0x93FF    	PUSH       R31
0x0710	0x93EF    	PUSH       R30
0x0712	0x93FF    	PUSH       R31
0x0714	0x93BF    	PUSH       R27
0x0716	0xB7BF    	IN         R27, SREG+0
0x0718	0x93BF    	PUSH       R27
0x071A	0x93CF    	PUSH       R28
0x071C	0x93DF    	PUSH       R29
0x071E	0xB7CD    	IN         R28, SPL+0
0x0720	0xB7DE    	IN         R29, SPL+1
0x0722	0x972E    	SBIW       R28, 14
0x0724	0xBFCD    	OUT        SPL+0, R28
0x0726	0xBFDE    	OUT        SPL+1, R29
0x0728	0x9621    	ADIW       R28, 1
;exti.c,28 :: 		org IVT_ADDR_PORTA_INT0
;exti.c,30 :: 		unsigned char s = 16;
0x072A	0x922F    	PUSH       R2
0x072C	0x923F    	PUSH       R3
0x072E	0x924F    	PUSH       R4
0x0730	0x925F    	PUSH       R5
0x0732	0xE1B0    	LDI        R27, 16
0x0734	0x87BD    	STD        Y+13, R27
;exti.c,32 :: 		while(s > 0)
L_PORTA_INT0_ISR0:
0x0736	0x851D    	LDD        R17, Y+13
0x0738	0xE000    	LDI        R16, 0
0x073A	0x1701    	CP         R16, R17
0x073C	0xF5B8    	BRSH       L_PORTA_INT0_ISR1
L__PORTA_INT0_ISR19:
;exti.c,34 :: 		Lcd_Cmd(_LCD_CLEAR);
0x073E	0xE0B1    	LDI        R27, 1
0x0740	0x2E2B    	MOV        R2, R27
0x0742	0xDEED    	RCALL      _Lcd_Cmd+0
;exti.c,35 :: 		Lcd_Out(1, 1, "LOW Lvl");
0x0744	0xE6E3    	LDI        R30, lo_addr(?ICS?lstr1_exti+0)
0x0746	0xE0F9    	LDI        R31, hi_addr(?ICS?lstr1_exti+0)
0x0748	0x01DE    	MOVW       R26, R28
0x074A	0xE088    	LDI        R24, 8
0x074C	0xE090    	LDI        R25, 0
0x074E	0xDE9B    	RCALL      ___CC2DW+0
0x0750	0x018E    	MOVW       R16, R28
0x0752	0x0128    	MOVW       R4, R16
0x0754	0xE0B1    	LDI        R27, 1
0x0756	0x2E3B    	MOV        R3, R27
0x0758	0xE0B1    	LDI        R27, 1
0x075A	0x2E2B    	MOV        R2, R27
0x075C	0xDE99    	RCALL      _Lcd_Out+0
;exti.c,36 :: 		Lcd_Out(2, 3, "ISR.");
0x075E	0xE4B9    	LDI        R27, 73
0x0760	0x87B8    	STD        Y+8, R27
0x0762	0xE5B3    	LDI        R27, 83
0x0764	0x87B9    	STD        Y+9, R27
0x0766	0xE5B2    	LDI        R27, 82
0x0768	0x87BA    	STD        Y+10, R27
0x076A	0xE2BE    	LDI        R27, 46
0x076C	0x87BB    	STD        Y+11, R27
0x076E	0xE0B0    	LDI        R27, 0
0x0770	0x87BC    	STD        Y+12, R27
0x0772	0x018E    	MOVW       R16, R28
0x0774	0x5F08    	SUBI       R16, 248
0x0776	0x4F1F    	SBCI       R17, 255
0x0778	0x0128    	MOVW       R4, R16
0x077A	0xE0B3    	LDI        R27, 3
0x077C	0x2E3B    	MOV        R3, R27
0x077E	0xE0B2    	LDI        R27, 2
0x0780	0x2E2B    	MOV        R2, R27
0x0782	0xDE86    	RCALL      _Lcd_Out+0
;exti.c,37 :: 		PORTD_OUT.B1 ^= 1;
0x0784	0x06649000  	LDS        R0, PORTD_OUT+0
0x0788	0xE0B2    	LDI        R27, 2
0x078A	0x260B    	EOR        R0, R27
0x078C	0x06649200  	STS        PORTD_OUT+0, R0
;exti.c,38 :: 		delay_ms(200);
0x0790	0xE029    	LDI        R18, 9
0x0792	0xE11E    	LDI        R17, 30
0x0794	0xEE05    	LDI        R16, 229
L_PORTA_INT0_ISR2:
0x0796	0x950A    	DEC        R16
0x0798	0xF7F1    	BRNE       L_PORTA_INT0_ISR2
0x079A	0x951A    	DEC        R17
0x079C	0xF7E1    	BRNE       L_PORTA_INT0_ISR2
0x079E	0x952A    	DEC        R18
0x07A0	0xF7D1    	BRNE       L_PORTA_INT0_ISR2
0x07A2	0x0000    	NOP
;exti.c,39 :: 		s--;
0x07A4	0x850D    	LDD        R16, Y+13
0x07A6	0x5001    	SUBI       R16, 1
0x07A8	0x870D    	STD        Y+13, R16
;exti.c,40 :: 		}
0x07AA	0xCFC5    	RJMP       L_PORTA_INT0_ISR0
L_PORTA_INT0_ISR1:
;exti.c,41 :: 		}
L_end_PORTA_INT0_ISR:
0x07AC	0x905F    	POP        R5
0x07AE	0x904F    	POP        R4
0x07B0	0x903F    	POP        R3
0x07B2	0x902F    	POP        R2
0x07B4	0x962D    	ADIW       R28, 13
0x07B6	0xBFCD    	OUT        SPL+0, R28
0x07B8	0xBFDE    	OUT        SPL+1, R29
0x07BA	0x91DF    	POP        R29
0x07BC	0x91CF    	POP        R28
0x07BE	0x91BF    	POP        R27
0x07C0	0xBFBF    	OUT        SREG+0, R27
0x07C2	0x91BF    	POP        R27
0x07C4	0x91FF    	POP        R31
0x07C6	0x91EF    	POP        R30
0x07C8	0x91FF    	POP        R31
0x07CA	0x91EF    	POP        R30
0x07CC	0x91BF    	POP        R27
0x07CE	0x91AF    	POP        R26
0x07D0	0x919F    	POP        R25
0x07D2	0x918F    	POP        R24
0x07D4	0x913F    	POP        R19
0x07D6	0x912F    	POP        R18
0x07D8	0x911F    	POP        R17
0x07DA	0x910F    	POP        R16
0x07DC	0x902F    	POP        R2
0x07DE	0x900F    	POP        R0
0x07E0	0x9518    	RETI
; end of _PORTA_INT0_ISR
;exti.c,0 :: ?ICS?lstr5_exti
0x0971	0x614D ;?ICS?lstr5_exti+0
0x0973	0x6E69 ;?ICS?lstr5_exti+2
0x0975	0x00 ;?ICS?lstr5_exti+4
; end of ?ICS?lstr5_exti
;exti.c,0 :: ?ICS?lstr6_exti
0x0976	0x6F4C ;?ICS?lstr6_exti+0
0x0978	0x706F ;?ICS?lstr6_exti+2
0x097A	0x00 ;?ICS?lstr6_exti+4
; end of ?ICS?lstr6_exti
;exti.c,0 :: ?ICS?lstr3_exti
0x0954	0x4948 ;?ICS?lstr3_exti+0
0x0956	0x4847 ;?ICS?lstr3_exti+2
0x0958	0x4C20 ;?ICS?lstr3_exti+4
0x095A	0x6C76 ;?ICS?lstr3_exti+6
0x095C	0x00 ;?ICS?lstr3_exti+8
; end of ?ICS?lstr3_exti
;exti.c,0 :: ?ICS?lstr4_exti
0x095D	0x5349 ;?ICS?lstr4_exti+0
0x095F	0x2E52 ;?ICS?lstr4_exti+2
0x0961	0x00 ;?ICS?lstr4_exti+4
; end of ?ICS?lstr4_exti
;exti.c,0 :: ?ICSPORTA_INT1_ISR_s_L0
0x0962	0x10 ;?ICSPORTA_INT1_ISR_s_L0+0
; end of ?ICSPORTA_INT1_ISR_s_L0
;exti.c,0 :: ?ICS?lstr1_exti
0x0963	0x4F4C ;?ICS?lstr1_exti+0
0x0965	0x2057 ;?ICS?lstr1_exti+2
0x0967	0x764C ;?ICS?lstr1_exti+4
0x0969	0x006C ;?ICS?lstr1_exti+6
; end of ?ICS?lstr1_exti
;exti.c,0 :: ?ICS?lstr2_exti
0x096B	0x5349 ;?ICS?lstr2_exti+0
0x096D	0x2E52 ;?ICS?lstr2_exti+2
0x096F	0x00 ;?ICS?lstr2_exti+4
; end of ?ICS?lstr2_exti
;exti.c,0 :: ?ICSPORTA_INT0_ISR_s_L0
0x0970	0x10 ;?ICSPORTA_INT0_ISR_s_L0+0
; end of ?ICSPORTA_INT0_ISR_s_L0
Symbol List:
//** Routines locations **
//ADDRESS    SIZE    PROCEDURE
//----------------------------------------------
0x00FE       [9]    _Delay_5500us
0x0107     [279]    _Lcd_Init
0x021E       [6]    _Delay_1us
0x0224      [12]    _Lcd_Chr_CP
0x0230       [5]    _Delay_50us
0x0235       [2]    _set_global_interrupt
0x0237       [2]    _clear_global_interrupt
0x0239      [10]    _setup_interrupts
0x0243       [5]    ___CC2DW
0x0248      [71]    _Lcd_Out
0x028F      [98]    _Lcd_Cmd
0x02F1      [10]    _setup_lcd
0x02FB      [80]    _setup_io
0x034B      [49]    _setup_clock
0x037C     [117]    _PORTA_INT0_ISR
0x03F1      [80]    _main
0x0441     [105]    _PORTA_INT1_ISR
//** Variables locations ** 
//ADDRESS    SIZE    VARIABLE
//----------------------------------------------
0x0000       [1]    PROD_SIGNATURES_RCOSC2M
0x0000       [0]    BLBB1_LOCKBIT_LOCKBITS_bit
0x0000       [0]    BLBB0_LOCKBIT_LOCKBITS_bit
0x0000       [1]    GPIO_GPIOR0
0x0000       [1]    R0
0x0000       [1]    LOCKBIT_LOCKBITS
0x0000       [1]    Delay_Cyc_loc_L0
0x0000       [0]    BLBAT0_LOCKBIT_LOCKBITS_bit
0x0000       [0]    LB1_LOCKBIT_LOCKBITS_bit
0x0000       [0]    BLBAT1_LOCKBIT_LOCKBITS_bit
0x0000       [0]    LB0_LOCKBIT_LOCKBITS_bit
0x0000       [0]    BLBA0_LOCKBIT_LOCKBITS_bit
0x0000       [0]    BLBA1_LOCKBIT_LOCKBITS_bit
0x0001       [1]    FUSE_FUSEBYTE1
0x0001       [1]    PROD_SIGNATURES_RCOSC2MA
0x0001       [0]    WDWP0_bit
0x0001       [0]    WDWP1_bit
0x0001       [0]    WDP0_bit
0x0001       [0]    WDWP3_bit
0x0001       [0]    WDP2_bit
0x0001       [0]    WDP1_bit
0x0001       [0]    WDP3_bit
0x0001       [1]    R1
0x0001       [0]    WDWP2_bit
0x0001       [1]    GPIO_GPIOR1
0x0002       [0]    BODPD0_bit
0x0002       [2]    FARG_VDelay_ms_Time_ms
0x0002       [2]    FARG_VDelay_Advanced_ms_Time_ms
0x0002       [1]    FARG_Lcd_Cmd_out_char
0x0002       [1]    FARG_Lcd_Out_row
0x0002       [1]    R2
0x0002       [0]    TOSCSEL_bit
0x0002       [1]    PROD_SIGNATURES_RCOSC32K
0x0002       [1]    FARG_Delay_Cyc_cycles_div_by_10
0x0002       [1]    GPIO_GPIOR2
0x0002       [1]    FARG_Lcd_Chr_row
0x0002       [0]    BOOTRST_bit
0x0002       [1]    FUSE_FUSEBYTE2
0x0002       [1]    FARG_Lcd_Chr_CP_out_char
0x0002       [0]    BODPD1_bit
0x0002       [2]    FARG_Lcd_Out_CP_text
0x0003       [1]    GPIO_GPIOR3
0x0003       [1]    PROD_SIGNATURES_RCOSC32M
0x0003       [1]    FARG_Lcd_Chr_column
0x0003       [1]    FARG_Lcd_Out_column
0x0003       [1]    R3
0x0004       [1]    R4
0x0004       [1]    FARG_Lcd_Chr_out_char
0x0004       [2]    FARG_Lcd_Out_text
0x0004       [0]    RSTDISBL_bit
0x0004       [1]    FUSE_FUSEBYTE4
0x0004       [1]    GPIO_GPIOR4
0x0004       [0]    SUT0_bit
0x0004       [0]    SUT1_bit
0x0004       [1]    PROD_SIGNATURES_RCOSC32MA
0x0004       [2]    FARG_VDelay_Advanced_ms_Current_Fosc_kHz
0x0004       [0]    WDLOCK_bit
0x0005       [0]    BODLVL2_bit
0x0005       [0]    BODLVL0_bit
0x0005       [1]    GPIO_GPIOR5
0x0005       [0]    BODLVL1_bit
0x0005       [0]    BODACT1_bit
0x0005       [1]    R5
0x0005       [0]    EESAVE_bit
0x0005       [1]    FUSE_FUSEBYTE5
0x0005       [0]    BODACT0_bit
0x0006       [1]    R6
0x0006       [1]    GPIO_GPIOR6
0x0007       [1]    GPIO_GPIOR7
0x0007       [1]    R7
0x0008       [1]    PROD_SIGNATURES_LOTNUM0
0x0008       [1]    R8
0x0008       [1]    GPIO_GPIOR8
0x0009       [1]    GPIO_GPIOR9
0x0009       [1]    R9
0x0009       [1]    PROD_SIGNATURES_LOTNUM1
0x000A       [1]    R10
0x000A       [1]    GPIO_GPIORA
0x000A       [1]    PROD_SIGNATURES_LOTNUM2
0x000B       [1]    GPIO_GPIORB
0x000B       [1]    R11
0x000B       [1]    PROD_SIGNATURES_LOTNUM3
0x000C       [1]    GPIO_GPIORC
0x000C       [1]    R12
0x000C       [1]    PROD_SIGNATURES_LOTNUM4
0x000D       [1]    R13
0x000D       [1]    PROD_SIGNATURES_LOTNUM5
0x000D       [1]    GPIO_GPIORD
0x000E       [1]    GPIO_GPIORE
0x000E       [1]    R14
0x000F       [1]    R15
0x000F       [1]    GPIO_GPIORF
0x0010       [1]    PROD_SIGNATURES_WAFNUM
0x0010       [1]    VPORT0_DIR
0x0010       [1]    R16
0x0011       [1]    VPORT0_OUT
0x0011       [1]    R17
0x0012       [1]    R18
0x0012       [1]    VPORT0_IN
0x0012       [1]    PROD_SIGNATURES_COORDX0
0x0013       [1]    R19
0x0013       [0]    INT0IF_bit
0x0013       [0]    INT1IF_bit
0x0013       [1]    PROD_SIGNATURES_COORDX1
0x0013       [1]    VPORT0_INTFLAGS
0x0014       [1]    R20
0x0014       [1]    PROD_SIGNATURES_COORDY0
0x0014       [1]    VPORT1_DIR
0x0015       [1]    PROD_SIGNATURES_COORDY1
0x0015       [1]    R21
0x0015       [1]    VPORT1_OUT
0x0016       [1]    R22
0x0016       [1]    VPORT1_IN
0x0017       [0]    INT0IF_VPORT1_INTFLAGS_bit
0x0017       [0]    INT1IF_VPORT1_INTFLAGS_bit
0x0017       [1]    VPORT1_INTFLAGS
0x0017       [1]    R23
0x0018       [1]    R24
0x0018       [1]    VPORT2_DIR
0x0019       [1]    VPORT2_OUT
0x0019       [1]    R25
0x001A       [2]    X
0x001A       [1]    VPORT2_IN
0x001A       [1]    R26
0x001A       [1]    XL
0x001A       [1]    PROD_SIGNATURES_USBCAL0
0x001B       [1]    VPORT2_INTFLAGS
0x001B       [0]    INT1IF_VPORT2_INTFLAGS_bit
0x001B       [0]    INT0IF_VPORT2_INTFLAGS_bit
0x001B       [1]    R27
0x001B       [1]    PROD_SIGNATURES_USBCAL1
0x001B       [1]    XH
0x001C       [2]    Y
0x001C       [1]    VPORT3_DIR
0x001C       [1]    PROD_SIGNATURES_USBRCOSC
0x001C       [1]    YL
0x001C       [1]    R28
0x001D       [1]    PROD_SIGNATURES_USBRCOSCA
0x001D       [1]    R29
0x001D       [1]    YH
0x001D       [1]    VPORT3_OUT
0x001E       [1]    VPORT3_IN
0x001E       [2]    Z
0x001E       [1]    ZL
0x001E       [1]    R30
0x001F       [0]    INT0IF_VPORT3_INTFLAGS_bit
0x001F       [1]    R31
0x001F       [0]    INT1IF_VPORT3_INTFLAGS_bit
0x001F       [1]    ZH
0x001F       [1]    VPORT3_INTFLAGS
0x0020       [1]    PROD_SIGNATURES_ADCACAL0
0x0021       [1]    PROD_SIGNATURES_ADCACAL1
0x0024       [1]    PROD_SIGNATURES_ADCBCAL0
0x0025       [1]    PROD_SIGNATURES_ADCBCAL1
0x002E       [1]    OCD_OCDR0
0x002E       [1]    PROD_SIGNATURES_TEMPSENSE0
0x002F       [1]    OCD_OCDR1
0x002F       [1]    PROD_SIGNATURES_TEMPSENSE1
0x002F       [0]    OCDRD_bit
0x0030       [1]    PROD_SIGNATURES_DACA0OFFCAL
0x0031       [1]    PROD_SIGNATURES_DACA0GAINCAL
0x0032       [1]    PROD_SIGNATURES_DACB0OFFCAL
0x0033       [1]    PROD_SIGNATURES_DACB0GAINCAL
0x0034       [0]    CCP1_bit
0x0034       [0]    CCP2_bit
0x0034       [0]    CCP0_bit
0x0034       [1]    CPU_CCP
0x0034       [1]    PROD_SIGNATURES_DACA1OFFCAL
0x0034       [0]    CCP3_bit
0x0034       [0]    CCP6_bit
0x0034       [0]    CCP7_bit
0x0034       [0]    CCP5_bit
0x0034       [0]    CCP4_bit
0x0035       [1]    PROD_SIGNATURES_DACA1GAINCAL
0x0036       [1]    PROD_SIGNATURES_DACB1OFFCAL
0x0037       [1]    PROD_SIGNATURES_DACB1GAINCAL
0x0038       [1]    CPU_RAMPD
0x0039       [1]    CPU_RAMPX
0x003A       [1]    CPU_RAMPY
0x003B       [1]    CPU_RAMPZ
0x003C       [1]    CPU_EIND
0x003D       [1]    SPL
0x003D       [1]    CPU_SPL
0x003E       [1]    SPH
0x003E       [1]    CPU_SPH
0x003F       [0]    T_bit
0x003F       [0]    H_bit
0x003F       [0]    I_bit
0x003F       [1]    CPU_SREG
0x003F       [1]    SREG
0x003F       [0]    Z_bit
0x003F       [0]    C_bit
0x003F       [0]    N_bit
0x003F       [0]    S_bit
0x003F       [0]    V_bit
0x0040       [1]    CLK_CTRL
0x0041       [1]    CLK_PSCTRL
0x0050       [1]    OSC_CTRL
0x0051       [1]    OSC_STATUS
0x0056       [1]    OSC_DFLLCTRL
0x0060       [1]    DFLLRC32M_CTRL
0x00A1       [1]    PMIC_INTPRI
0x00A2       [1]    PMIC_CTRL
0x00B4       [1]    PORTCFG_CLKEVOUT
0x0600       [1]    PORTA_DIR
0x0604       [1]    PORTA_OUT
0x0609       [1]    PORTA_INTCTRL
0x060A       [1]    PORTA_INT0MASK
0x060B       [1]    PORTA_INT1MASK
0x0610       [1]    PORTA_PIN0CTRL
0x0611       [1]    PORTA_PIN1CTRL
0x0612       [1]    PORTA_PIN2CTRL
0x0613       [1]    PORTA_PIN3CTRL
0x0614       [1]    PORTA_PIN4CTRL
0x0615       [1]    PORTA_PIN5CTRL
0x0616       [1]    PORTA_PIN6CTRL
0x0617       [1]    PORTA_PIN7CTRL
0x0640       [0]    LCD_D6_Direction
0x0640       [0]    LCD_EN_Direction
0x0640       [1]    PORTC_DIR
0x0640       [0]    LCD_D5_Direction
0x0640       [0]    LCD_RS_Direction
0x0640       [0]    LCD_D7_Direction
0x0640       [0]    LCD_D4_Direction
0x0644       [0]    LCD_RS
0x0644       [0]    LCD_EN
0x0644       [0]    LCD_D4
0x0644       [0]    LCD_D7
0x0644       [1]    PORTC_OUT
0x0644       [0]    LCD_D5
0x0644       [0]    LCD_D6
0x0660       [1]    PORTD_DIR
0x0664       [1]    PORTD_OUT
0x0669       [1]    PORTD_INTCTRL
0x066A       [1]    PORTD_INT0MASK
0x066B       [1]    PORTD_INT1MASK
0x0670       [1]    PORTD_PIN0CTRL
0x0671       [1]    PORTD_PIN1CTRL
0x0672       [1]    PORTD_PIN2CTRL
0x0673       [1]    PORTD_PIN3CTRL
0x0674       [1]    PORTD_PIN4CTRL
0x0675       [1]    PORTD_PIN5CTRL
0x0676       [1]    PORTD_PIN6CTRL
0x0677       [1]    PORTD_PIN7CTRL
0x2000       [0]    __Lib_Lcd_cmd_status
//** Constants locations ** 
//ADDRESS    SIZE    CONSTANT
//----------------------------------------------
0x0954       [9]    ?ICS?lstr3_exti
0x095D       [5]    ?ICS?lstr4_exti
0x0962       [1]    ?ICSPORTA_INT1_ISR_s_L0
0x0963       [8]    ?ICS?lstr1_exti
0x096B       [5]    ?ICS?lstr2_exti
0x0970       [1]    ?ICSPORTA_INT0_ISR_s_L0
0x0971       [5]    ?ICS?lstr5_exti
0x0976       [5]    ?ICS?lstr6_exti
//** Label List: ** 
//----------------------------------------------
  L_PORTA_INT0_ISR0
  L_PORTA_INT0_ISR1
  L_PORTA_INT0_ISR2
  L_PORTA_INT1_ISR4
  L_PORTA_INT1_ISR5
  L_PORTA_INT1_ISR6
  L_main8
  L_main9
  L_main10
  L_setup_clock12
  L_setup_clock13
  L_setup_clock14
  L_setup_clock15
  L_end_set_global_interrupt
  _set_global_interrupt
  L_end_clear_global_interrupt
  _clear_global_interrupt
  L_end_PORTA_INT0_ISR
  _PORTA_INT0_ISR
  L__PORTA_INT0_ISR19
  L__PORTA_INT0_ISR20
  L__PORTA_INT0_ISR21
  L_end_PORTA_INT1_ISR
  _PORTA_INT1_ISR
  L__PORTA_INT1_ISR23
  L__PORTA_INT1_ISR24
  L__PORTA_INT1_ISR25
  L_end_main
  _main
  L__main27
  L__main28
  L__main_end_loop
  L_end_setup_clock
  _setup_clock
  L_end_setup_io
  _setup_io
  L_end_setup_interrupts
  _setup_interrupts
  L_end_setup_lcd
  _setup_lcd
  L_Delay_1us0
  L_Delay_10us2
  L_Delay_22us4
  L_Delay_50us6
  L_Delay_80us8
  L_Delay_500us10
  L_Delay_5500us12
  L_Delay_1ms14
  L_Delay_5ms16
  L_Delay_8ms18
  L_Delay_100ms20
  L_Delay_10ms22
  L_Delay_1sec24
  L_Delay_Cyc26
  L_Delay_Cyc27
  L_VDelay_ms28
  L_VDelay_ms29
  L_VDelay_Advanced_ms30
  L_VDelay_Advanced_ms31
  L_end_Get_Fosc_kHz
  _Get_Fosc_kHz
  L_end_Delay_1us
  _Delay_1us
  L_end_Delay_10us
  _Delay_10us
  L_end_Delay_22us
  _Delay_22us
  L_end_Delay_50us
  _Delay_50us
  L_end_Delay_80us
  _Delay_80us
  L_end_Delay_500us
  _Delay_500us
  L_end_Delay_5500us
  _Delay_5500us
  L_end_Delay_1ms
  _Delay_1ms
  L_end_Delay_5ms
  _Delay_5ms
  L_end_Delay_8ms
  _Delay_8ms
  L_end_Delay_100ms
  _Delay_100ms
  L_end_Delay_10ms
  _Delay_10ms
  L_end_Delay_1sec
  _Delay_1sec
  L_end_Delay_Cyc
  _Delay_Cyc
  L__Delay_Cyc47
  L_end_VDelay_ms
  _VDelay_ms
  L__VDelay_ms49
  L__VDelay_ms50
  L__VDelay_ms51
  L_end_VDelay_Advanced_ms
  _VDelay_Advanced_ms
  L__VDelay_Advanced_ms53
  L__VDelay_Advanced_ms54
  L__VDelay_Advanced_ms55
  L_end___Lib_Delays___?ag
  __Lib_Delays____?ag
  L_Lcd_Cmd0
  L_Lcd_Cmd1
  L_Lcd_Out_CP2
  L_Lcd_Out_CP3
  L_Lcd_Chr4
  L_Lcd_Chr5
  L_Lcd_Chr6
  L_Lcd_Chr7
  L_Lcd_Chr8
  L_Lcd_Chr9
  L_Lcd_Chr10
  L_Lcd_Out11
  L_Lcd_Out12
  L_Lcd_Out13
  L_Lcd_Out14
  L_Lcd_Out15
  L_Lcd_Out16
  L_Lcd_Out17
  L_Lcd_Out18
  L_Lcd_Out19
  L_end_Lcd_Cmd
  _Lcd_Cmd
  L__Lcd_Cmd21
  L__Lcd_Cmd22
  L__Lcd_Cmd23
  L__Lcd_Cmd24
  L_end_Lcd_Chr_CP
  _Lcd_Chr_CP
  L_end_Lcd_Out_CP
  _Lcd_Out_CP
  L__Lcd_Out_CP27
  L_end_Lcd_Chr
  _Lcd_Chr
  L__Lcd_Chr29
  L__Lcd_Chr30
  L__Lcd_Chr31
  L__Lcd_Chr32
  L_end_Lcd_Init
  _Lcd_Init
  L_end_Lcd_Out
  _Lcd_Out
  L__Lcd_Out35
  L__Lcd_Out36
  L__Lcd_Out37
  L__Lcd_Out38
  L__Lcd_Out39
  L_end___Lib_Lcd___?ag
  __Lib_Lcd____?ag
  L_end___Lib_LcdConsts___?ag
  __Lib_LcdConsts____?ag
  Mul_8x8_U_L1
  Mul_8x8_U_L2
  Mul_16x16_L1
  Mul_16x16_L2
  Mul_16x16_L3
  Mul_32x32_L1
  Mul_32x32_L2
  Mul_32x32_L3
  Div_8x8_U_L2
  Div_8x8_U_L1
  Div_16x16_S_L3
  Div_16x16_S_L1
  Div_16x16_S_L4
  Div_16x16_S_L2
  Div_16x16_S_L6
  Div_16x16_S_L5
  Div_16x16_U_L2
  Div_16x16_U_L1
  Div_32x32_U_L2
  Div_32x32_U_L1
  Div_32x32_S_L3
  Div_32x32_S_L1
  Div_32x32_S_L4
  Div_32x32_S_L2
  Div_32x32_S_L6
  Div_32x32_S_L5
  L_end_Mul_8x8_U
  _Mul_8x8_U
  L_end_Mul_16x16
  _Mul_16x16
  L_end_Mul_32x32
  _Mul_32x32
  L_end_Div_8x8_U
  _Div_8x8_U
  L_end_Div_16x16_S
  _Div_16x16_S
  L_end_Div_16x16_U
  _Div_16x16_U
  L_end_Div_32x32_U
  _Div_32x32_U
  L_end_Div_32x32_S
  _Div_32x32_S
  L_end_HWMul_16x16
  _HWMul_16x16
  L_end_HWMul_32x32
  _HWMul_32x32
  L_end___Lib_Math___?ag
  __Lib_Math____?ag
  L015C
  L01A7
  L0196
  L0178
  L0184
  L0197
  L0187
  L019C
  L0192
  L0196x
  L00FC
  L016E
  L016Ex
  L0154
  L0153
  L0077
  L0073
  L0072int
  L006A
  L0068
  L0063
  L006B
  L007A
  L008A
  L00CC
  L0098
  L00D6
  L00B4
  L00AC
  L00A5
  L00AE
  L00BB
  L00C4
  L00C7
  L00CA
  L00C9
  L00D6x
  L0097
  L009B
  L00A0mul
  L0083
  L0090
  L00A0x
  L0072div
  L00C2
  L00AB
  L00B1
  L00BD
  L0092
  L00A0div
  L00A4
  L00A6
  L00C2x
  L011A
  L0118
  L011Aexit
  op_equ_false
  op_equ_exit
  op_diff_false
  op_diff_exit
  op_gequ_false
  op_gequ_exit
  op_big_false
  op_big_exit
  op_less_false
  op_less_exit
  op_lequ_false
  op_lequ_exit
  L_end_float_neg32
  _float_neg32
  L_end_float_tstr16_r19
  _float_tstr16_r19
  L_end_float_pack
  _float_pack
  L_end_float_normalize_and_pack
  _float_normalize_and_pack
  L_end_float_long2fp
  _float_long2fp
  L_end_float_slong2fp
  _float_slong2fp
  L_end_float_ulong2fp
  _float_ulong2fp
  L_end_float_int2fp
  _float_int2fp
  L_end_float_unpacku
  _float_unpacku
  L_end_float_unpacks
  _float_unpacks
  L_end_float_fpint
  _float_fpint
  L_end_float_fpadd_alt
  _float_fpadd_alt
  L_end_float_fpadd
  _float_fpadd
  L_end_float_fpadd1
  _float_fpadd1
  L_end_float_fpsub
  _float_fpsub
  L_end_float_fpsub1
  _float_fpsub1
  L_end_float_fpmul
  _float_fpmul
  L_end_float_fpmul1
  _float_fpmul1
  L_end_float_fpdiv
  _float_fpdiv
  L_end_float_fpdiv1
  _float_fpdiv1
  L_end_float_fpcmp
  _float_fpcmp
  L_end_float_fpcmp1
  _float_fpcmp1
  L_end_float_op_equ
  _float_op_equ
  L_end_float_op_diff
  _float_op_diff
  L_end_float_op_gequ
  _float_op_gequ
  L_end_float_op_big
  _float_op_big
  L_end_float_op_less
  _float_op_less
  L_end_float_op_lequ
  _float_op_lequ
  L_end___Lib_MathDouble___?ag
  __Lib_MathDouble____?ag
  L_loopDW
  L_loopCA2A
  L_loopCCA2A
  L_loopCFCA2A
  L_loopCS2Ss
  l_CS2Send
  L_loopCCS2Ss
  l_CCS2Send
  L_loopCFCS2Ss
  l_CFCS2Send
  L_loopFZinSWs
  L_end___CC2DW
  ___CC2DW
  L_end___CA2AW
  ___CA2AW
  L_end___CCA2AW
  ___CCA2AW
  L_end___CFCA2A
  ___CFCA2A
  L_end___CS2S
  ___CS2S
  L_end___CCS2S
  ___CCS2S
  L_end___CFCS2S
  ___CFCS2S
  L_end___FZinS
  ___FZinS
  L_end___Lib_System___?ag
  __Lib_System____?ag
  L_PORTA_INT0_ISR0
  L_PORTA_INT0_ISR1
  L_PORTA_INT0_ISR2
  L_PORTA_INT1_ISR4
  L_PORTA_INT1_ISR5
  L_PORTA_INT1_ISR6
  L_main8
  L_main9
  L_main10
  L_setup_clock12
  L_setup_clock13
  L_setup_clock14
  L_setup_clock15
  L_end_set_global_interrupt
  _set_global_interrupt
  L_end_clear_global_interrupt
  _clear_global_interrupt
  L_end_PORTA_INT0_ISR
  _PORTA_INT0_ISR
  L__PORTA_INT0_ISR19
  L__PORTA_INT0_ISR20
  L__PORTA_INT0_ISR21
  L_end_PORTA_INT1_ISR
  _PORTA_INT1_ISR
  L__PORTA_INT1_ISR23
  L__PORTA_INT1_ISR24
  L__PORTA_INT1_ISR25
  L_end_main
  _main
  L__main27
  L__main28
  L__main_end_loop
  L_end_setup_clock
  _setup_clock
  L_end_setup_io
  _setup_io
  L_end_setup_interrupts
  _setup_interrupts
  L_end_setup_lcd
  _setup_lcd
  L_loopDW
  L_loopCA2A
  L_loopCCA2A
  L_loopCFCA2A
  L_loopCS2Ss
  l_CS2Send
  L_loopCCS2Ss
  l_CCS2Send
  L_loopCFCS2Ss
  l_CFCS2Send
  L_loopFZinSWs
  L_end___CC2DW
  ___CC2DW
  L_end___CA2AW
  ___CA2AW
  L_end___CCA2AW
  ___CCA2AW
  L_end___CFCA2A
  ___CFCA2A
  L_end___CS2S
  ___CS2S
  L_end___CCS2S
  ___CCS2S
  L_end___CFCS2S
  ___CFCS2S
  L_end___FZinS
  ___FZinS
  L_end___Lib_System___?ag
  __Lib_System____?ag
  L_PORTA_INT0_ISR0
  L_PORTA_INT0_ISR1
  L_PORTA_INT0_ISR2
  L_PORTA_INT1_ISR4
  L_PORTA_INT1_ISR5
  L_PORTA_INT1_ISR6
  L_main8
  L_main9
  L_main10
  L_setup_clock12
  L_setup_clock13
  L_setup_clock14
  L_setup_clock15
  L_end_set_global_interrupt
  _set_global_interrupt
  L_end_clear_global_interrupt
  _clear_global_interrupt
  L_end_PORTA_INT0_ISR
  _PORTA_INT0_ISR
  L__PORTA_INT0_ISR19
  L__PORTA_INT0_ISR20
  L__PORTA_INT0_ISR21
  L_end_PORTA_INT1_ISR
  _PORTA_INT1_ISR
  L__PORTA_INT1_ISR23
  L__PORTA_INT1_ISR24
  L__PORTA_INT1_ISR25
  L_end_main
  _main
  L__main27
  L__main28
  L__main_end_loop
  L_end_setup_clock
  _setup_clock
  L_end_setup_io
  _setup_io
  L_end_setup_interrupts
  _setup_interrupts
  L_end_setup_lcd
  _setup_lcd
