;  LST file generated by mikroListExporter - v.2.0 
; Date/Time: 25-Jan-15 10:56:37 PM
;----------------------------------------------

;Address Opcode 	ASM
0x0000	0x0568940C  	JMP        _main
0x0004	0x0000940C  	JMP        0
0x0008	0x0000940C  	JMP        0
0x000C	0x0000940C  	JMP        0
0x0010	0x0000940C  	JMP        0
0x0014	0x0000940C  	JMP        0
0x0018	0x0000940C  	JMP        0
0x001C	0x0000940C  	JMP        0
0x0020	0x0000940C  	JMP        0
0x0024	0x0000940C  	JMP        0
0x0028	0x0000940C  	JMP        0
0x002C	0x0000940C  	JMP        0
0x0030	0x0000940C  	JMP        0
0x0034	0x0000940C  	JMP        0
0x0038	0x0000940C  	JMP        0
0x003C	0x0000940C  	JMP        0
0x0040	0x0000940C  	JMP        0
0x0044	0x0000940C  	JMP        0
0x0048	0x0000940C  	JMP        0
0x004C	0x0000940C  	JMP        0
0x0050	0x0000940C  	JMP        0
0x0054	0x0000940C  	JMP        0
0x0058	0x0000940C  	JMP        0
0x005C	0x0000940C  	JMP        0
0x0060	0x0000940C  	JMP        0
0x0064	0x0000940C  	JMP        0
0x0068	0x0000940C  	JMP        0
0x006C	0x0000940C  	JMP        0
0x0070	0x0000940C  	JMP        0
0x0074	0x0000940C  	JMP        0
0x0078	0x0000940C  	JMP        0
0x007C	0x0000940C  	JMP        0
0x0080	0x0000940C  	JMP        0
0x0084	0x0000940C  	JMP        0
0x0088	0x0000940C  	JMP        0
0x008C	0x0000940C  	JMP        0
0x0090	0x0000    	NOP
0x0092	0x0000    	NOP
0x0094	0x0000    	NOP
0x0096	0x0000    	NOP
0x0098	0x0000    	NOP
0x009A	0x0000    	NOP
0x009C	0x0000    	NOP
0x009E	0x0000    	NOP
0x00A0	0x0000    	NOP
0x00A2	0x0000    	NOP
0x00A4	0x0000    	NOP
0x00A6	0x0000    	NOP
0x00A8	0x0000    	NOP
0x00AA	0x0000    	NOP
0x00AC	0x0000940C  	JMP        0
0x00B0	0x0000940C  	JMP        0
0x00B4	0x0000940C  	JMP        0
0x00B8	0x0000940C  	JMP        0
0x00BC	0x0000940C  	JMP        0
0x00C0	0x0000940C  	JMP        0
0x00C4	0x0000940C  	JMP        0
0x00C8	0x0000940C  	JMP        0
0x00CC	0x0000940C  	JMP        0
0x00D0	0x0000940C  	JMP        0
0x00D4	0x0000    	NOP
0x00D6	0x0000    	NOP
0x00D8	0x0000    	NOP
0x00DA	0x0000    	NOP
0x00DC	0x0000    	NOP
0x00DE	0x0000    	NOP
0x00E0	0x0000    	NOP
0x00E2	0x0000    	NOP
0x00E4	0x0000    	NOP
0x00E6	0x0000    	NOP
0x00E8	0x0000940C  	JMP        0
0x00EC	0x0000940C  	JMP        0
0x00F0	0x0000940C  	JMP        0
0x00F4	0x0000    	NOP
0x00F6	0x0000    	NOP
0x00F8	0x0000    	NOP
0x00FA	0x0000    	NOP
0x00FC	0x0000    	NOP
0x00FE	0x0000    	NOP
0x0100	0x0000940C  	JMP        0
0x0104	0x0000940C  	JMP        0
0x0108	0x0000940C  	JMP        0
0x010C	0x0000940C  	JMP        0
0x0110	0x0000940C  	JMP        0
0x0114	0x0000940C  	JMP        0
0x0118	0x0000940C  	JMP        0
0x011C	0x0000940C  	JMP        0
0x0120	0x0000940C  	JMP        0
0x0124	0x0000940C  	JMP        0
0x0128	0x0000940C  	JMP        0
0x012C	0x0000    	NOP
0x012E	0x0000    	NOP
0x0130	0x0000    	NOP
0x0132	0x0000    	NOP
0x0134	0x0000940C  	JMP        0
0x0138	0x0000940C  	JMP        0
0x013C	0x0000940C  	JMP        0
0x0140	0x0000940C  	JMP        0
0x0144	0x0000940C  	JMP        0
0x0148	0x0000940C  	JMP        0
0x014C	0x0000940C  	JMP        0
0x0150	0x0000940C  	JMP        0
0x0154	0x0000940C  	JMP        0
0x0158	0x0000940C  	JMP        0
0x015C	0x0000940C  	JMP        0
0x0160	0x0000940C  	JMP        0
0x0164	0x0000940C  	JMP        0
0x0168	0x0000940C  	JMP        0
0x016C	0x0000940C  	JMP        0
0x0170	0x0000940C  	JMP        0
0x0174	0x0000940C  	JMP        0
0x0178	0x0000    	NOP
0x017A	0x0000    	NOP
0x017C	0x0000    	NOP
0x017E	0x0000    	NOP
0x0180	0x0000    	NOP
0x0182	0x0000    	NOP
0x0184	0x0000    	NOP
0x0186	0x0000    	NOP
0x0188	0x0000    	NOP
0x018A	0x0000    	NOP
0x018C	0x0000    	NOP
0x018E	0x0000    	NOP
0x0190	0x0000    	NOP
0x0192	0x0000    	NOP
0x0194	0x0000    	NOP
0x0196	0x0000    	NOP
0x0198	0x0000    	NOP
0x019A	0x0000    	NOP
0x019C	0x0000    	NOP
0x019E	0x0000    	NOP
0x01A0	0x0000    	NOP
0x01A2	0x0000    	NOP
0x01A4	0x0000    	NOP
0x01A6	0x0000    	NOP
0x01A8	0x0000    	NOP
0x01AA	0x0000    	NOP
0x01AC	0x0000    	NOP
0x01AE	0x0000    	NOP
0x01B0	0x0000    	NOP
0x01B2	0x0000    	NOP
0x01B4	0x0000    	NOP
0x01B6	0x0000    	NOP
0x01B8	0x0000    	NOP
0x01BA	0x0000    	NOP
0x01BC	0x0000    	NOP
0x01BE	0x0000    	NOP
0x01C0	0x0000    	NOP
0x01C2	0x0000    	NOP
0x01C4	0x0000    	NOP
0x01C6	0x0000    	NOP
0x01C8	0x0000    	NOP
0x01CA	0x0000    	NOP
0x01CC	0x0000    	NOP
0x01CE	0x0000    	NOP
0x01D0	0x0000    	NOP
0x01D2	0x0000    	NOP
0x01D4	0x0000    	NOP
0x01D6	0x0000    	NOP
0x01D8	0x0000    	NOP
0x01DA	0x0000    	NOP
0x01DC	0x0000    	NOP
0x01DE	0x0000    	NOP
0x01E0	0x0000    	NOP
0x01E2	0x0000    	NOP
0x01E4	0x0000    	NOP
0x01E6	0x0000    	NOP
0x01E8	0x0000    	NOP
0x01EA	0x0000    	NOP
0x01EC	0x0000    	NOP
0x01EE	0x0000    	NOP
0x01F0	0x0000    	NOP
0x01F2	0x0000    	NOP
0x01F4	0x0000940C  	JMP        0
0x01F8	0x0000940C  	JMP        0
_main:
0x0AD0	0xEFBF    	LDI        R27, 255
0x0AD2	0xBFBD    	OUT        SPL+0, R27
0x0AD4	0xE2BF    	LDI        R27, 47
0x0AD6	0xBFBE    	OUT        SPL+1, R27
0x0AD8	0xB7CD    	IN         R28, SPL+0
0x0ADA	0xB7DE    	IN         R29, SPL+1
0x0ADC	0x9726    	SBIW       R28, 6
0x0ADE	0xBFCD    	OUT        SPL+0, R28
0x0AE0	0xBFDE    	OUT        SPL+1, R29
0x0AE2	0x9621    	ADIW       R28, 1
;XMega_DAC.c,13 :: 		void main()
;XMega_DAC.c,15 :: 		signed int temp1 = 0;
0x0AE4	0x922F    	PUSH       R2
0x0AE6	0x923F    	PUSH       R3
0x0AE8	0x924F    	PUSH       R4
0x0AEA	0x925F    	PUSH       R5
;XMega_DAC.c,16 :: 		signed int temp2 = 0;
;XMega_DAC.c,17 :: 		unsigned int degree = 0;
;XMega_DAC.c,19 :: 		setup();
0x0AEC	0xDFBA    	RCALL      _setup+0
;XMega_DAC.c,21 :: 		while(1)
L_main0:
;XMega_DAC.c,23 :: 		for(degree = 0; degree < 360; degree++)
0x0AEE	0xE0B0    	LDI        R27, 0
0x0AF0	0x83BC    	STD        Y+4, R27
0x0AF2	0x83BD    	STD        Y+5, R27
L_main2:
0x0AF4	0x810C    	LDD        R16, Y+4
0x0AF6	0x811D    	LDD        R17, Y+5
0x0AF8	0x3011    	CPI        R17, 1
0x0AFA	0xF409    	BRNE       L__main20
0x0AFC	0x3608    	CPI        R16, 104
L__main20:
0x0AFE	0xF008    	BRLO       L__main21
0x0B00	0xC049    	RJMP       L_main3
L__main21:
;XMega_DAC.c,25 :: 		temp1 = (2047 * cos(degree * 0.0174532925));
0x0B02	0x810C    	LDD        R16, Y+4
0x0B04	0x811D    	LDD        R17, Y+5
0x0B06	0xE020    	LDI        R18, 0
0x0B08	0x2F32    	MOV        R19, R18
0x0B0A	0xDF8C    	RCALL      _float_ulong2fp+0
0x0B0C	0xE345    	LDI        R20, 53
0x0B0E	0xEF5A    	LDI        R21, 250
0x0B10	0xE86E    	LDI        R22, 142
0x0B12	0xE37C    	LDI        R23, 60
0x0B14	0xDD0A    	RCALL      _float_fpmul1+0
0x0B16	0x0118    	MOVW       R2, R16
0x0B18	0x0129    	MOVW       R4, R18
0x0B1A	0xDFA7    	RCALL      _cos+0
0x0B1C	0xE040    	LDI        R20, 0
0x0B1E	0xEE50    	LDI        R21, 224
0x0B20	0xEF6F    	LDI        R22, 255
0x0B22	0xE474    	LDI        R23, 68
0x0B24	0xDD02    	RCALL      _float_fpmul1+0
0x0B26	0xDD0B    	RCALL      _float_fpint+0
;XMega_DAC.c,26 :: 		temp1 = (2048 - temp1);
0x0B28	0x0108    	MOVW       R0, R16
0x0B2A	0xE000    	LDI        R16, 0
0x0B2C	0xE018    	LDI        R17, 8
0x0B2E	0x1900    	SUB        R16, R0
0x0B30	0x0911    	SBC        R17, R1
0x0B32	0x8308    	STD        Y+0, R16
0x0B34	0x8319    	STD        Y+1, R17
;XMega_DAC.c,27 :: 		temp2 = (2047 * sin(degree * 0.0174532925));
0x0B36	0x810C    	LDD        R16, Y+4
0x0B38	0x811D    	LDD        R17, Y+5
0x0B3A	0xE020    	LDI        R18, 0
0x0B3C	0x2F32    	MOV        R19, R18
0x0B3E	0xDF72    	RCALL      _float_ulong2fp+0
0x0B40	0xE345    	LDI        R20, 53
0x0B42	0xEF5A    	LDI        R21, 250
0x0B44	0xE86E    	LDI        R22, 142
0x0B46	0xE37C    	LDI        R23, 60
0x0B48	0xDCF0    	RCALL      _float_fpmul1+0
0x0B4A	0x0118    	MOVW       R2, R16
0x0B4C	0x0129    	MOVW       R4, R18
0x0B4E	0xDE3B    	RCALL      _sin+0
0x0B50	0xE040    	LDI        R20, 0
0x0B52	0xEE50    	LDI        R21, 224
0x0B54	0xEF6F    	LDI        R22, 255
0x0B56	0xE474    	LDI        R23, 68
0x0B58	0xDCE8    	RCALL      _float_fpmul1+0
0x0B5A	0xDCF1    	RCALL      _float_fpint+0
;XMega_DAC.c,28 :: 		temp2 = (2048 - temp2);
0x0B5C	0x0108    	MOVW       R0, R16
0x0B5E	0xE000    	LDI        R16, 0
0x0B60	0xE018    	LDI        R17, 8
0x0B62	0x1900    	SUB        R16, R0
0x0B64	0x0911    	SBC        R17, R1
0x0B66	0x830A    	STD        Y+2, R16
0x0B68	0x831B    	STD        Y+3, R17
;XMega_DAC.c,29 :: 		dac_write(0, ((unsigned int)temp1));
0x0B6A	0x8038    	LDD        R3, Y+0
0x0B6C	0x8049    	LDD        R4, Y+1
0x0B6E	0x2422    	CLR        R2
0x0B70	0xDF5C    	RCALL      _dac_write+0
;XMega_DAC.c,30 :: 		dac_write(1, ((unsigned int)temp2));
0x0B72	0x803A    	LDD        R3, Y+2
0x0B74	0x804B    	LDD        R4, Y+3
0x0B76	0xE0B1    	LDI        R27, 1
0x0B78	0x2E2B    	MOV        R2, R27
0x0B7A	0xDF57    	RCALL      _dac_write+0
;XMega_DAC.c,31 :: 		delay_us(10);
0x0B7C	0xE10A    	LDI        R16, 26
L_main5:
0x0B7E	0x950A    	DEC        R16
0x0B80	0xF7F1    	BRNE       L_main5
0x0B82	0x0000    	NOP
0x0B84	0x0000    	NOP
;XMega_DAC.c,23 :: 		for(degree = 0; degree < 360; degree++)
0x0B86	0x810C    	LDD        R16, Y+4
0x0B88	0x811D    	LDD        R17, Y+5
0x0B8A	0x5F0F    	SUBI       R16, 255
0x0B8C	0x4F1F    	SBCI       R17, 255
0x0B8E	0x830C    	STD        Y+4, R16
0x0B90	0x831D    	STD        Y+5, R17
;XMega_DAC.c,32 :: 		}
0x0B92	0xCFB0    	RJMP       L_main2
L_main3:
;XMega_DAC.c,33 :: 		};
0x0B94	0xCFAC    	RJMP       L_main0
;XMega_DAC.c,34 :: 		}
L_end_main:
0x0B96	0x905F    	POP        R5
0x0B98	0x904F    	POP        R4
0x0B9A	0x903F    	POP        R3
0x0B9C	0x902F    	POP        R2
L__main_end_loop:
0x0B9E	0xCFFF    	RJMP       L__main_end_loop
; end of _main
_setup:
;XMega_DAC.c,37 :: 		void setup()
;XMega_DAC.c,39 :: 		clock_setup();
0x0A62	0xDE7A    	RCALL      _clock_setup+0
;XMega_DAC.c,40 :: 		io_setup();
0x0A64	0xDE60    	RCALL      _io_setup+0
;XMega_DAC.c,41 :: 		dac_Setup();
0x0A66	0xDFC9    	RCALL      _dac_setup+0
;XMega_DAC.c,42 :: 		}
L_end_setup:
0x0A68	0x9508    	RET
; end of _setup
_clock_setup:
;XMega_DAC.c,45 :: 		void clock_setup()
;XMega_DAC.c,47 :: 		OSC_CTRL |= OSC_RC32KEN_bm;
0x0758	0x005091B0  	LDS        R27, OSC_CTRL+0
0x075C	0x60B4    	SBR        R27, 4
0x075E	0x005093B0  	STS        OSC_CTRL+0, R27
;XMega_DAC.c,48 :: 		while(!(OSC_STATUS & OSC_RC32KRDY_bm));
L_clock_setup7:
0x0762	0x00519100  	LDS        R16, OSC_STATUS+0
0x0766	0xFD02    	SBRC       R16, 2
0x0768	0xC001    	RJMP       L_clock_setup8
0x076A	0xCFFB    	RJMP       L_clock_setup7
L_clock_setup8:
;XMega_DAC.c,49 :: 		OSC_CTRL |= OSC_RC32MEN_bm;
0x076C	0x00509100  	LDS        R16, OSC_CTRL+0
0x0770	0x6002    	ORI        R16, 2
0x0772	0x00509300  	STS        OSC_CTRL+0, R16
;XMega_DAC.c,50 :: 		CPU_CCP = CCP_IOREG_gc;
0x0776	0xEDB8    	LDI        R27, 216
0x0778	0xBFB4    	OUT        CPU_CCP+0, R27
;XMega_DAC.c,52 :: 		| CLK_PSBCDIV0_bm))) | CLK_PSADIV_1_gc | CLK_PSBCDIV_2_2_gc);
0x077A	0x00419100  	LDS        R16, CLK_PSCTRL+0
0x077E	0x7800    	ANDI       R16, 128
0x0780	0x6003    	ORI        R16, 3
0x0782	0x00419300  	STS        CLK_PSCTRL+0, R16
;XMega_DAC.c,53 :: 		OSC_DFLLCTRL = ((OSC_DFLLCTRL & (~(OSC_RC32MCREF_gm | OSC_RC2MCREF_bm))) |
0x0786	0x00569100  	LDS        R16, OSC_DFLLCTRL+0
0x078A	0x7F08    	ANDI       R16, 248
;XMega_DAC.c,54 :: 		OSC_RC32MCREF_RC32K_gc);
0x078C	0x00569300  	STS        OSC_DFLLCTRL+0, R16
;XMega_DAC.c,55 :: 		DFLLRC32M_CTRL |= DFLL_ENABLE_bm;
0x0790	0x00609100  	LDS        R16, DFLLRC32M_CTRL+0
0x0794	0x6001    	ORI        R16, 1
0x0796	0x00609300  	STS        DFLLRC32M_CTRL+0, R16
;XMega_DAC.c,56 :: 		while(!(OSC_STATUS & OSC_RC32MRDY_bm));
L_clock_setup9:
0x079A	0x00519100  	LDS        R16, OSC_STATUS+0
0x079E	0xFD01    	SBRC       R16, 1
0x07A0	0xC001    	RJMP       L_clock_setup10
0x07A2	0xCFFB    	RJMP       L_clock_setup9
L_clock_setup10:
;XMega_DAC.c,57 :: 		CPU_CCP = CCP_IOREG_gc;
0x07A4	0xEDB8    	LDI        R27, 216
0x07A6	0xBFB4    	OUT        CPU_CCP+0, R27
;XMega_DAC.c,58 :: 		CLK_CTRL = ((CLK_CTRL & (~CLK_SCLKSEL_gm)) | CLK_SCLKSEL_RC32M_gc);
0x07A8	0x00409100  	LDS        R16, CLK_CTRL+0
0x07AC	0x7F08    	ANDI       R16, 248
0x07AE	0x6001    	ORI        R16, 1
0x07B0	0x00409300  	STS        CLK_CTRL+0, R16
;XMega_DAC.c,59 :: 		OSC_CTRL &= (~(OSC_RC2MEN_bm | OSC_XOSCEN_bm | OSC_PLLEN_bm));
0x07B4	0x00509100  	LDS        R16, OSC_CTRL+0
0x07B8	0x7E06    	ANDI       R16, 230
0x07BA	0x00509300  	STS        OSC_CTRL+0, R16
;XMega_DAC.c,60 :: 		PORTCFG_CLKEVOUT = 0x00;
0x07BE	0xE0B0    	LDI        R27, 0
0x07C0	0x00B493B0  	STS        PORTCFG_CLKEVOUT+0, R27
;XMega_DAC.c,61 :: 		}
L_end_clock_setup:
0x07C4	0x9508    	RET
; end of _clock_setup
_io_setup:
;XMega_DAC.c,64 :: 		void io_setup()
;XMega_DAC.c,66 :: 		PORTB_OUT = 0x00;
0x0726	0xE0B0    	LDI        R27, 0
0x0728	0x062493B0  	STS        PORTB_OUT+0, R27
;XMega_DAC.c,67 :: 		PORTB_DIR = 0x0C;
0x072C	0xE0BC    	LDI        R27, 12
0x072E	0x062093B0  	STS        PORTB_DIR+0, R27
;XMega_DAC.c,68 :: 		PORTB_PIN0CTRL = (PORT_OPC_TOTEM_gc | PORT_ISC_BOTHEDGES_gc);
0x0732	0xE0B0    	LDI        R27, 0
0x0734	0x063093B0  	STS        PORTB_PIN0CTRL+0, R27
;XMega_DAC.c,69 :: 		PORTB_PIN1CTRL = (PORT_OPC_TOTEM_gc | PORT_ISC_BOTHEDGES_gc);
0x0738	0xE0B0    	LDI        R27, 0
0x073A	0x063193B0  	STS        PORTB_PIN1CTRL+0, R27
;XMega_DAC.c,70 :: 		PORTB_PIN2CTRL = (PORT_OPC_TOTEM_gc | PORT_ISC_INPUT_DISABLE_gc);
0x073E	0xE0B7    	LDI        R27, 7
0x0740	0x063293B0  	STS        PORTB_PIN2CTRL+0, R27
;XMega_DAC.c,71 :: 		PORTB_PIN3CTRL = (PORT_OPC_TOTEM_gc | PORT_ISC_INPUT_DISABLE_gc);
0x0744	0xE0B7    	LDI        R27, 7
0x0746	0x063393B0  	STS        PORTB_PIN3CTRL+0, R27
;XMega_DAC.c,72 :: 		PORTB_INT0MASK = 0x00;
0x074A	0xE0B0    	LDI        R27, 0
0x074C	0x062A93B0  	STS        PORTB_INT0MASK+0, R27
;XMega_DAC.c,73 :: 		PORTB_INT1MASK = 0x00;
0x0750	0xE0B0    	LDI        R27, 0
0x0752	0x062B93B0  	STS        PORTB_INT1MASK+0, R27
;XMega_DAC.c,74 :: 		}
L_end_io_setup:
0x0756	0x9508    	RET
; end of _io_setup
_dac_setup:
;XMega_DAC.c,77 :: 		void dac_setup()
;XMega_DAC.c,80 :: 		| DAC_LPMODE_bm))) | DAC_CH0EN_bm | DAC_CH1EN_bm | DAC_ENABLE_bm);
0x09FA	0x03209100  	LDS        R16, DACB_CTRLA+0
0x09FE	0x7E01    	ANDI       R16, 225
0x0A00	0x6004    	ORI        R16, 4
0x0A02	0x6008    	ORI        R16, 8
0x0A04	0x6001    	ORI        R16, 1
0x0A06	0x03209300  	STS        DACB_CTRLA+0, R16
;XMega_DAC.c,82 :: 		| DAC_CH1TRIG_bm))) | DAC_CHSEL_DUAL_gc);
0x0A0A	0x03219100  	LDS        R16, DACB_CTRLB+0
0x0A0E	0x790C    	ANDI       R16, 156
0x0A10	0x6400    	ORI        R16, 64
0x0A12	0x03219300  	STS        DACB_CTRLB+0, R16
;XMega_DAC.c,83 :: 		DACB_CTRLC = ((DACB_CTRLC & (~(DAC_REFSEL_gm | DAC_LEFTADJ_bm)))
0x0A16	0x03229100  	LDS        R16, DACB_CTRLC+0
0x0A1A	0x7E0A    	ANDI       R16, 234
;XMega_DAC.c,84 :: 		| DAC_REFSEL_AVCC_gc);
0x0A1C	0x6008    	ORI        R16, 8
0x0A1E	0x03229300  	STS        DACB_CTRLC+0, R16
;XMega_DAC.c,85 :: 		}
L_end_dac_setup:
0x0A22	0x9508    	RET
; end of _dac_setup
_cos:
;__Lib_CMath.c,301 :: 		
;__Lib_CMath.c,302 :: 		
0x0A6A	0x922F    	PUSH       R2
0x0A6C	0x923F    	PUSH       R3
0x0A6E	0x924F    	PUSH       R4
0x0A70	0x925F    	PUSH       R5
0x0A72	0x925F    	PUSH       R5
0x0A74	0x924F    	PUSH       R4
0x0A76	0x923F    	PUSH       R3
0x0A78	0x922F    	PUSH       R2
0x0A7A	0xED4B    	LDI        R20, 219
0x0A7C	0xE05F    	LDI        R21, 15
0x0A7E	0xE469    	LDI        R22, 73
0x0A80	0xE470    	LDI        R23, 64
0x0A82	0x0181    	MOVW       R16, R2
0x0A84	0x0192    	MOVW       R18, R4
0x0A86	0xDD82    	RCALL      _float_op_big+0
0x0A88	0x2800    	OR         R0, R0
0x0A8A	0xE000    	LDI        R16, 0
0x0A8C	0xF009    	BREQ       L__cos164
0x0A8E	0xE001    	LDI        R16, 1
L__cos164:
0x0A90	0x902F    	POP        R2
0x0A92	0x903F    	POP        R3
0x0A94	0x904F    	POP        R4
0x0A96	0x905F    	POP        R5
0x0A98	0x2300    	TST        R16
0x0A9A	0xF059    	BREQ       L_cos52
L__cos165:
;__Lib_CMath.c,303 :: 		
0x0A9C	0xEE44    	LDI        R20, 228
0x0A9E	0xEC5B    	LDI        R21, 203
0x0AA0	0xE966    	LDI        R22, 150
0x0AA2	0xE470    	LDI        R23, 64
0x0AA4	0x0181    	MOVW       R16, R2
0x0AA6	0x0192    	MOVW       R18, R4
0x0AA8	0xDD2F    	RCALL      _float_fpsub1+0
0x0AAA	0x0118    	MOVW       R2, R16
0x0AAC	0x0129    	MOVW       R4, R18
0x0AAE	0xDE8B    	RCALL      _sin+0
0x0AB0	0xC00A    	RJMP       L_end_cos
L_cos52:
;__Lib_CMath.c,304 :: 		
0x0AB2	0x0181    	MOVW       R16, R2
0x0AB4	0x0192    	MOVW       R18, R4
0x0AB6	0xED4B    	LDI        R20, 219
0x0AB8	0xE05F    	LDI        R21, 15
0x0ABA	0xEC69    	LDI        R22, 201
0x0ABC	0xE37F    	LDI        R23, 63
0x0ABE	0xDCBE    	RCALL      _float_fpadd1+0
0x0AC0	0x0118    	MOVW       R2, R16
0x0AC2	0x0129    	MOVW       R4, R18
0x0AC4	0xDE80    	RCALL      _sin+0
;__Lib_CMath.c,305 :: 		
;__Lib_CMath.c,304 :: 		
;__Lib_CMath.c,305 :: 		
L_end_cos:
0x0AC6	0x905F    	POP        R5
0x0AC8	0x904F    	POP        R4
0x0ACA	0x903F    	POP        R3
0x0ACC	0x902F    	POP        R2
0x0ACE	0x9508    	RET
; end of _cos
_sin:
0x07C6	0x93CF    	PUSH       R28
0x07C8	0x93DF    	PUSH       R29
0x07CA	0xB7CD    	IN         R28, SPL+0
0x07CC	0xB7DE    	IN         R29, SPL+1
0x07CE	0x9725    	SBIW       R28, 5
0x07D0	0xBFCD    	OUT        SPL+0, R28
0x07D2	0xBFDE    	OUT        SPL+1, R29
0x07D4	0x9621    	ADIW       R28, 1
;__Lib_CMath.c,259 :: 		
;__Lib_CMath.c,277 :: 		
0x07D6	0x926F    	PUSH       R6
0x07D8	0x927F    	PUSH       R7
0x07DA	0x928F    	PUSH       R8
0x07DC	0x929F    	PUSH       R9
0x07DE	0xE0B0    	LDI        R27, 0
0x07E0	0x83BC    	STD        Y+4, R27
;__Lib_CMath.c,278 :: 		
0x07E2	0x925F    	PUSH       R5
0x07E4	0x924F    	PUSH       R4
0x07E6	0x923F    	PUSH       R3
0x07E8	0x922F    	PUSH       R2
0x07EA	0xE040    	LDI        R20, 0
0x07EC	0xE050    	LDI        R21, 0
0x07EE	0xE060    	LDI        R22, 0
0x07F0	0xE070    	LDI        R23, 0
0x07F2	0x0181    	MOVW       R16, R2
0x07F4	0x0192    	MOVW       R18, R4
0x07F6	0xDE92    	RCALL      _float_op_less+0
0x07F8	0x2800    	OR         R0, R0
0x07FA	0xE000    	LDI        R16, 0
0x07FC	0xF009    	BREQ       L__sin155
0x07FE	0xE001    	LDI        R16, 1
L__sin155:
0x0800	0x902F    	POP        R2
0x0802	0x903F    	POP        R3
0x0804	0x904F    	POP        R4
0x0806	0x905F    	POP        R5
0x0808	0x2300    	TST        R16
0x080A	0xF071    	BREQ       L_sin48
L__sin156:
;__Lib_CMath.c,279 :: 		
0x080C	0x0181    	MOVW       R16, R2
0x080E	0x0192    	MOVW       R18, R4
0x0810	0xE0B0    	LDI        R27, 0
0x0812	0x270B    	EOR        R16, R27
0x0814	0xE0B0    	LDI        R27, 0
0x0816	0x271B    	EOR        R17, R27
0x0818	0xE0B0    	LDI        R27, 0
0x081A	0x272B    	EOR        R18, R27
0x081C	0xE8B0    	LDI        R27, 128
0x081E	0x273B    	EOR        R19, R27
0x0820	0x0118    	MOVW       R2, R16
0x0822	0x0129    	MOVW       R4, R18
;__Lib_CMath.c,280 :: 		
0x0824	0xE0B1    	LDI        R27, 1
0x0826	0x83BC    	STD        Y+4, R27
;__Lib_CMath.c,281 :: 		
L_sin48:
;__Lib_CMath.c,282 :: 		
0x0828	0x925F    	PUSH       R5
0x082A	0x924F    	PUSH       R4
0x082C	0x923F    	PUSH       R3
0x082E	0x922F    	PUSH       R2
0x0830	0x0181    	MOVW       R16, R2
0x0832	0x0192    	MOVW       R18, R4
0x0834	0xE843    	LDI        R20, 131
0x0836	0xEF59    	LDI        R21, 249
0x0838	0xE262    	LDI        R22, 34
0x083A	0xE37E    	LDI        R23, 62
0x083C	0xDE76    	RCALL      _float_fpmul1+0
0x083E	0x902F    	POP        R2
0x0840	0x903F    	POP        R3
0x0842	0x904F    	POP        R4
0x0844	0x905F    	POP        R5
0x0846	0x0118    	MOVW       R2, R16
0x0848	0x0129    	MOVW       R4, R18
;__Lib_CMath.c,283 :: 		
0x084A	0x925F    	PUSH       R5
0x084C	0x924F    	PUSH       R4
0x084E	0x923F    	PUSH       R3
0x0850	0x922F    	PUSH       R2
0x0852	0x0118    	MOVW       R2, R16
0x0854	0x0129    	MOVW       R4, R18
0x0856	0xDEF6    	RCALL      _floor+0
0x0858	0x902F    	POP        R2
0x085A	0x903F    	POP        R3
0x085C	0x904F    	POP        R4
0x085E	0x905F    	POP        R5
0x0860	0x925F    	PUSH       R5
0x0862	0x924F    	PUSH       R4
0x0864	0x923F    	PUSH       R3
0x0866	0x922F    	PUSH       R2
0x0868	0x01A8    	MOVW       R20, R16
0x086A	0x01B9    	MOVW       R22, R18
0x086C	0x0181    	MOVW       R16, R2
0x086E	0x0192    	MOVW       R18, R4
0x0870	0xDE4B    	RCALL      _float_fpsub1+0
0x0872	0xE040    	LDI        R20, 0
0x0874	0xE050    	LDI        R21, 0
0x0876	0xE860    	LDI        R22, 128
0x0878	0xE470    	LDI        R23, 64
0x087A	0xDE57    	RCALL      _float_fpmul1+0
0x087C	0x902F    	POP        R2
0x087E	0x903F    	POP        R3
0x0880	0x904F    	POP        R4
0x0882	0x905F    	POP        R5
0x0884	0x0118    	MOVW       R2, R16
0x0886	0x0129    	MOVW       R4, R18
;__Lib_CMath.c,284 :: 		
0x0888	0x925F    	PUSH       R5
0x088A	0x924F    	PUSH       R4
0x088C	0x923F    	PUSH       R3
0x088E	0x922F    	PUSH       R2
0x0890	0xE040    	LDI        R20, 0
0x0892	0xE050    	LDI        R21, 0
0x0894	0xE060    	LDI        R22, 0
0x0896	0xE470    	LDI        R23, 64
0x0898	0xDE79    	RCALL      _float_op_big+0
0x089A	0x2800    	OR         R0, R0
0x089C	0xE0B0    	LDI        R27, 0
0x089E	0xF009    	BREQ       L__sin157
0x08A0	0xE0B1    	LDI        R27, 1
L__sin157:
0x08A2	0x2F0B    	MOV        R16, R27
0x08A4	0x902F    	POP        R2
0x08A6	0x903F    	POP        R3
0x08A8	0x904F    	POP        R4
0x08AA	0x905F    	POP        R5
0x08AC	0x2300    	TST        R16
0x08AE	0xF0C1    	BREQ       L_sin49
L__sin158:
;__Lib_CMath.c,285 :: 		
0x08B0	0x925F    	PUSH       R5
0x08B2	0x924F    	PUSH       R4
0x08B4	0x923F    	PUSH       R3
0x08B6	0x922F    	PUSH       R2
0x08B8	0xE040    	LDI        R20, 0
0x08BA	0xE050    	LDI        R21, 0
0x08BC	0xE060    	LDI        R22, 0
0x08BE	0xE470    	LDI        R23, 64
0x08C0	0x0181    	MOVW       R16, R2
0x08C2	0x0192    	MOVW       R18, R4
0x08C4	0xDE21    	RCALL      _float_fpsub1+0
0x08C6	0x902F    	POP        R2
0x08C8	0x903F    	POP        R3
0x08CA	0x904F    	POP        R4
0x08CC	0x905F    	POP        R5
0x08CE	0x0118    	MOVW       R2, R16
0x08D0	0x0129    	MOVW       R4, R18
;__Lib_CMath.c,286 :: 		
0x08D2	0x810C    	LDD        R16, Y+4
0x08D4	0x2300    	TST        R16
0x08D6	0xE0B0    	LDI        R27, 0
0x08D8	0xF409    	BRNE       L__sin159
0x08DA	0xE0B1    	LDI        R27, 1
L__sin159:
0x08DC	0x2F0B    	MOV        R16, R27
0x08DE	0x830C    	STD        Y+4, R16
;__Lib_CMath.c,287 :: 		
L_sin49:
;__Lib_CMath.c,288 :: 		
0x08E0	0x925F    	PUSH       R5
0x08E2	0x924F    	PUSH       R4
0x08E4	0x923F    	PUSH       R3
0x08E6	0x922F    	PUSH       R2
0x08E8	0xE040    	LDI        R20, 0
0x08EA	0xE050    	LDI        R21, 0
0x08EC	0xE860    	LDI        R22, 128
0x08EE	0xE37F    	LDI        R23, 63
0x08F0	0x0181    	MOVW       R16, R2
0x08F2	0x0192    	MOVW       R18, R4
0x08F4	0xDE4B    	RCALL      _float_op_big+0
0x08F6	0x2800    	OR         R0, R0
0x08F8	0xE000    	LDI        R16, 0
0x08FA	0xF009    	BREQ       L__sin160
0x08FC	0xE001    	LDI        R16, 1
L__sin160:
0x08FE	0x902F    	POP        R2
0x0900	0x903F    	POP        R3
0x0902	0x904F    	POP        R4
0x0904	0x905F    	POP        R5
0x0906	0x2300    	TST        R16
0x0908	0xF089    	BREQ       L_sin50
L__sin161:
;__Lib_CMath.c,289 :: 		
0x090A	0x925F    	PUSH       R5
0x090C	0x924F    	PUSH       R4
0x090E	0x923F    	PUSH       R3
0x0910	0x922F    	PUSH       R2
0x0912	0x01A1    	MOVW       R20, R2
0x0914	0x01B2    	MOVW       R22, R4
0x0916	0xE000    	LDI        R16, 0
0x0918	0xE010    	LDI        R17, 0
0x091A	0xE020    	LDI        R18, 0
0x091C	0xE430    	LDI        R19, 64
0x091E	0xDDF4    	RCALL      _float_fpsub1+0
0x0920	0x902F    	POP        R2
0x0922	0x903F    	POP        R3
0x0924	0x904F    	POP        R4
0x0926	0x905F    	POP        R5
0x0928	0x0118    	MOVW       R2, R16
0x092A	0x0129    	MOVW       R4, R18
L_sin50:
;__Lib_CMath.c,290 :: 		
0x092C	0x925F    	PUSH       R5
0x092E	0x924F    	PUSH       R4
0x0930	0x923F    	PUSH       R3
0x0932	0x922F    	PUSH       R2
0x0934	0x0181    	MOVW       R16, R2
0x0936	0x0192    	MOVW       R18, R4
0x0938	0x01A1    	MOVW       R20, R2
0x093A	0x01B2    	MOVW       R22, R4
0x093C	0xDDF6    	RCALL      _float_fpmul1+0
0x093E	0x8308    	STD        Y+0, R16
0x0940	0x8319    	STD        Y+1, R17
0x0942	0x832A    	STD        Y+2, R18
0x0944	0x833B    	STD        Y+3, R19
;__Lib_CMath.c,291 :: 		
0x0946	0xE0B4    	LDI        R27, 4
0x0948	0x2E8B    	MOV        R8, R27
0x094A	0xE0B0    	LDI        R27, 0
0x094C	0x2E9B    	MOV        R9, R27
0x094E	0xEAB0    	LDI        R27, lo_addr(sin_coeff_a_L0+0)
0x0950	0x2E6B    	MOV        R6, R27
0x0952	0xE0BB    	LDI        R27, hi_addr(sin_coeff_a_L0+0)
0x0954	0x2E7B    	MOV        R7, R27
0x0956	0x0118    	MOVW       R2, R16
0x0958	0x0129    	MOVW       R4, R18
0x095A	0xDE28    	RCALL      __Lib_CMath_eval_poly+0
0x095C	0x902F    	POP        R2
0x095E	0x903F    	POP        R3
0x0960	0x904F    	POP        R4
0x0962	0x905F    	POP        R5
0x0964	0x925F    	PUSH       R5
0x0966	0x924F    	PUSH       R4
0x0968	0x923F    	PUSH       R3
0x096A	0x922F    	PUSH       R2
0x096C	0x01A1    	MOVW       R20, R2
0x096E	0x01B2    	MOVW       R22, R4
0x0970	0xDDDC    	RCALL      _float_fpmul1+0
0x0972	0x902F    	POP        R2
0x0974	0x903F    	POP        R3
0x0976	0x904F    	POP        R4
0x0978	0x905F    	POP        R5
0x097A	0x0118    	MOVW       R2, R16
0x097C	0x0129    	MOVW       R4, R18
;__Lib_CMath.c,292 :: 		
0x097E	0x925F    	PUSH       R5
0x0980	0x924F    	PUSH       R4
0x0982	0x923F    	PUSH       R3
0x0984	0x922F    	PUSH       R2
0x0986	0xE0B3    	LDI        R27, 3
0x0988	0x2E8B    	MOV        R8, R27
0x098A	0xE0B0    	LDI        R27, 0
0x098C	0x2E9B    	MOV        R9, R27
0x098E	0xEBB4    	LDI        R27, lo_addr(sin_coeff_b_L0+0)
0x0990	0x2E6B    	MOV        R6, R27
0x0992	0xE0BB    	LDI        R27, hi_addr(sin_coeff_b_L0+0)
0x0994	0x2E7B    	MOV        R7, R27
0x0996	0x8028    	LDD        R2, Y+0
0x0998	0x8039    	LDD        R3, Y+1
0x099A	0x804A    	LDD        R4, Y+2
0x099C	0x805B    	LDD        R5, Y+3
0x099E	0xDE06    	RCALL      __Lib_CMath_eval_poly+0
0x09A0	0x902F    	POP        R2
0x09A2	0x903F    	POP        R3
0x09A4	0x904F    	POP        R4
0x09A6	0x905F    	POP        R5
0x09A8	0x925F    	PUSH       R5
0x09AA	0x924F    	PUSH       R4
0x09AC	0x923F    	PUSH       R3
0x09AE	0x922F    	PUSH       R2
0x09B0	0x01A8    	MOVW       R20, R16
0x09B2	0x01B9    	MOVW       R22, R18
0x09B4	0x0181    	MOVW       R16, R2
0x09B6	0x0192    	MOVW       R18, R4
0x09B8	0xDE3B    	RCALL      _float_fpdiv1+0
0x09BA	0x902F    	POP        R2
0x09BC	0x903F    	POP        R3
0x09BE	0x904F    	POP        R4
0x09C0	0x905F    	POP        R5
0x09C2	0x0118    	MOVW       R2, R16
0x09C4	0x0129    	MOVW       R4, R18
;__Lib_CMath.c,294 :: 		
0x09C6	0x810C    	LDD        R16, Y+4
0x09C8	0x2300    	TST        R16
0x09CA	0xF059    	BREQ       L_sin51
L__sin162:
;__Lib_CMath.c,295 :: 		
0x09CC	0x0181    	MOVW       R16, R2
0x09CE	0x0192    	MOVW       R18, R4
0x09D0	0xE0B0    	LDI        R27, 0
0x09D2	0x270B    	EOR        R16, R27
0x09D4	0xE0B0    	LDI        R27, 0
0x09D6	0x271B    	EOR        R17, R27
0x09D8	0xE0B0    	LDI        R27, 0
0x09DA	0x272B    	EOR        R18, R27
0x09DC	0xE8B0    	LDI        R27, 128
0x09DE	0x273B    	EOR        R19, R27
0x09E0	0xC002    	RJMP       L_end_sin
L_sin51:
;__Lib_CMath.c,296 :: 		
0x09E2	0x0181    	MOVW       R16, R2
0x09E4	0x0192    	MOVW       R18, R4
;__Lib_CMath.c,297 :: 		
;__Lib_CMath.c,296 :: 		
;__Lib_CMath.c,297 :: 		
L_end_sin:
0x09E6	0x909F    	POP        R9
0x09E8	0x908F    	POP        R8
0x09EA	0x907F    	POP        R7
0x09EC	0x906F    	POP        R6
0x09EE	0x9624    	ADIW       R28, 4
0x09F0	0xBFCD    	OUT        SPL+0, R28
0x09F2	0xBFDE    	OUT        SPL+1, R29
0x09F4	0x91DF    	POP        R29
0x09F6	0x91CF    	POP        R28
0x09F8	0x9508    	RET
; end of _sin
_floor:
0x0644	0x93CF    	PUSH       R28
0x0646	0x93DF    	PUSH       R29
0x0648	0xB7CD    	IN         R28, SPL+0
0x064A	0xB7DE    	IN         R29, SPL+1
0x064C	0x9724    	SBIW       R28, 4
0x064E	0xBFCD    	OUT        SPL+0, R28
0x0650	0xBFDE    	OUT        SPL+1, R29
0x0652	0x9621    	ADIW       R28, 1
;__Lib_CMath.c,39 :: 		
0x0654	0x8228    	STD        Y+0, R2
0x0656	0x8239    	STD        Y+1, R3
0x0658	0x824A    	STD        Y+2, R4
0x065A	0x825B    	STD        Y+3, R5
;__Lib_CMath.c,43 :: 		
0x065C	0x01FE    	MOVW       R30, R28
0x065E	0x9101    	LD         R16, Z+
0x0660	0x9111    	LD         R17, Z+
0x0662	0x9121    	LD         R18, Z+
0x0664	0x9131    	LD         R19, Z+
0x0666	0xE1B7    	LDI        R27, 23
L__floor75:
0x0668	0x9536    	LSR        R19
0x066A	0x9527    	ROR        R18
0x066C	0x9517    	ROR        R17
0x066E	0x9507    	ROR        R16
0x0670	0x95BA    	DEC        R27
0x0672	0xF7D1    	BRNE       L__floor75
L__floor76:
0x0674	0x7010    	ANDI       R17, 0
;__Lib_CMath.c,44 :: 		
0x0676	0x0198    	MOVW       R18, R16
0x0678	0x572F    	SUBI       R18, 127
0x067A	0x4030    	SBCI       R19, 0
; expon start address is: 20 (R20)
0x067C	0x01A9    	MOVW       R20, R18
;__Lib_CMath.c,45 :: 		
0x067E	0xE000    	LDI        R16, 0
0x0680	0xE010    	LDI        R17, 0
0x0682	0x1720    	CP         R18, R16
0x0684	0x0731    	CPC        R19, R17
0x0686	0xF4CC    	BRGE       L_floor1
L__floor77:
; expon end address is: 20 (R20)
;__Lib_CMath.c,46 :: 		
0x0688	0xE040    	LDI        R20, 0
0x068A	0xE050    	LDI        R21, 0
0x068C	0xE060    	LDI        R22, 0
0x068E	0xE070    	LDI        R23, 0
0x0690	0x8108    	LDD        R16, Y+0
0x0692	0x8119    	LDD        R17, Y+1
0x0694	0x812A    	LDD        R18, Y+2
0x0696	0x813B    	LDD        R19, Y+3
0x0698	0xDF41    	RCALL      _float_op_less+0
0x069A	0x2800    	OR         R0, R0
0x069C	0xE000    	LDI        R16, 0
0x069E	0xF009    	BREQ       L__floor78
0x06A0	0xE001    	LDI        R16, 1
L__floor78:
0x06A2	0x2300    	TST        R16
0x06A4	0xF029    	BREQ       L_floor2
L__floor79:
;__Lib_CMath.c,47 :: 		
0x06A6	0xE000    	LDI        R16, 0
0x06A8	0xE010    	LDI        R17, 0
0x06AA	0xE820    	LDI        R18, 128
0x06AC	0xEB3F    	LDI        R19, 191
0x06AE	0xC035    	RJMP       L_end_floor
L_floor2:
;__Lib_CMath.c,49 :: 		
0x06B0	0xE000    	LDI        R16, 0
0x06B2	0xE010    	LDI        R17, 0
0x06B4	0xE020    	LDI        R18, 0
0x06B6	0xE030    	LDI        R19, 0
0x06B8	0xC030    	RJMP       L_end_floor
L_floor1:
;__Lib_CMath.c,50 :: 		
; expon start address is: 20 (R20)
0x06BA	0xE108    	LDI        R16, 24
0x06BC	0xE010    	LDI        R17, 0
0x06BE	0x1704    	CP         R16, R20
0x06C0	0x0715    	CPC        R17, R21
0x06C2	0xF428    	BRSH       L_floor4
L__floor80:
; expon end address is: 20 (R20)
;__Lib_CMath.c,51 :: 		
0x06C4	0x8108    	LDD        R16, Y+0
0x06C6	0x8119    	LDD        R17, Y+1
0x06C8	0x812A    	LDD        R18, Y+2
0x06CA	0x813B    	LDD        R19, Y+3
0x06CC	0xC026    	RJMP       L_end_floor
L_floor4:
;__Lib_CMath.c,52 :: 		
0x06CE	0x8108    	LDD        R16, Y+0
0x06D0	0x8119    	LDD        R17, Y+1
0x06D2	0x812A    	LDD        R18, Y+2
0x06D4	0x813B    	LDD        R19, Y+3
0x06D6	0xDF33    	RCALL      _float_fpint+0
0x06D8	0xDF56    	RCALL      _float_slong2fp+0
; i start address is: 20 (R20)
0x06DA	0x01A8    	MOVW       R20, R16
0x06DC	0x01B9    	MOVW       R22, R18
;__Lib_CMath.c,54 :: 		
0x06DE	0x937F    	PUSH       R23
0x06E0	0x936F    	PUSH       R22
0x06E2	0x935F    	PUSH       R21
0x06E4	0x934F    	PUSH       R20
0x06E6	0x8148    	LDD        R20, Y+0
0x06E8	0x8159    	LDD        R21, Y+1
0x06EA	0x816A    	LDD        R22, Y+2
0x06EC	0x817B    	LDD        R23, Y+3
0x06EE	0xDF4E    	RCALL      _float_op_big+0
0x06F0	0x2800    	OR         R0, R0
0x06F2	0xE0B0    	LDI        R27, 0
0x06F4	0xF009    	BREQ       L__floor81
0x06F6	0xE0B1    	LDI        R27, 1
L__floor81:
0x06F8	0x2F0B    	MOV        R16, R27
0x06FA	0x914F    	POP        R20
0x06FC	0x915F    	POP        R21
0x06FE	0x916F    	POP        R22
0x0700	0x917F    	POP        R23
0x0702	0x2300    	TST        R16
0x0704	0xF041    	BREQ       L_floor5
L__floor82:
;__Lib_CMath.c,55 :: 		
0x0706	0x018A    	MOVW       R16, R20
0x0708	0x019B    	MOVW       R18, R22
0x070A	0xE040    	LDI        R20, 0
0x070C	0xE050    	LDI        R21, 0
0x070E	0xE860    	LDI        R22, 128
0x0710	0xE37F    	LDI        R23, 63
0x0712	0xDEFA    	RCALL      _float_fpsub1+0
; i end address is: 20 (R20)
0x0714	0xC002    	RJMP       L_end_floor
L_floor5:
;__Lib_CMath.c,56 :: 		
; i start address is: 20 (R20)
0x0716	0x018A    	MOVW       R16, R20
0x0718	0x019B    	MOVW       R18, R22
; i end address is: 20 (R20)
;__Lib_CMath.c,57 :: 		
L_end_floor:
0x071A	0x9623    	ADIW       R28, 3
0x071C	0xBFCD    	OUT        SPL+0, R28
0x071E	0xBFDE    	OUT        SPL+1, R29
0x0720	0x91DF    	POP        R29
0x0722	0x91CF    	POP        R28
0x0724	0x9508    	RET
; end of _floor
_float_fpint:
;__Lib_MathDouble.c,190 :: 		
;__Lib_MathDouble.c,191 :: 		
0x053E	0xDF21    	RCALL      _float_unpacku+0
;__Lib_MathDouble.c,193 :: 		
0x0540	0xF0F1    	BREQ       L0077
;__Lib_MathDouble.c,194 :: 		
0x0542	0x2355    	TST        R21
;__Lib_MathDouble.c,195 :: 		
0x0544	0xF0C2    	BRMI       L0073
;__Lib_MathDouble.c,196 :: 		
0x0546	0x314F    	CPI        R20, 31
;__Lib_MathDouble.c,197 :: 		
0x0548	0xF4A8    	BRCC       L0072int
;__Lib_MathDouble.c,198 :: 		
0x054A	0x3147    	CPI        R20, 23
;__Lib_MathDouble.c,199 :: 		
0x054C	0xF0C1    	BREQ       L0077
;__Lib_MathDouble.c,200 :: 		
0x054E	0xF450    	BRCC       L006A
;__Lib_MathDouble.c,201 :: 		
0x0550	0x9541    	NEG        R20
;__Lib_MathDouble.c,202 :: 		
0x0552	0x5E49    	SUBI       R20, 233
;__Lib_MathDouble.c,203 :: 		
0x0554	0xC005    	RJMP       L0068
;__Lib_MathDouble.c,204 :: 		
L0063:
;__Lib_MathDouble.c,205 :: 		
0x0556	0x9535    	ASR        R19
;__Lib_MathDouble.c,206 :: 		
0x0558	0x9527    	ROR        R18
;__Lib_MathDouble.c,207 :: 		
0x055A	0x9517    	ROR        R17
;__Lib_MathDouble.c,208 :: 		
0x055C	0x9507    	ROR        R16
;__Lib_MathDouble.c,209 :: 		
0x055E	0x954A    	DEC        R20
;__Lib_MathDouble.c,210 :: 		
L0068:
;__Lib_MathDouble.c,211 :: 		
0x0560	0xF7D1    	BRNE       L0063
;__Lib_MathDouble.c,212 :: 		
0x0562	0xC00D    	RJMP       L0077
;__Lib_MathDouble.c,213 :: 		
L006A:
;__Lib_MathDouble.c,214 :: 		
0x0564	0x5147    	SUBI       R20, 23
;__Lib_MathDouble.c,215 :: 		
L006B:
;__Lib_MathDouble.c,216 :: 		
0x0566	0x0F00    	LSL        R16
;__Lib_MathDouble.c,217 :: 		
0x0568	0x1F11    	ROL        R17
;__Lib_MathDouble.c,218 :: 		
0x056A	0x1F22    	ROL        R18
;__Lib_MathDouble.c,219 :: 		
0x056C	0x1F33    	ROL        R19
;__Lib_MathDouble.c,220 :: 		
0x056E	0x954A    	DEC        R20
;__Lib_MathDouble.c,221 :: 		
0x0570	0xF7D1    	BRNE       L006B
;__Lib_MathDouble.c,222 :: 		
0x0572	0xC005    	RJMP       L0077
;__Lib_MathDouble.c,223 :: 		
L0072int:
;__Lib_MathDouble.c,224 :: 		
0x0574	0xE73F    	LDI        R19, 127
;__Lib_MathDouble.c,225 :: 		
L0073:
;__Lib_MathDouble.c,226 :: 		
0x0576	0x2F23    	MOV        R18, R19
;__Lib_MathDouble.c,227 :: 		
0x0578	0x2F13    	MOV        R17, R19
;__Lib_MathDouble.c,228 :: 		
0x057A	0x2F03    	MOV        R16, R19
;__Lib_MathDouble.c,229 :: 		
0x057C	0xC003    	RJMP       L007A
;__Lib_MathDouble.c,230 :: 		
L0077:
;__Lib_MathDouble.c,231 :: 		
0x057E	0x2366    	TST        R22
;__Lib_MathDouble.c,232 :: 		
0x0580	0xF009    	BREQ       L007A
;__Lib_MathDouble.c,234 :: 		
0x0582	0xDEEC    	RCALL      _float_neg32+0
;__Lib_MathDouble.c,236 :: 		
L007A:
;__Lib_MathDouble.c,238 :: 		
L_end_float_fpint:
0x0584	0x9508    	RET
; end of _float_fpint
_float_unpacku:
;__Lib_MathDouble.c,148 :: 		
;__Lib_MathDouble.c,149 :: 		
0x0382	0xDFA8    	RCALL      _float_tstr16_r19+0
;__Lib_MathDouble.c,151 :: 		
0x0384	0xF079    	BREQ       L016E
;__Lib_MathDouble.c,152 :: 		
0x0386	0x2F63    	MOV        R22, R19
;__Lib_MathDouble.c,153 :: 		
0x0388	0x7860    	ANDI       R22, 128
;__Lib_MathDouble.c,154 :: 		
0x038A	0x0F22    	LSL        R18
;__Lib_MathDouble.c,155 :: 		
0x038C	0x1F33    	ROL        R19
;__Lib_MathDouble.c,156 :: 		
0x038E	0x2F43    	MOV        R20, R19
;__Lib_MathDouble.c,157 :: 		
0x0390	0xE75F    	LDI        R21, 127
;__Lib_MathDouble.c,158 :: 		
0x0392	0x1B45    	SUB        R20, R21
;__Lib_MathDouble.c,159 :: 		
0x0394	0x2755    	CLR        R21
;__Lib_MathDouble.c,160 :: 		
0x0396	0x4050    	SBCI       R21, 0
;__Lib_MathDouble.c,161 :: 		
0x0398	0x9526    	LSR        R18
;__Lib_MathDouble.c,162 :: 		
0x039A	0xE830    	LDI        R19, 128
;__Lib_MathDouble.c,163 :: 		
0x039C	0x2B23    	OR         R18, R19
;__Lib_MathDouble.c,164 :: 		
0x039E	0x2733    	CLR        R19
;__Lib_MathDouble.c,165 :: 		
0x03A0	0x9498    	CLZ
;__Lib_MathDouble.c,166 :: 		
0x03A2	0xC003    	RJMP       L016Ex
;__Lib_MathDouble.c,167 :: 		
L016E:
;__Lib_MathDouble.c,168 :: 		
0x03A4	0x2744    	CLR        R20
;__Lib_MathDouble.c,169 :: 		
0x03A6	0x2755    	CLR        R21
;__Lib_MathDouble.c,170 :: 		
0x03A8	0x2766    	CLR        R22
;__Lib_MathDouble.c,171 :: 		
L016Ex:
;__Lib_MathDouble.c,173 :: 		
L_end_float_unpacku:
0x03AA	0x9508    	RET
; end of _float_unpacku
_float_tstr16_r19:
;__Lib_MathDouble.c,17 :: 		
;__Lib_MathDouble.c,19 :: 		
0x02D4	0x2300    	TST        R16
;__Lib_MathDouble.c,20 :: 		
0x02D6	0xF429    	BRNE       L015C
;__Lib_MathDouble.c,21 :: 		
0x02D8	0x2311    	TST        R17
;__Lib_MathDouble.c,22 :: 		
0x02DA	0xF419    	BRNE       L015C
;__Lib_MathDouble.c,23 :: 		
0x02DC	0x2322    	TST        R18
;__Lib_MathDouble.c,24 :: 		
0x02DE	0xF409    	BRNE       L015C
;__Lib_MathDouble.c,25 :: 		
0x02E0	0x2333    	TST        R19
;__Lib_MathDouble.c,26 :: 		
L015C:
;__Lib_MathDouble.c,28 :: 		
L_end_float_tstr16_r19:
0x02E2	0x9508    	RET
; end of _float_tstr16_r19
_float_neg32:
;__Lib_MathDouble.c,4 :: 		
;__Lib_MathDouble.c,6 :: 		
0x035C	0x9500    	COM        R16
;__Lib_MathDouble.c,7 :: 		
0x035E	0x9510    	COM        R17
;__Lib_MathDouble.c,8 :: 		
0x0360	0x9520    	COM        R18
;__Lib_MathDouble.c,9 :: 		
0x0362	0x9530    	COM        R19
;__Lib_MathDouble.c,10 :: 		
0x0364	0x5F0F    	SUBI       R16, 255
;__Lib_MathDouble.c,11 :: 		
0x0366	0x4F1F    	SBCI       R17, 255
;__Lib_MathDouble.c,12 :: 		
0x0368	0x4F2F    	SBCI       R18, 255
;__Lib_MathDouble.c,13 :: 		
0x036A	0x4F3F    	SBCI       R19, 255
;__Lib_MathDouble.c,15 :: 		
L_end_float_neg32:
0x036C	0x9508    	RET
; end of _float_neg32
_float_slong2fp:
;__Lib_MathDouble.c,122 :: 		
;__Lib_MathDouble.c,124 :: 		
0x0586	0x94E8    	BCLR       6
;__Lib_MathDouble.c,126 :: 		
0x0588	0xDEF2    	RCALL      _float_long2fp+0
;__Lib_MathDouble.c,127 :: 		
L_end_float_slong2fp:
0x058A	0x9508    	RET
; end of _float_slong2fp
_float_long2fp:
;__Lib_MathDouble.c,105 :: 		
;__Lib_MathDouble.c,107 :: 		
0x036E	0xE147    	LDI        R20, 23
;__Lib_MathDouble.c,108 :: 		
0x0370	0x2766    	CLR        R22
;__Lib_MathDouble.c,109 :: 		
0x0372	0x2755    	CLR        R21
;__Lib_MathDouble.c,110 :: 		
0x0374	0xF026    	BRTS       L00FC
;__Lib_MathDouble.c,111 :: 		
0x0376	0x2333    	TST        R19
;__Lib_MathDouble.c,112 :: 		
0x0378	0xF412    	BRPL       L00FC
;__Lib_MathDouble.c,114 :: 		
0x037A	0xDFF0    	RCALL      _float_neg32+0
;__Lib_MathDouble.c,116 :: 		
0x037C	0xE860    	LDI        R22, 128
;__Lib_MathDouble.c,117 :: 		
L00FC:
;__Lib_MathDouble.c,119 :: 		
0x037E	0xDFB2    	RCALL      _float_normalize_and_pack+0
;__Lib_MathDouble.c,120 :: 		
L_end_float_long2fp:
0x0380	0x9508    	RET
; end of _float_long2fp
_float_normalize_and_pack:
;__Lib_MathDouble.c,45 :: 		
;__Lib_MathDouble.c,46 :: 		
0x02E4	0xDFF7    	RCALL      _float_tstr16_r19+0
;__Lib_MathDouble.c,48 :: 		
0x02E6	0xF111    	BREQ       L0196
;__Lib_MathDouble.c,49 :: 		
0x02E8	0x939F    	PUSH       R25
;__Lib_MathDouble.c,50 :: 		
0x02EA	0x938F    	PUSH       R24
;__Lib_MathDouble.c,51 :: 		
0x02EC	0xE78E    	LDI        R24, 126
;__Lib_MathDouble.c,52 :: 		
0x02EE	0xE090    	LDI        R25, 0
;__Lib_MathDouble.c,53 :: 		
L0178:
;__Lib_MathDouble.c,54 :: 		
0x02F0	0x2333    	TST        R19
;__Lib_MathDouble.c,55 :: 		
0x02F2	0xF051    	BREQ       L0184
;__Lib_MathDouble.c,56 :: 		
0x02F4	0x9536    	LSR        R19
;__Lib_MathDouble.c,57 :: 		
0x02F6	0x9527    	ROR        R18
;__Lib_MathDouble.c,58 :: 		
0x02F8	0x9517    	ROR        R17
;__Lib_MathDouble.c,59 :: 		
0x02FA	0x9507    	ROR        R16
;__Lib_MathDouble.c,60 :: 		
0x02FC	0x1748    	CP         R20, R24
;__Lib_MathDouble.c,61 :: 		
0x02FE	0x0759    	CPC        R21, R25
;__Lib_MathDouble.c,62 :: 		
0x0300	0xF4B4    	BRGE       L0197
;__Lib_MathDouble.c,63 :: 		
0x0302	0x5F4F    	SUBI       R20, 255
;__Lib_MathDouble.c,64 :: 		
0x0304	0x4F5F    	SBCI       R21, 255
;__Lib_MathDouble.c,65 :: 		
0x0306	0xCFF4    	RJMP       L0178
;__Lib_MathDouble.c,66 :: 		
L0184:
;__Lib_MathDouble.c,67 :: 		
0x0308	0x9580    	COM        R24
;__Lib_MathDouble.c,68 :: 		
0x030A	0x9590    	COM        R25
;__Lib_MathDouble.c,69 :: 		
0x030C	0x9601    	ADIW       R24, 1
;__Lib_MathDouble.c,70 :: 		
L0187:
;__Lib_MathDouble.c,71 :: 		
0x030E	0x2322    	TST        R18
;__Lib_MathDouble.c,72 :: 		
0x0310	0xF09A    	BRMI       L019C
;__Lib_MathDouble.c,73 :: 		
0x0312	0x0F00    	LSL        R16
;__Lib_MathDouble.c,74 :: 		
0x0314	0x1F11    	ROL        R17
;__Lib_MathDouble.c,75 :: 		
0x0316	0x1F22    	ROL        R18
;__Lib_MathDouble.c,76 :: 		
0x0318	0x1748    	CP         R20, R24
;__Lib_MathDouble.c,77 :: 		
0x031A	0x0759    	CPC        R21, R25
;__Lib_MathDouble.c,78 :: 		
0x031C	0xF01C    	BRLT       L0192
;__Lib_MathDouble.c,79 :: 		
0x031E	0x5041    	SUBI       R20, 1
;__Lib_MathDouble.c,80 :: 		
0x0320	0x4050    	SBCI       R21, 0
;__Lib_MathDouble.c,81 :: 		
0x0322	0xCFF5    	RJMP       L0187
;__Lib_MathDouble.c,82 :: 		
L0192:
;__Lib_MathDouble.c,83 :: 		
0x0324	0x2700    	CLR        R16
;__Lib_MathDouble.c,84 :: 		
0x0326	0x2711    	CLR        R17
;__Lib_MathDouble.c,85 :: 		
0x0328	0x2722    	CLR        R18
;__Lib_MathDouble.c,86 :: 		
0x032A	0x2733    	CLR        R19
;__Lib_MathDouble.c,87 :: 		
L0196:
;__Lib_MathDouble.c,88 :: 		
0x032C	0xC008    	RJMP       L0196x
;__Lib_MathDouble.c,89 :: 		
L0197:
;__Lib_MathDouble.c,90 :: 		
0x032E	0x2733    	CLR        R19
;__Lib_MathDouble.c,91 :: 		
0x0330	0xEF0F    	LDI        R16, 255
;__Lib_MathDouble.c,92 :: 		
0x0332	0x2F10    	MOV        R17, R16
;__Lib_MathDouble.c,93 :: 		
0x0334	0xE72F    	LDI        R18, 127
;__Lib_MathDouble.c,94 :: 		
0x0336	0x2F32    	MOV        R19, R18
;__Lib_MathDouble.c,95 :: 		
L019C:
;__Lib_MathDouble.c,96 :: 		
0x0338	0x918F    	POP        R24
;__Lib_MathDouble.c,97 :: 		
0x033A	0x919F    	POP        R25
;__Lib_MathDouble.c,99 :: 		
0x033C	0xDF66    	RCALL      _float_pack+0
;__Lib_MathDouble.c,101 :: 		
L0196x:
;__Lib_MathDouble.c,103 :: 		
L_end_float_normalize_and_pack:
0x033E	0x9508    	RET
; end of _float_normalize_and_pack
_float_pack:
;__Lib_MathDouble.c,30 :: 		
;__Lib_MathDouble.c,31 :: 		
0x020A	0xD064    	RCALL      _float_tstr16_r19+0
;__Lib_MathDouble.c,33 :: 		
0x020C	0xF039    	BREQ       L01A7
;__Lib_MathDouble.c,34 :: 		
0x020E	0x5841    	SUBI       R20, 129
;__Lib_MathDouble.c,35 :: 		
0x0210	0x4F5F    	SBCI       R21, 255
;__Lib_MathDouble.c,36 :: 		
0x0212	0x2F34    	MOV        R19, R20
;__Lib_MathDouble.c,37 :: 		
0x0214	0x0F22    	LSL        R18
;__Lib_MathDouble.c,38 :: 		
0x0216	0x9536    	LSR        R19
;__Lib_MathDouble.c,39 :: 		
0x0218	0x9527    	ROR        R18
;__Lib_MathDouble.c,40 :: 		
0x021A	0x2B36    	OR         R19, R22
;__Lib_MathDouble.c,41 :: 		
L01A7:
;__Lib_MathDouble.c,43 :: 		
L_end_float_pack:
0x021C	0x9508    	RET
; end of _float_pack
_float_op_big:
;__Lib_MathDouble.c,704 :: 		
;__Lib_MathDouble.c,706 :: 		
0x058C	0x2E00    	MOV        R0, R16
;__Lib_MathDouble.c,707 :: 		
0x058E	0x2E11    	MOV        R1, R17
;__Lib_MathDouble.c,708 :: 		
0x0590	0x2E22    	MOV        R2, R18
;__Lib_MathDouble.c,709 :: 		
0x0592	0x2E33    	MOV        R3, R19
;__Lib_MathDouble.c,711 :: 		
0x0594	0x2F04    	MOV        R16, R20
;__Lib_MathDouble.c,712 :: 		
0x0596	0x2F15    	MOV        R17, R21
;__Lib_MathDouble.c,713 :: 		
0x0598	0x2F26    	MOV        R18, R22
;__Lib_MathDouble.c,714 :: 		
0x059A	0x2F37    	MOV        R19, R23
;__Lib_MathDouble.c,716 :: 		
0x059C	0xDED4    	RCALL      _float_fpcmp+0
;__Lib_MathDouble.c,718 :: 		
0x059E	0x2300    	TST        R16
;__Lib_MathDouble.c,719 :: 		
0x05A0	0xF41C    	BRGE       op_big_false
;__Lib_MathDouble.c,720 :: 		
0x05A2	0x2400    	CLR        R0
;__Lib_MathDouble.c,721 :: 		
0x05A4	0x9403    	INC        R0
;__Lib_MathDouble.c,722 :: 		
0x05A6	0xC001    	RJMP       op_big_exit
;__Lib_MathDouble.c,723 :: 		
op_big_false:
;__Lib_MathDouble.c,724 :: 		
0x05A8	0x2400    	CLR        R0
;__Lib_MathDouble.c,725 :: 		
op_big_exit:
;__Lib_MathDouble.c,727 :: 		
L_end_float_op_big:
0x05AA	0x9508    	RET
; end of _float_op_big
_float_fpcmp:
;__Lib_MathDouble.c,632 :: 		
;__Lib_MathDouble.c,633 :: 		
0x0346	0xDFFC    	RCALL      _float_fpsub+0
;__Lib_MathDouble.c,635 :: 		
0x0348	0x2333    	TST        R19
;__Lib_MathDouble.c,636 :: 		
0x034A	0xF032    	BRMI       L011A
;__Lib_MathDouble.c,638 :: 		
0x034C	0xDFC3    	RCALL      _float_tstr16_r19+0
;__Lib_MathDouble.c,640 :: 		
0x034E	0xF011    	BREQ       L0118
;__Lib_MathDouble.c,641 :: 		
0x0350	0xE001    	LDI        R16, 1
;__Lib_MathDouble.c,642 :: 		
0x0352	0xC003    	RJMP       L011Aexit
;__Lib_MathDouble.c,643 :: 		
L0118:
;__Lib_MathDouble.c,644 :: 		
0x0354	0x2700    	CLR        R16
;__Lib_MathDouble.c,645 :: 		
0x0356	0xC001    	RJMP       L011Aexit
;__Lib_MathDouble.c,646 :: 		
L011A:
;__Lib_MathDouble.c,647 :: 		
0x0358	0xEF0F    	LDI        R16, 255
;__Lib_MathDouble.c,648 :: 		
L011Aexit:
;__Lib_MathDouble.c,650 :: 		
L_end_float_fpcmp:
0x035A	0x9508    	RET
; end of _float_fpcmp
_float_fpsub:
;__Lib_MathDouble.c,384 :: 		
;__Lib_MathDouble.c,386 :: 		
0x0340	0x9468    	SET
;__Lib_MathDouble.c,388 :: 		
0x0342	0xDF6D    	RCALL      _float_fpadd_alt+0
;__Lib_MathDouble.c,389 :: 		
L_end_float_fpsub:
0x0344	0x9508    	RET
; end of _float_fpsub
_float_fpadd_alt:
;__Lib_MathDouble.c,240 :: 		
;__Lib_MathDouble.c,241 :: 		
0x021E	0xDFEE    	RCALL      _float_unpacks+0
;__Lib_MathDouble.c,243 :: 		
0x0220	0xF409    	BRNE       L008A
;__Lib_MathDouble.c,244 :: 		
0x0222	0xC041    	RJMP       L00CC
;__Lib_MathDouble.c,245 :: 		
L008A:
;__Lib_MathDouble.c,246 :: 		
0x0224	0x2EE6    	MOV        R14, R22
;__Lib_MathDouble.c,247 :: 		
0x0226	0x2ED5    	MOV        R13, R21
;__Lib_MathDouble.c,248 :: 		
0x0228	0x2EC4    	MOV        R12, R20
;__Lib_MathDouble.c,249 :: 		
0x022A	0x2EB3    	MOV        R11, R19
;__Lib_MathDouble.c,250 :: 		
0x022C	0x2EA2    	MOV        R10, R18
;__Lib_MathDouble.c,251 :: 		
0x022E	0x2E91    	MOV        R9, R17
;__Lib_MathDouble.c,252 :: 		
0x0230	0x2E80    	MOV        R8, R16
;__Lib_MathDouble.c,253 :: 		
0x0232	0x2D00    	MOV        R16, R0
;__Lib_MathDouble.c,254 :: 		
0x0234	0x2D11    	MOV        R17, R1
;__Lib_MathDouble.c,255 :: 		
0x0236	0x2D22    	MOV        R18, R2
;__Lib_MathDouble.c,256 :: 		
0x0238	0x2D33    	MOV        R19, R3
;__Lib_MathDouble.c,258 :: 		
0x023A	0xDFE0    	RCALL      _float_unpacks+0
;__Lib_MathDouble.c,260 :: 		
0x023C	0xF409    	BRNE       L0098
;__Lib_MathDouble.c,261 :: 		
0x023E	0xC03D    	RJMP       L00D6
;__Lib_MathDouble.c,262 :: 		
L0098:
;__Lib_MathDouble.c,263 :: 		
0x0240	0x2F84    	MOV        R24, R20
;__Lib_MathDouble.c,264 :: 		
0x0242	0x2F95    	MOV        R25, R21
;__Lib_MathDouble.c,265 :: 		
0x0244	0x198C    	SUB        R24, R12
;__Lib_MathDouble.c,266 :: 		
0x0246	0x099D    	SBC        R25, R13
;__Lib_MathDouble.c,267 :: 		
0x0248	0xF0B9    	BREQ       L00B4
;__Lib_MathDouble.c,268 :: 		
0x024A	0xF472    	BRPL       L00AC
;__Lib_MathDouble.c,269 :: 		
0x024C	0x9590    	COM        R25
;__Lib_MathDouble.c,270 :: 		
0x024E	0x9580    	COM        R24
;__Lib_MathDouble.c,271 :: 		
0x0250	0x9601    	ADIW       R24, 1
;__Lib_MathDouble.c,272 :: 		
0x0252	0x2D4C    	MOV        R20, R12
;__Lib_MathDouble.c,273 :: 		
0x0254	0x2D5D    	MOV        R21, R13
;__Lib_MathDouble.c,274 :: 		
0x0256	0x3188    	CPI        R24, 24
;__Lib_MathDouble.c,275 :: 		
0x0258	0xF580    	BRCC       L00D6
;__Lib_MathDouble.c,276 :: 		
L00A5:
;__Lib_MathDouble.c,277 :: 		
0x025A	0x9535    	ASR        R19
;__Lib_MathDouble.c,278 :: 		
0x025C	0x9527    	ROR        R18
;__Lib_MathDouble.c,279 :: 		
0x025E	0x9517    	ROR        R17
;__Lib_MathDouble.c,280 :: 		
0x0260	0x9507    	ROR        R16
;__Lib_MathDouble.c,281 :: 		
0x0262	0x9701    	SBIW       R24, 1
;__Lib_MathDouble.c,282 :: 		
0x0264	0xF7D1    	BRNE       L00A5
;__Lib_MathDouble.c,283 :: 		
0x0266	0xC008    	RJMP       L00B4
;__Lib_MathDouble.c,284 :: 		
L00AC:
;__Lib_MathDouble.c,285 :: 		
0x0268	0x3188    	CPI        R24, 24
;__Lib_MathDouble.c,286 :: 		
0x026A	0xF4E8    	BRCC       L00CC
;__Lib_MathDouble.c,287 :: 		
L00AE:
;__Lib_MathDouble.c,288 :: 		
0x026C	0x94B5    	ASR        R11
;__Lib_MathDouble.c,289 :: 		
0x026E	0x94A7    	ROR        R10
;__Lib_MathDouble.c,290 :: 		
0x0270	0x9497    	ROR        R9
;__Lib_MathDouble.c,291 :: 		
0x0272	0x9487    	ROR        R8
;__Lib_MathDouble.c,292 :: 		
0x0274	0x9701    	SBIW       R24, 1
;__Lib_MathDouble.c,293 :: 		
0x0276	0xF7D1    	BRNE       L00AE
;__Lib_MathDouble.c,294 :: 		
L00B4:
;__Lib_MathDouble.c,295 :: 		
0x0278	0x2766    	CLR        R22
;__Lib_MathDouble.c,296 :: 		
0x027A	0xF02E    	BRTS       L00BB
;__Lib_MathDouble.c,297 :: 		
0x027C	0x0D08    	ADD        R16, R8
;__Lib_MathDouble.c,298 :: 		
0x027E	0x1D19    	ADC        R17, R9
;__Lib_MathDouble.c,299 :: 		
0x0280	0x1D2A    	ADC        R18, R10
;__Lib_MathDouble.c,300 :: 		
0x0282	0x1D3B    	ADC        R19, R11
;__Lib_MathDouble.c,301 :: 		
0x0284	0xC009    	RJMP       L00C4
;__Lib_MathDouble.c,302 :: 		
L00BB:
;__Lib_MathDouble.c,303 :: 		
0x0286	0x1A80    	SUB        R8, R16
;__Lib_MathDouble.c,304 :: 		
0x0288	0x0A91    	SBC        R9, R17
;__Lib_MathDouble.c,305 :: 		
0x028A	0x0AA2    	SBC        R10, R18
;__Lib_MathDouble.c,306 :: 		
0x028C	0x0AB3    	SBC        R11, R19
;__Lib_MathDouble.c,307 :: 		
0x028E	0x2D08    	MOV        R16, R8
;__Lib_MathDouble.c,308 :: 		
0x0290	0x2D19    	MOV        R17, R9
;__Lib_MathDouble.c,309 :: 		
0x0292	0x2D2A    	MOV        R18, R10
;__Lib_MathDouble.c,310 :: 		
0x0294	0x2D3B    	MOV        R19, R11
;__Lib_MathDouble.c,311 :: 		
0x0296	0x2333    	TST        R19
;__Lib_MathDouble.c,312 :: 		
L00C4:
;__Lib_MathDouble.c,313 :: 		
0x0298	0xF412    	BRPL       L00C7
;__Lib_MathDouble.c,315 :: 		
0x029A	0xD060    	RCALL      _float_neg32+0
;__Lib_MathDouble.c,317 :: 		
0x029C	0xE860    	LDI        R22, 128
;__Lib_MathDouble.c,318 :: 		
L00C7:
;__Lib_MathDouble.c,320 :: 		
0x029E	0xD022    	RCALL      _float_normalize_and_pack+0
;__Lib_MathDouble.c,322 :: 		
0x02A0	0xC001    	RJMP       L00CA
;__Lib_MathDouble.c,323 :: 		
L00C9:
;__Lib_MathDouble.c,325 :: 		
0x02A2	0xDFB3    	RCALL      _float_pack+0
;__Lib_MathDouble.c,327 :: 		
L00CA:
;__Lib_MathDouble.c,328 :: 		
0x02A4	0xC016    	RJMP       L00D6x
;__Lib_MathDouble.c,329 :: 		
L00CC:
;__Lib_MathDouble.c,330 :: 		
0x02A6	0x2D00    	MOV        R16, R0
;__Lib_MathDouble.c,331 :: 		
0x02A8	0x2D11    	MOV        R17, R1
;__Lib_MathDouble.c,332 :: 		
0x02AA	0x2D22    	MOV        R18, R2
;__Lib_MathDouble.c,333 :: 		
0x02AC	0x2D33    	MOV        R19, R3
;__Lib_MathDouble.c,334 :: 		
0x02AE	0xF7D6    	BRTC       L00CA
;__Lib_MathDouble.c,336 :: 		
0x02B0	0xD011    	RCALL      _float_tstr16_r19+0
;__Lib_MathDouble.c,338 :: 		
0x02B2	0xF3C1    	BREQ       L00CA
;__Lib_MathDouble.c,339 :: 		
0x02B4	0xE840    	LDI        R20, 128
;__Lib_MathDouble.c,340 :: 		
0x02B6	0x2734    	EOR        R19, R20
;__Lib_MathDouble.c,341 :: 		
0x02B8	0xCFF5    	RJMP       L00CA
;__Lib_MathDouble.c,342 :: 		
L00D6:
;__Lib_MathDouble.c,343 :: 		
0x02BA	0x2D08    	MOV        R16, R8
;__Lib_MathDouble.c,344 :: 		
0x02BC	0x2D19    	MOV        R17, R9
;__Lib_MathDouble.c,345 :: 		
0x02BE	0x2D2A    	MOV        R18, R10
;__Lib_MathDouble.c,346 :: 		
0x02C0	0x2D3B    	MOV        R19, R11
;__Lib_MathDouble.c,347 :: 		
0x02C2	0x2D4C    	MOV        R20, R12
;__Lib_MathDouble.c,348 :: 		
0x02C4	0x2D5D    	MOV        R21, R13
;__Lib_MathDouble.c,349 :: 		
0x02C6	0x2D6E    	MOV        R22, R14
;__Lib_MathDouble.c,350 :: 		
0x02C8	0x2333    	TST        R19
;__Lib_MathDouble.c,351 :: 		
0x02CA	0xF75A    	BRPL       L00C9
;__Lib_MathDouble.c,353 :: 		
0x02CC	0xD047    	RCALL      _float_neg32+0
;__Lib_MathDouble.c,355 :: 		
0x02CE	0xE860    	LDI        R22, 128
;__Lib_MathDouble.c,356 :: 		
0x02D0	0xCFE8    	RJMP       L00C9
;__Lib_MathDouble.c,357 :: 		
L00D6x:
;__Lib_MathDouble.c,359 :: 		
L_end_float_fpadd_alt:
0x02D2	0x9508    	RET
; end of _float_fpadd_alt
_float_unpacks:
;__Lib_MathDouble.c,175 :: 		
;__Lib_MathDouble.c,176 :: 		
0x01FC	0xD0C2    	RCALL      _float_unpacku+0
;__Lib_MathDouble.c,178 :: 		
0x01FE	0xF021    	BREQ       L0154
;__Lib_MathDouble.c,179 :: 		
0x0200	0x2366    	TST        R22
;__Lib_MathDouble.c,180 :: 		
0x0202	0xF009    	BREQ       L0153
;__Lib_MathDouble.c,182 :: 		
0x0204	0xD0AB    	RCALL      _float_neg32+0
;__Lib_MathDouble.c,184 :: 		
L0153:
;__Lib_MathDouble.c,185 :: 		
0x0206	0x9498    	CLZ
;__Lib_MathDouble.c,186 :: 		
L0154:
;__Lib_MathDouble.c,188 :: 		
L_end_float_unpacks:
0x0208	0x9508    	RET
; end of _float_unpacks
_float_fpsub1:
;__Lib_MathDouble.c,391 :: 		
;__Lib_MathDouble.c,393 :: 		
0x0508	0x2E04    	MOV        R0, R20
;__Lib_MathDouble.c,394 :: 		
0x050A	0x2E15    	MOV        R1, R21
;__Lib_MathDouble.c,395 :: 		
0x050C	0x2E26    	MOV        R2, R22
;__Lib_MathDouble.c,396 :: 		
0x050E	0x2E37    	MOV        R3, R23
;__Lib_MathDouble.c,398 :: 		
0x0510	0xDF17    	RCALL      _float_fpsub+0
;__Lib_MathDouble.c,400 :: 		
0x0512	0x2E00    	MOV        R0, R16
;__Lib_MathDouble.c,401 :: 		
0x0514	0x2E11    	MOV        R1, R17
;__Lib_MathDouble.c,402 :: 		
0x0516	0x2E22    	MOV        R2, R18
;__Lib_MathDouble.c,403 :: 		
0x0518	0x2E33    	MOV        R3, R19
;__Lib_MathDouble.c,405 :: 		
L_end_float_fpsub1:
0x051A	0x9508    	RET
; end of _float_fpsub1
_float_op_less:
;__Lib_MathDouble.c,729 :: 		
;__Lib_MathDouble.c,730 :: 		
0x051C	0xDF47    	RCALL      _float_fpcmp1+0
;__Lib_MathDouble.c,732 :: 		
0x051E	0xF41C    	BRGE       op_less_false
;__Lib_MathDouble.c,733 :: 		
0x0520	0x2400    	CLR        R0
;__Lib_MathDouble.c,734 :: 		
0x0522	0x9403    	INC        R0
;__Lib_MathDouble.c,735 :: 		
0x0524	0xC001    	RJMP       op_less_exit
;__Lib_MathDouble.c,736 :: 		
op_less_false:
;__Lib_MathDouble.c,737 :: 		
0x0526	0x2400    	CLR        R0
;__Lib_MathDouble.c,738 :: 		
op_less_exit:
;__Lib_MathDouble.c,740 :: 		
L_end_float_op_less:
0x0528	0x9508    	RET
; end of _float_op_less
_float_fpcmp1:
;__Lib_MathDouble.c,652 :: 		
;__Lib_MathDouble.c,654 :: 		
0x03AC	0x2E04    	MOV        R0, R20
;__Lib_MathDouble.c,655 :: 		
0x03AE	0x2E15    	MOV        R1, R21
;__Lib_MathDouble.c,656 :: 		
0x03B0	0x2E26    	MOV        R2, R22
;__Lib_MathDouble.c,657 :: 		
0x03B2	0x2E37    	MOV        R3, R23
;__Lib_MathDouble.c,659 :: 		
0x03B4	0xDFC8    	RCALL      _float_fpcmp+0
;__Lib_MathDouble.c,661 :: 		
0x03B6	0x2300    	TST        R16
;__Lib_MathDouble.c,663 :: 		
L_end_float_fpcmp1:
0x03B8	0x9508    	RET
; end of _float_fpcmp1
__Lib_CMath_eval_poly:
;__Lib_CMath.c,118 :: 		
;__Lib_CMath.c,121 :: 		
0x05AC	0x0184    	MOVW       R16, R8
0x05AE	0x0F00    	LSL        R16
0x05B0	0x1F11    	ROL        R17
0x05B2	0x0F00    	LSL        R16
0x05B4	0x1F11    	ROL        R17
0x05B6	0x01F8    	MOVW       R30, R16
0x05B8	0x0DE6    	ADD        R30, R6
0x05BA	0x1DF7    	ADC        R31, R7
0x05BC	0x9105    	LPM        R16, Z+
0x05BE	0x9115    	LPM        R17, Z+
0x05C0	0x9125    	LPM        R18, Z+
0x05C2	0x9135    	LPM        R19, Z+
; res start address is: 20 (R20)
0x05C4	0x01A8    	MOVW       R20, R16
0x05C6	0x01B9    	MOVW       R22, R18
; res end address is: 20 (R20)
;__Lib_CMath.c,122 :: 		
L___Lib_CMath_eval_poly17:
; res start address is: 20 (R20)
0x05C8	0x2DB8    	MOV        R27, R8
0x05CA	0x29B9    	OR         R27, R9
0x05CC	0xF171    	BREQ       L___Lib_CMath_eval_poly18
L___Lib_CMath_eval_poly105:
;__Lib_CMath.c,123 :: 		
0x05CE	0x929F    	PUSH       R9
0x05D0	0x928F    	PUSH       R8
; res end address is: 20 (R20)
0x05D2	0x925F    	PUSH       R5
0x05D4	0x924F    	PUSH       R4
0x05D6	0x923F    	PUSH       R3
0x05D8	0x922F    	PUSH       R2
0x05DA	0x0181    	MOVW       R16, R2
0x05DC	0x0192    	MOVW       R18, R4
0x05DE	0xDFA5    	RCALL      _float_fpmul1+0
0x05E0	0x902F    	POP        R2
0x05E2	0x903F    	POP        R3
0x05E4	0x904F    	POP        R4
0x05E6	0x905F    	POP        R5
0x05E8	0x908F    	POP        R8
0x05EA	0x909F    	POP        R9
0x05EC	0x01A4    	MOVW       R20, R8
0x05EE	0x5041    	SUBI       R20, 1
0x05F0	0x4050    	SBCI       R21, 0
0x05F2	0x014A    	MOVW       R8, R20
0x05F4	0x0F44    	LSL        R20
0x05F6	0x1F55    	ROL        R21
0x05F8	0x0F44    	LSL        R20
0x05FA	0x1F55    	ROL        R21
0x05FC	0x01FA    	MOVW       R30, R20
0x05FE	0x0DE6    	ADD        R30, R6
0x0600	0x1DF7    	ADC        R31, R7
0x0602	0x9145    	LPM        R20, Z+
0x0604	0x9155    	LPM        R21, Z+
0x0606	0x9165    	LPM        R22, Z+
0x0608	0x9175    	LPM        R23, Z+
0x060A	0x929F    	PUSH       R9
0x060C	0x928F    	PUSH       R8
0x060E	0x925F    	PUSH       R5
0x0610	0x924F    	PUSH       R4
0x0612	0x923F    	PUSH       R3
0x0614	0x922F    	PUSH       R2
0x0616	0xDF12    	RCALL      _float_fpadd1+0
0x0618	0x902F    	POP        R2
0x061A	0x903F    	POP        R3
0x061C	0x904F    	POP        R4
0x061E	0x905F    	POP        R5
0x0620	0x908F    	POP        R8
0x0622	0x909F    	POP        R9
; res start address is: 20 (R20)
0x0624	0x01A8    	MOVW       R20, R16
0x0626	0x01B9    	MOVW       R22, R18
0x0628	0xCFCF    	RJMP       L___Lib_CMath_eval_poly17
L___Lib_CMath_eval_poly18:
;__Lib_CMath.c,125 :: 		
0x062A	0x018A    	MOVW       R16, R20
0x062C	0x019B    	MOVW       R18, R22
; res end address is: 20 (R20)
;__Lib_CMath.c,126 :: 		
L_end_eval_poly:
0x062E	0x9508    	RET
; end of __Lib_CMath_eval_poly
_float_fpmul1:
;__Lib_MathDouble.c,483 :: 		
;__Lib_MathDouble.c,485 :: 		
0x052A	0x2E04    	MOV        R0, R20
;__Lib_MathDouble.c,486 :: 		
0x052C	0x2E15    	MOV        R1, R21
;__Lib_MathDouble.c,487 :: 		
0x052E	0x2E26    	MOV        R2, R22
;__Lib_MathDouble.c,488 :: 		
0x0530	0x2E37    	MOV        R3, R23
;__Lib_MathDouble.c,490 :: 		
0x0532	0xDF43    	RCALL      _float_fpmul+0
;__Lib_MathDouble.c,492 :: 		
0x0534	0x2E00    	MOV        R0, R16
;__Lib_MathDouble.c,493 :: 		
0x0536	0x2E11    	MOV        R1, R17
;__Lib_MathDouble.c,494 :: 		
0x0538	0x2E22    	MOV        R2, R18
;__Lib_MathDouble.c,495 :: 		
0x053A	0x2E33    	MOV        R3, R19
;__Lib_MathDouble.c,497 :: 		
L_end_float_fpmul1:
0x053C	0x9508    	RET
; end of _float_fpmul1
_float_fpmul:
;__Lib_MathDouble.c,407 :: 		
;__Lib_MathDouble.c,408 :: 		
0x03BA	0xDFE3    	RCALL      _float_unpacku+0
;__Lib_MathDouble.c,410 :: 		
0x03BC	0xF181    	BREQ       L0097
;__Lib_MathDouble.c,411 :: 		
0x03BE	0x2EE6    	MOV        R14, R22
;__Lib_MathDouble.c,412 :: 		
0x03C0	0x2ED5    	MOV        R13, R21
;__Lib_MathDouble.c,413 :: 		
0x03C2	0x2EC4    	MOV        R12, R20
;__Lib_MathDouble.c,414 :: 		
0x03C4	0x2EB3    	MOV        R11, R19
;__Lib_MathDouble.c,415 :: 		
0x03C6	0x2EA2    	MOV        R10, R18
;__Lib_MathDouble.c,416 :: 		
0x03C8	0x2E91    	MOV        R9, R17
;__Lib_MathDouble.c,417 :: 		
0x03CA	0x2E80    	MOV        R8, R16
;__Lib_MathDouble.c,418 :: 		
0x03CC	0x2D00    	MOV        R16, R0
;__Lib_MathDouble.c,419 :: 		
0x03CE	0x2D11    	MOV        R17, R1
;__Lib_MathDouble.c,420 :: 		
0x03D0	0x2D22    	MOV        R18, R2
;__Lib_MathDouble.c,421 :: 		
0x03D2	0x2D33    	MOV        R19, R3
;__Lib_MathDouble.c,423 :: 		
0x03D4	0xDFD6    	RCALL      _float_unpacku+0
;__Lib_MathDouble.c,425 :: 		
0x03D6	0xF119    	BREQ       L0097
;__Lib_MathDouble.c,426 :: 		
0x03D8	0x256E    	EOR        R22, R14
;__Lib_MathDouble.c,427 :: 		
0x03DA	0x0D4C    	ADD        R20, R12
;__Lib_MathDouble.c,428 :: 		
0x03DC	0x1D5D    	ADC        R21, R13
;__Lib_MathDouble.c,429 :: 		
0x03DE	0x3840    	CPI        R20, 128
;__Lib_MathDouble.c,430 :: 		
0x03E0	0x0753    	CPC        R21, R19
;__Lib_MathDouble.c,431 :: 		
0x03E2	0xF4F4    	BRGE       L009B
;__Lib_MathDouble.c,432 :: 		
0x03E4	0x3841    	CPI        R20, 129
;__Lib_MathDouble.c,433 :: 		
0x03E6	0xEF7F    	LDI        R23, 255
;__Lib_MathDouble.c,434 :: 		
0x03E8	0x0757    	CPC        R21, R23
;__Lib_MathDouble.c,435 :: 		
0x03EA	0xF0FC    	BRLT       L00A0mul
;__Lib_MathDouble.c,436 :: 		
0x03EC	0x2788    	CLR        R24
;__Lib_MathDouble.c,437 :: 		
0x03EE	0x2799    	CLR        R25
;__Lib_MathDouble.c,438 :: 		
0x03F0	0x27AA    	CLR        R26
;__Lib_MathDouble.c,439 :: 		
0x03F2	0x27BB    	CLR        R27
;__Lib_MathDouble.c,440 :: 		
0x03F4	0xE270    	LDI        R23, 32
;__Lib_MathDouble.c,441 :: 		
L0083:
;__Lib_MathDouble.c,442 :: 		
0x03F6	0x95B6    	LSR        R27
;__Lib_MathDouble.c,443 :: 		
0x03F8	0x95A7    	ROR        R26
;__Lib_MathDouble.c,444 :: 		
0x03FA	0x9597    	ROR        R25
;__Lib_MathDouble.c,445 :: 		
0x03FC	0x9587    	ROR        R24
;__Lib_MathDouble.c,446 :: 		
0x03FE	0x9537    	ROR        R19
;__Lib_MathDouble.c,447 :: 		
0x0400	0x9527    	ROR        R18
;__Lib_MathDouble.c,448 :: 		
0x0402	0x9517    	ROR        R17
;__Lib_MathDouble.c,449 :: 		
0x0404	0x9507    	ROR        R16
;__Lib_MathDouble.c,450 :: 		
0x0406	0xF420    	BRCC       L0090
;__Lib_MathDouble.c,451 :: 		
0x0408	0x0D88    	ADD        R24, R8
;__Lib_MathDouble.c,452 :: 		
0x040A	0x1D99    	ADC        R25, R9
;__Lib_MathDouble.c,453 :: 		
0x040C	0x1DAA    	ADC        R26, R10
;__Lib_MathDouble.c,454 :: 		
0x040E	0x1DBB    	ADC        R27, R11
;__Lib_MathDouble.c,455 :: 		
L0090:
;__Lib_MathDouble.c,456 :: 		
0x0410	0x957A    	DEC        R23
;__Lib_MathDouble.c,457 :: 		
0x0412	0xF789    	BRNE       L0083
;__Lib_MathDouble.c,458 :: 		
0x0414	0x2F03    	MOV        R16, R19
;__Lib_MathDouble.c,459 :: 		
0x0416	0x2F3A    	MOV        R19, R26
;__Lib_MathDouble.c,460 :: 		
0x0418	0x2F29    	MOV        R18, R25
;__Lib_MathDouble.c,461 :: 		
0x041A	0x2F18    	MOV        R17, R24
;__Lib_MathDouble.c,463 :: 		
0x041C	0xDF63    	RCALL      _float_normalize_and_pack+0
;__Lib_MathDouble.c,465 :: 		
L0097:
;__Lib_MathDouble.c,466 :: 		
0x041E	0xC00A    	RJMP       L00A0x
;__Lib_MathDouble.c,467 :: 		
L009B:
;__Lib_MathDouble.c,468 :: 		
0x0420	0xEF0F    	LDI        R16, 255
;__Lib_MathDouble.c,469 :: 		
0x0422	0x2F10    	MOV        R17, R16
;__Lib_MathDouble.c,470 :: 		
0x0424	0xE72F    	LDI        R18, 127
;__Lib_MathDouble.c,471 :: 		
0x0426	0xE73F    	LDI        R19, 127
;__Lib_MathDouble.c,472 :: 		
0x0428	0xCFFA    	RJMP       L0097
;__Lib_MathDouble.c,473 :: 		
L00A0mul:
;__Lib_MathDouble.c,474 :: 		
0x042A	0x2700    	CLR        R16
;__Lib_MathDouble.c,475 :: 		
0x042C	0x2F10    	MOV        R17, R16
;__Lib_MathDouble.c,476 :: 		
0x042E	0x2F20    	MOV        R18, R16
;__Lib_MathDouble.c,477 :: 		
0x0430	0x2F30    	MOV        R19, R16
;__Lib_MathDouble.c,478 :: 		
0x0432	0xCFF5    	RJMP       L0097
;__Lib_MathDouble.c,479 :: 		
L00A0x:
;__Lib_MathDouble.c,481 :: 		
L_end_float_fpmul:
0x0434	0x9508    	RET
; end of _float_fpmul
_float_fpadd1:
;__Lib_MathDouble.c,368 :: 		
;__Lib_MathDouble.c,370 :: 		
0x043C	0x2E04    	MOV        R0, R20
;__Lib_MathDouble.c,371 :: 		
0x043E	0x2E15    	MOV        R1, R21
;__Lib_MathDouble.c,372 :: 		
0x0440	0x2E26    	MOV        R2, R22
;__Lib_MathDouble.c,373 :: 		
0x0442	0x2E37    	MOV        R3, R23
;__Lib_MathDouble.c,375 :: 		
0x0444	0xDFF8    	RCALL      _float_fpadd+0
;__Lib_MathDouble.c,377 :: 		
0x0446	0x2E00    	MOV        R0, R16
;__Lib_MathDouble.c,378 :: 		
0x0448	0x2E11    	MOV        R1, R17
;__Lib_MathDouble.c,379 :: 		
0x044A	0x2E22    	MOV        R2, R18
;__Lib_MathDouble.c,380 :: 		
0x044C	0x2E33    	MOV        R3, R19
;__Lib_MathDouble.c,382 :: 		
L_end_float_fpadd1:
0x044E	0x9508    	RET
; end of _float_fpadd1
_float_fpadd:
;__Lib_MathDouble.c,361 :: 		
;__Lib_MathDouble.c,363 :: 		
0x0436	0x94E8    	CLT
;__Lib_MathDouble.c,365 :: 		
0x0438	0xDEF2    	RCALL      _float_fpadd_alt+0
;__Lib_MathDouble.c,366 :: 		
L_end_float_fpadd:
0x043A	0x9508    	RET
; end of _float_fpadd
_float_fpdiv1:
;__Lib_MathDouble.c,616 :: 		
;__Lib_MathDouble.c,618 :: 		
0x0630	0x2E04    	MOV        R0, R20
;__Lib_MathDouble.c,619 :: 		
0x0632	0x2E15    	MOV        R1, R21
;__Lib_MathDouble.c,620 :: 		
0x0634	0x2E26    	MOV        R2, R22
;__Lib_MathDouble.c,621 :: 		
0x0636	0x2E37    	MOV        R3, R23
;__Lib_MathDouble.c,623 :: 		
0x0638	0xDF0B    	RCALL      _float_fpdiv+0
;__Lib_MathDouble.c,625 :: 		
0x063A	0x2E00    	MOV        R0, R16
;__Lib_MathDouble.c,626 :: 		
0x063C	0x2E11    	MOV        R1, R17
;__Lib_MathDouble.c,627 :: 		
0x063E	0x2E22    	MOV        R2, R18
;__Lib_MathDouble.c,628 :: 		
0x0640	0x2E33    	MOV        R3, R19
;__Lib_MathDouble.c,630 :: 		
L_end_float_fpdiv1:
0x0642	0x9508    	RET
; end of _float_fpdiv1
_float_fpdiv:
;__Lib_MathDouble.c,499 :: 		
;__Lib_MathDouble.c,501 :: 		
0x0450	0x933F    	PUSH       R19
;__Lib_MathDouble.c,502 :: 		
0x0452	0x932F    	PUSH       R18
;__Lib_MathDouble.c,503 :: 		
0x0454	0x931F    	PUSH       R17
;__Lib_MathDouble.c,504 :: 		
0x0456	0x930F    	PUSH       R16
;__Lib_MathDouble.c,505 :: 		
0x0458	0x2D00    	MOV        R16, R0
;__Lib_MathDouble.c,506 :: 		
0x045A	0x2D11    	MOV        R17, R1
;__Lib_MathDouble.c,507 :: 		
0x045C	0x2D22    	MOV        R18, R2
;__Lib_MathDouble.c,508 :: 		
0x045E	0x2D33    	MOV        R19, R3
;__Lib_MathDouble.c,510 :: 		
0x0460	0xDF90    	RCALL      _float_unpacku+0
;__Lib_MathDouble.c,512 :: 		
0x0462	0xF409    	BRNE       L0072div
;__Lib_MathDouble.c,513 :: 		
0x0464	0xC04B    	RJMP       L00C2
;__Lib_MathDouble.c,514 :: 		
L0072div:
;__Lib_MathDouble.c,515 :: 		
0x0466	0x2EE6    	MOV        R14, R22
;__Lib_MathDouble.c,516 :: 		
0x0468	0x2ED5    	MOV        R13, R21
;__Lib_MathDouble.c,517 :: 		
0x046A	0x2EC4    	MOV        R12, R20
;__Lib_MathDouble.c,518 :: 		
0x046C	0x2EB3    	MOV        R11, R19
;__Lib_MathDouble.c,519 :: 		
0x046E	0x2EA2    	MOV        R10, R18
;__Lib_MathDouble.c,520 :: 		
0x0470	0x2E91    	MOV        R9, R17
;__Lib_MathDouble.c,521 :: 		
0x0472	0x2E80    	MOV        R8, R16
;__Lib_MathDouble.c,522 :: 		
0x0474	0x910F    	POP        R16
;__Lib_MathDouble.c,523 :: 		
0x0476	0x911F    	POP        R17
;__Lib_MathDouble.c,524 :: 		
0x0478	0x912F    	POP        R18
;__Lib_MathDouble.c,525 :: 		
0x047A	0x913F    	POP        R19
;__Lib_MathDouble.c,528 :: 		
0x047C	0xDF82    	RCALL      _float_unpacku+0
;__Lib_MathDouble.c,530 :: 		
0x047E	0xF161    	BREQ       L00AB
;__Lib_MathDouble.c,531 :: 		
0x0480	0x256E    	EOR        R22, R14
;__Lib_MathDouble.c,532 :: 		
0x0482	0x194C    	SUB        R20, R12
;__Lib_MathDouble.c,533 :: 		
0x0484	0x095D    	SBC        R21, R13
;__Lib_MathDouble.c,534 :: 		
0x0486	0x3840    	CPI        R20, 128
;__Lib_MathDouble.c,535 :: 		
0x0488	0x0753    	CPC        R21, R19
;__Lib_MathDouble.c,536 :: 		
0x048A	0xF53C    	BRGE       L00B1
;__Lib_MathDouble.c,537 :: 		
0x048C	0x3841    	CPI        R20, 129
;__Lib_MathDouble.c,538 :: 		
0x048E	0xEF7F    	LDI        R23, 255
;__Lib_MathDouble.c,539 :: 		
0x0490	0x0757    	CPC        R21, R23
;__Lib_MathDouble.c,540 :: 		
0x0492	0xF17C    	BRLT       L00BD
;__Lib_MathDouble.c,541 :: 		
0x0494	0xE280    	LDI        R24, 32
;__Lib_MathDouble.c,542 :: 		
0x0496	0x2477    	CLR        R7
;__Lib_MathDouble.c,543 :: 		
0x0498	0x2E63    	MOV        R6, R19
;__Lib_MathDouble.c,544 :: 		
0x049A	0x2E52    	MOV        R5, R18
;__Lib_MathDouble.c,545 :: 		
0x049C	0x2E41    	MOV        R4, R17
;__Lib_MathDouble.c,546 :: 		
0x049E	0x2F30    	MOV        R19, R16
;__Lib_MathDouble.c,547 :: 		
0x04A0	0x2722    	CLR        R18
;__Lib_MathDouble.c,548 :: 		
0x04A2	0x2711    	CLR        R17
;__Lib_MathDouble.c,549 :: 		
0x04A4	0x2700    	CLR        R16
;__Lib_MathDouble.c,550 :: 		
L0092:
;__Lib_MathDouble.c,551 :: 		
0x04A6	0x0F00    	LSL        R16
;__Lib_MathDouble.c,552 :: 		
0x04A8	0x1F11    	ROL        R17
;__Lib_MathDouble.c,553 :: 		
0x04AA	0x1F22    	ROL        R18
;__Lib_MathDouble.c,554 :: 		
0x04AC	0x1F33    	ROL        R19
;__Lib_MathDouble.c,555 :: 		
0x04AE	0x1C44    	ROL        R4
;__Lib_MathDouble.c,556 :: 		
0x04B0	0x1C55    	ROL        R5
;__Lib_MathDouble.c,557 :: 		
0x04B2	0x1C66    	ROL        R6
;__Lib_MathDouble.c,558 :: 		
0x04B4	0x1C77    	ROL        R7
;__Lib_MathDouble.c,559 :: 		
0x04B6	0xF028    	BRCS       L00A0div
;__Lib_MathDouble.c,560 :: 		
0x04B8	0x1848    	SUB        R4, R8
;__Lib_MathDouble.c,561 :: 		
0x04BA	0x0859    	SBC        R5, R9
;__Lib_MathDouble.c,562 :: 		
0x04BC	0x086A    	SBC        R6, R10
;__Lib_MathDouble.c,563 :: 		
0x04BE	0x087B    	SBC        R7, R11
;__Lib_MathDouble.c,564 :: 		
0x04C0	0xC004    	RJMP       L00A4
;__Lib_MathDouble.c,565 :: 		
L00A0div:
;__Lib_MathDouble.c,566 :: 		
0x04C2	0x0C48    	ADD        R4, R8
;__Lib_MathDouble.c,567 :: 		
0x04C4	0x1C59    	ADC        R5, R9
;__Lib_MathDouble.c,568 :: 		
0x04C6	0x1C6A    	ADC        R6, R10
;__Lib_MathDouble.c,569 :: 		
0x04C8	0x1C7B    	ADC        R7, R11
;__Lib_MathDouble.c,570 :: 		
L00A4:
;__Lib_MathDouble.c,571 :: 		
0x04CA	0xF00A    	BRMI       L00A6
;__Lib_MathDouble.c,572 :: 		
0x04CC	0x6001    	ORI        R16, 1
;__Lib_MathDouble.c,573 :: 		
L00A6:
;__Lib_MathDouble.c,574 :: 		
0x04CE	0x958A    	DEC        R24
;__Lib_MathDouble.c,575 :: 		
0x04D0	0xF751    	BRNE       L0092
;__Lib_MathDouble.c,576 :: 		
0x04D2	0x5041    	SUBI       R20, 1
;__Lib_MathDouble.c,577 :: 		
0x04D4	0x4050    	SBCI       R21, 0
;__Lib_MathDouble.c,579 :: 		
0x04D6	0xDF06    	RCALL      _float_normalize_and_pack+0
;__Lib_MathDouble.c,581 :: 		
L00AB:
;__Lib_MathDouble.c,582 :: 		
0x04D8	0xC016    	RJMP       L00C2x
;__Lib_MathDouble.c,583 :: 		
L00B1:
;__Lib_MathDouble.c,584 :: 		
0x04DA	0xEF0F    	LDI        R16, 255
;__Lib_MathDouble.c,585 :: 		
0x04DC	0x2F10    	MOV        R17, R16
;__Lib_MathDouble.c,586 :: 		
0x04DE	0xE72F    	LDI        R18, 127
;__Lib_MathDouble.c,587 :: 		
0x04E0	0xE73F    	LDI        R19, 127
;__Lib_MathDouble.c,588 :: 		
0x04E2	0x2366    	TST        R22
;__Lib_MathDouble.c,589 :: 		
0x04E4	0xF3C9    	BREQ       L00AB
;__Lib_MathDouble.c,591 :: 		
0x04E6	0xDEF6    	RCALL      _float_tstr16_r19+0
;__Lib_MathDouble.c,593 :: 		
0x04E8	0xF3B9    	BREQ       L00AB
;__Lib_MathDouble.c,594 :: 		
0x04EA	0x2D34    	MOV        R19, R4
;__Lib_MathDouble.c,595 :: 		
0x04EC	0xE830    	LDI        R19, 128
;__Lib_MathDouble.c,596 :: 		
0x04EE	0x2534    	EOR        R19, R4
;__Lib_MathDouble.c,597 :: 		
0x04F0	0xCFF3    	RJMP       L00AB
;__Lib_MathDouble.c,598 :: 		
L00BD:
;__Lib_MathDouble.c,599 :: 		
0x04F2	0x2700    	CLR        R16
;__Lib_MathDouble.c,600 :: 		
0x04F4	0x2F10    	MOV        R17, R16
;__Lib_MathDouble.c,601 :: 		
0x04F6	0x2F20    	MOV        R18, R16
;__Lib_MathDouble.c,602 :: 		
0x04F8	0x2F30    	MOV        R19, R16
;__Lib_MathDouble.c,603 :: 		
0x04FA	0xCFEE    	RJMP       L00AB
;__Lib_MathDouble.c,604 :: 		
L00C2:
;__Lib_MathDouble.c,606 :: 		
0x04FC	0x900F    	POP        R0
;__Lib_MathDouble.c,607 :: 		
0x04FE	0x900F    	POP        R0
;__Lib_MathDouble.c,608 :: 		
0x0500	0x900F    	POP        R0
;__Lib_MathDouble.c,609 :: 		
0x0502	0x900F    	POP        R0
;__Lib_MathDouble.c,610 :: 		
0x0504	0xCFEA    	RJMP       L00B1
;__Lib_MathDouble.c,612 :: 		
L00C2x:
;__Lib_MathDouble.c,614 :: 		
L_end_float_fpdiv:
0x0506	0x9508    	RET
; end of _float_fpdiv
_dac_write:
;XMega_DAC.c,88 :: 		void dac_write(unsigned char channel, unsigned int value)
;XMega_DAC.c,90 :: 		switch(channel)
0x0A2A	0xC014    	RJMP       L_dac_write11
;XMega_DAC.c,92 :: 		case 0:
L_dac_write13:
;XMega_DAC.c,94 :: 		while(!(DACB_STATUS & DAC_CH0DRE_bm));
L_dac_write14:
0x0A2C	0x03259100  	LDS        R16, DACB_STATUS+0
0x0A30	0xFD00    	SBRC       R16, 0
0x0A32	0xC001    	RJMP       L_dac_write15
0x0A34	0xCFFB    	RJMP       L_dac_write14
L_dac_write15:
;XMega_DAC.c,95 :: 		DACB_CH0DATA = value;
0x0A36	0x03389230  	STS        DACB_CH0DATA+0, R3
0x0A3A	0x03399240  	STS        DACB_CH0DATA+1, R4
;XMega_DAC.c,96 :: 		break;
0x0A3E	0xC010    	RJMP       L_dac_write12
;XMega_DAC.c,98 :: 		case 1:
L_dac_write16:
;XMega_DAC.c,100 :: 		while(!(DACB_STATUS & DAC_CH1DRE_bm));
L_dac_write17:
0x0A40	0x03259100  	LDS        R16, DACB_STATUS+0
0x0A44	0xFD01    	SBRC       R16, 1
0x0A46	0xC001    	RJMP       L_dac_write18
0x0A48	0xCFFB    	RJMP       L_dac_write17
L_dac_write18:
;XMega_DAC.c,101 :: 		DACB_CH1DATA = value;
0x0A4A	0x033A9230  	STS        DACB_CH1DATA+0, R3
0x0A4E	0x033B9240  	STS        DACB_CH1DATA+1, R4
;XMega_DAC.c,102 :: 		break;
0x0A52	0xC006    	RJMP       L_dac_write12
;XMega_DAC.c,104 :: 		}
L_dac_write11:
0x0A54	0xE0B0    	LDI        R27, 0
0x0A56	0x162B    	CP         R2, R27
0x0A58	0xF349    	BREQ       L_dac_write13
L__dac_write28:
0x0A5A	0xE0B1    	LDI        R27, 1
0x0A5C	0x162B    	CP         R2, R27
0x0A5E	0xF381    	BREQ       L_dac_write16
L__dac_write29:
L_dac_write12:
;XMega_DAC.c,105 :: 		}
L_end_dac_write:
0x0A60	0x9508    	RET
; end of _dac_write
_float_ulong2fp:
;__Lib_MathDouble.c,129 :: 		
;__Lib_MathDouble.c,131 :: 		
0x0A24	0x9468    	BSET       6
;__Lib_MathDouble.c,133 :: 		
0x0A26	0xDCA3    	RCALL      _float_long2fp+0
;__Lib_MathDouble.c,134 :: 		
L_end_float_ulong2fp:
0x0A28	0x9508    	RET
; end of _float_ulong2fp
;__Lib_CMath.c,260 :: sin_coeff_a_L0
0x0BA0	0xF3EC ;sin_coeff_a_L0+0
0x0BA2	0x484A ;sin_coeff_a_L0+2
0x0BA4	0x9535 ;sin_coeff_a_L0+4
0x0BA6	0xC795 ;sin_coeff_a_L0+6
0x0BA8	0xC117 ;sin_coeff_a_L0+8
0x0BAA	0x45DC ;sin_coeff_a_L0+10
0x0BAC	0xDBFD ;sin_coeff_a_L0+12
0x0BAE	0xC36D ;sin_coeff_a_L0+14
0x0BB0	0xB372 ;sin_coeff_a_L0+16
0x0BB2	0x4033 ;sin_coeff_a_L0+18
; end of sin_coeff_a_L0
;__Lib_CMath.c,267 :: sin_coeff_b_L0
0x0BB4	0x342B ;sin_coeff_b_L0+0
0x0BB6	0x4801 ;sin_coeff_b_L0+2
0x0BB8	0x9D7F ;sin_coeff_b_L0+4
0x0BBA	0x45B0 ;sin_coeff_b_L0+6
0x0BBC	0xFFE7 ;sin_coeff_b_L0+8
0x0BBE	0x42D9 ;sin_coeff_b_L0+10
0x0BC0	0x0000 ;sin_coeff_b_L0+12
0x0BC2	0x3F80 ;sin_coeff_b_L0+14
; end of sin_coeff_b_L0
Symbol List:
//** Routines locations **
//ADDRESS    SIZE    PROCEDURE
//----------------------------------------------
0x00FE       [7]    _float_unpacks
0x0105      [10]    _float_pack
0x010F      [91]    _float_fpadd_alt
0x016A       [8]    _float_tstr16_r19
0x0172      [46]    _float_normalize_and_pack
0x01A0       [3]    _float_fpsub
0x01A3      [11]    _float_fpcmp
0x01AE       [9]    _float_neg32
0x01B7      [10]    _float_long2fp
0x01C1      [21]    _float_unpacku
0x01D6       [7]    _float_fpcmp1
0x01DD      [62]    _float_fpmul
0x021B       [3]    _float_fpadd
0x021E      [10]    _float_fpadd1
0x0228      [92]    _float_fpdiv
0x0284      [10]    _float_fpsub1
0x028E       [7]    _float_op_less
0x0295      [10]    _float_fpmul1
0x029F      [36]    _float_fpint
0x02C3       [3]    _float_slong2fp
0x02C6      [16]    _float_op_big
0x02D6      [66]    __Lib_CMath_eval_poly
0x0318      [10]    _float_fpdiv1
0x0322     [113]    _floor
0x0393      [25]    _io_setup
0x03AC      [55]    _clock_setup
0x03E3     [282]    _sin
0x04FD      [21]    _dac_setup
0x0512       [3]    _float_ulong2fp
0x0515      [28]    _dac_write
0x0531       [4]    _setup
0x0535      [51]    _cos
0x0568     [104]    _main
//** Variables locations ** 
//ADDRESS    SIZE    VARIABLE
//----------------------------------------------
0x0000       [1]    PROD_SIGNATURES_RCOSC2M
0x0000       [0]    BLBB0_LOCKBIT_LOCKBITS_bit
0x0000       [0]    LB1_LOCKBIT_LOCKBITS_bit
0x0000       [1]    Delay_Cyc_loc_L0
0x0000       [0]    BLBA1_LOCKBIT_LOCKBITS_bit
0x0000       [0]    BLBA0_LOCKBIT_LOCKBITS_bit
0x0000       [0]    LB0_LOCKBIT_LOCKBITS_bit
0x0000       [1]    GPIO_GPIOR0
0x0000       [1]    R0
0x0000       [1]    LOCKBIT_LOCKBITS
0x0000       [0]    BLBAT0_LOCKBIT_LOCKBITS_bit
0x0000       [0]    BLBAT1_LOCKBIT_LOCKBITS_bit
0x0000       [0]    BLBB1_LOCKBIT_LOCKBITS_bit
0x0001       [1]    PROD_SIGNATURES_RCOSC2MA
0x0001       [1]    FUSE_FUSEBYTE1
0x0001       [0]    WDWP0_bit
0x0001       [0]    WDWP1_bit
0x0001       [1]    R1
0x0001       [0]    WDP2_bit
0x0001       [1]    GPIO_GPIOR1
0x0001       [0]    WDP3_bit
0x0001       [0]    WDWP3_bit
0x0001       [0]    WDWP2_bit
0x0001       [0]    WDP1_bit
0x0001       [0]    WDP0_bit
0x0002       [4]    FARG_acos_x
0x0002       [4]    FARG_atan2_y
0x0002       [4]    FARG_asin_x
0x0002       [4]    FARG_pow_x
0x0002       [4]    FARG_log10_x
0x0002       [4]    FARG_exp_x
0x0002       [1]    PROD_SIGNATURES_RCOSC32K
0x0002       [4]    FARG_log_x
0x0002       [4]    FARG_sin_f
0x0002       [4]    FARG_cos_f
0x0002       [4]    FARG_tan_x
0x0002       [1]    FUSE_FUSEBYTE2
0x0002       [0]    BOOTRST_bit
0x0002       [1]    FARG_Delay_Cyc_cycles_div_by_10
0x0002       [2]    FARG_VDelay_Advanced_ms_Time_ms
0x0002       [2]    FARG_VDelay_ms_Time_ms
0x0002       [0]    BODPD1_bit
0x0002       [1]    GPIO_GPIOR2
0x0002       [1]    R2
0x0002       [0]    TOSCSEL_bit
0x0002       [0]    BODPD0_bit
0x0002       [4]    FARG_modf_val
0x0002       [4]    FARG___Lib_CMath_eval_poly_x
0x0002       [4]    FARG_sqrt_x
0x0002       [1]    FARG_dac_write_channel
0x0002       [4]    FARG_atan_f
0x0002       [4]    FARG_floor_x
0x0002       [4]    FARG_fabs_d
0x0002       [4]    FARG_ceil_x
0x0002       [4]    FARG_ldexp_value
0x0002       [4]    FARG_frexp_value
0x0002       [4]    FARG_sinh_x
0x0002       [4]    FARG_tanh_x
0x0002       [4]    FARG_cosh_x
0x0003       [1]    PROD_SIGNATURES_RCOSC32M
0x0003       [1]    R3
0x0003       [2]    FARG_dac_write_value
0x0003       [1]    GPIO_GPIOR3
0x0004       [1]    R4
0x0004       [2]    FARG_VDelay_Advanced_ms_Current_Fosc_kHz
0x0004       [0]    SUT1_bit
0x0004       [0]    WDLOCK_bit
0x0004       [1]    PROD_SIGNATURES_RCOSC32MA
0x0004       [0]    SUT0_bit
0x0004       [1]    FUSE_FUSEBYTE4
0x0004       [0]    RSTDISBL_bit
0x0004       [1]    GPIO_GPIOR4
0x0005       [0]    BODACT1_bit
0x0005       [1]    R5
0x0005       [1]    GPIO_GPIOR5
0x0005       [0]    BODLVL1_bit
0x0005       [0]    BODLVL0_bit
0x0005       [0]    EESAVE_bit
0x0005       [0]    BODACT0_bit
0x0005       [0]    BODLVL2_bit
0x0005       [1]    FUSE_FUSEBYTE5
0x0006       [2]    FARG_ldexp_newexp
0x0006       [2]    FARG___Lib_CMath_eval_poly_d
0x0006       [1]    R6
0x0006       [2]    FARG_frexp_eptr
0x0006       [1]    GPIO_GPIOR6
0x0006       [4]    FARG_pow_y
0x0006       [2]    FARG_modf_iptr
0x0006       [4]    FARG_atan2_x
0x0007       [1]    R7
0x0007       [1]    GPIO_GPIOR7
0x0008       [2]    FARG___Lib_CMath_eval_poly_n
0x0008       [1]    PROD_SIGNATURES_LOTNUM0
0x0008       [1]    GPIO_GPIOR8
0x0008       [1]    R8
0x0009       [1]    PROD_SIGNATURES_LOTNUM1
0x0009       [1]    R9
0x0009       [1]    GPIO_GPIOR9
0x000A       [1]    GPIO_GPIORA
0x000A       [1]    PROD_SIGNATURES_LOTNUM2
0x000A       [1]    R10
0x000B       [1]    GPIO_GPIORB
0x000B       [1]    PROD_SIGNATURES_LOTNUM3
0x000B       [1]    R11
0x000C       [1]    GPIO_GPIORC
0x000C       [1]    PROD_SIGNATURES_LOTNUM4
0x000C       [1]    R12
0x000D       [1]    R13
0x000D       [1]    PROD_SIGNATURES_LOTNUM5
0x000D       [1]    GPIO_GPIORD
0x000E       [1]    GPIO_GPIORE
0x000E       [1]    R14
0x000F       [1]    GPIO_GPIORF
0x000F       [1]    R15
0x0010       [1]    R16
0x0010       [1]    PROD_SIGNATURES_WAFNUM
0x0010       [1]    VPORT0_DIR
0x0011       [1]    R17
0x0011       [1]    VPORT0_OUT
0x0012       [1]    PROD_SIGNATURES_COORDX0
0x0012       [1]    VPORT0_IN
0x0012       [1]    R18
0x0013       [1]    R19
0x0013       [1]    VPORT0_INTFLAGS
0x0013       [0]    INT1IF_bit
0x0013       [0]    INT0IF_bit
0x0013       [1]    PROD_SIGNATURES_COORDX1
0x0014       [1]    PROD_SIGNATURES_COORDY0
0x0014       [1]    VPORT1_DIR
0x0014       [1]    R20
0x0015       [1]    VPORT1_OUT
0x0015       [1]    PROD_SIGNATURES_COORDY1
0x0015       [1]    R21
0x0016       [1]    R22
0x0016       [1]    VPORT1_IN
0x0017       [1]    VPORT1_INTFLAGS
0x0017       [0]    INT1IF_VPORT1_INTFLAGS_bit
0x0017       [1]    R23
0x0017       [0]    INT0IF_VPORT1_INTFLAGS_bit
0x0018       [1]    R24
0x0018       [1]    VPORT2_DIR
0x0019       [1]    R25
0x0019       [1]    VPORT2_OUT
0x001A       [1]    R26
0x001A       [1]    PROD_SIGNATURES_USBCAL0
0x001A       [1]    VPORT2_IN
0x001A       [1]    XL
0x001A       [2]    X
0x001B       [0]    INT0IF_VPORT2_INTFLAGS_bit
0x001B       [1]    R27
0x001B       [1]    VPORT2_INTFLAGS
0x001B       [0]    INT1IF_VPORT2_INTFLAGS_bit
0x001B       [1]    XH
0x001B       [1]    PROD_SIGNATURES_USBCAL1
0x001C       [1]    PROD_SIGNATURES_USBRCOSC
0x001C       [1]    VPORT3_DIR
0x001C       [1]    YL
0x001C       [2]    Y
0x001C       [1]    R28
0x001D       [1]    VPORT3_OUT
0x001D       [1]    PROD_SIGNATURES_USBRCOSCA
0x001D       [1]    R29
0x001D       [1]    YH
0x001E       [1]    R30
0x001E       [1]    VPORT3_IN
0x001E       [2]    Z
0x001E       [1]    ZL
0x001F       [0]    INT0IF_VPORT3_INTFLAGS_bit
0x001F       [0]    INT1IF_VPORT3_INTFLAGS_bit
0x001F       [1]    ZH
0x001F       [1]    R31
0x001F       [1]    VPORT3_INTFLAGS
0x0020       [1]    PROD_SIGNATURES_ADCACAL0
0x0021       [1]    PROD_SIGNATURES_ADCACAL1
0x0024       [1]    PROD_SIGNATURES_ADCBCAL0
0x0025       [1]    PROD_SIGNATURES_ADCBCAL1
0x002E       [1]    PROD_SIGNATURES_TEMPSENSE0
0x002E       [1]    OCD_OCDR0
0x002F       [1]    OCD_OCDR1
0x002F       [0]    OCDRD_bit
0x002F       [1]    PROD_SIGNATURES_TEMPSENSE1
0x0030       [1]    PROD_SIGNATURES_DACA0OFFCAL
0x0031       [1]    PROD_SIGNATURES_DACA0GAINCAL
0x0032       [1]    PROD_SIGNATURES_DACB0OFFCAL
0x0033       [1]    PROD_SIGNATURES_DACB0GAINCAL
0x0034       [0]    CCP5_bit
0x0034       [0]    CCP7_bit
0x0034       [0]    CCP6_bit
0x0034       [1]    PROD_SIGNATURES_DACA1OFFCAL
0x0034       [0]    CCP2_bit
0x0034       [0]    CCP1_bit
0x0034       [1]    CPU_CCP
0x0034       [0]    CCP4_bit
0x0034       [0]    CCP0_bit
0x0034       [0]    CCP3_bit
0x0035       [1]    PROD_SIGNATURES_DACA1GAINCAL
0x0036       [1]    PROD_SIGNATURES_DACB1OFFCAL
0x0037       [1]    PROD_SIGNATURES_DACB1GAINCAL
0x0038       [1]    CPU_RAMPD
0x0039       [1]    CPU_RAMPX
0x003A       [1]    CPU_RAMPY
0x003B       [1]    CPU_RAMPZ
0x003C       [1]    CPU_EIND
0x003D       [1]    CPU_SPL
0x003D       [1]    SPL
0x003E       [1]    CPU_SPH
0x003E       [1]    SPH
0x003F       [0]    I_bit
0x003F       [0]    Z_bit
0x003F       [0]    V_bit
0x003F       [0]    N_bit
0x003F       [0]    S_bit
0x003F       [0]    C_bit
0x003F       [1]    SREG
0x003F       [1]    CPU_SREG
0x003F       [0]    H_bit
0x003F       [0]    T_bit
0x0040       [1]    CLK_CTRL
0x0041       [1]    CLK_PSCTRL
0x0050       [1]    OSC_CTRL
0x0051       [1]    OSC_STATUS
0x0056       [1]    OSC_DFLLCTRL
0x0060       [1]    DFLLRC32M_CTRL
0x00B4       [1]    PORTCFG_CLKEVOUT
0x0320       [1]    DACB_CTRLA
0x0321       [1]    DACB_CTRLB
0x0322       [1]    DACB_CTRLC
0x0325       [1]    DACB_STATUS
0x0338       [2]    DACB_CH0DATA
0x033A       [2]    DACB_CH1DATA
0x0620       [1]    PORTB_DIR
0x0624       [1]    PORTB_OUT
0x062A       [1]    PORTB_INT0MASK
0x062B       [1]    PORTB_INT1MASK
0x0630       [1]    PORTB_PIN0CTRL
0x0631       [1]    PORTB_PIN1CTRL
0x0632       [1]    PORTB_PIN2CTRL
0x0633       [1]    PORTB_PIN3CTRL
//** Constants locations ** 
//ADDRESS    SIZE    CONSTANT
//----------------------------------------------
0x0BA0      [20]    sin_coeff_a_L0
0x0BB4      [16]    sin_coeff_b_L0
//** Label List: ** 
//----------------------------------------------
  L_main0
  L_main1
  L_main2
  L_main3
  L_main4
  L_main5
  L_clock_setup7
  L_clock_setup8
  L_clock_setup9
  L_clock_setup10
  L_dac_write11
  L_dac_write12
  L_dac_write13
  L_dac_write14
  L_dac_write15
  L_dac_write16
  L_dac_write17
  L_dac_write18
  L_end_main
  _main
  L__main20
  L__main21
  L__main_end_loop
  L_end_setup
  _setup
  L_end_clock_setup
  _clock_setup
  L_end_io_setup
  _io_setup
  L_end_dac_setup
  _dac_setup
  L_end_dac_write
  _dac_write
  L__dac_write28
  L__dac_write29
  L_fabs0
  L_floor1
  L_floor2
  L_floor3
  L_floor4
  L_floor5
  L_ceil6
  L_ceil7
  L_ceil8
  L_ceil9
  L_ceil10
  L_ldexp11
  L_ldexp12
  L_ldexp13
  L_ldexp14
  L_ldexp15
  L_ldexp16
  L___Lib_CMath_eval_poly17
  L___Lib_CMath_eval_poly18
  L_modf19
  L_modf20
  L_modf21
  L_modf22
  L_modf23
  L_modf24
  L_modf25
  L_modf26
  L_sqrt27
  L_sqrt28
  L_sqrt29
  L_sqrt30
  L_sqrt31
  L_sqrt32
  L_sqrt33
  L_atan34
  L_atan35
  L_atan36
  L_atan37
  L_atan38
  L_asin39
  L_asin40
  L_asin41
  L_atan242
  L_atan243
  L_atan244
  L_atan245
  L_atan246
  L_atan247
  L_sin48
  L_sin49
  L_sin50
  L_sin51
  L_cos52
  L_exp53
  L_exp54
  L_exp55
  L_exp56
  L_exp57
  L_exp58
  L_log59
  L_pow60
  L_pow61
  L_pow62
  L_pow63
  L_pow64
  L__modf65
  L__modf66
  L__modf67
  L__modf68
  L__modf69
  L__atan270
  L_end_fabs
  _fabs
  L__fabs72
  L__fabs73
  L_end_floor
  _floor
  L__floor75
  L__floor76
  L__floor77
  L__floor78
  L__floor79
  L__floor80
  L__floor81
  L__floor82
  L_end_ceil
  _ceil
  L__ceil84
  L__ceil85
  L__ceil86
  L__ceil87
  L__ceil88
  L__ceil89
  L__ceil90
  L__ceil91
  L_end_frexp
  _frexp
  L__frexp93
  L__frexp94
  L_end_ldexp
  _ldexp
  L__ldexp96
  L__ldexp97
  L__ldexp98
  L__ldexp99
  L__ldexp100
  L__ldexp101
  L__ldexp102
  L__ldexp103
  L_end_eval_poly
  __Lib_CMath_eval_poly
  L___Lib_CMath_eval_poly105
  L_end_modf
  _modf
  L__modf107
  L__modf108
  L__modf109
  L__modf110
  L__modf111
  L__modf112
  L__modf113
  L__modf114
  L__modf115
  L__modf116
  L__modf117
  L__modf118
  L_end_sqrt
  _sqrt
  L__sqrt120
  L__sqrt121
  L__sqrt122
  L__sqrt123
  L__sqrt124
  L__sqrt125
  L__sqrt126
  L__sqrt127
  L__sqrt128
  L_end_atan
  _atan
  L__atan130
  L__atan131
  L__atan132
  L__atan133
  L__atan134
  L__atan135
  L__atan136
  L_end_asin
  _asin
  L__asin138
  L__asin139
  L__asin140
  L__asin141
  L__asin142
  L__asin143
  L_end_acos
  _acos
  L_end_atan2
  _atan2
  L__atan2146
  L__atan2147
  L__atan2148
  L__atan2149
  L__atan2150
  L__atan2151
  L__atan2152
  L__atan2153
  L_end_sin
  _sin
  L__sin155
  L__sin156
  L__sin157
  L__sin158
  L__sin159
  L__sin160
  L__sin161
  L__sin162
  L_end_cos
  _cos
  L__cos164
  L__cos165
  L_end_tan
  _tan
  L_end_exp
  _exp
  L__exp168
  L__exp169
  L__exp170
  L__exp171
  L__exp172
  L__exp173
  L__exp174
  L__exp175
  L__exp176
  L__exp177
  L__exp178
  L_end_log
  _log
  L__log180
  L__log181
  L_end_log10
  _log10
  L_end_pow
  _pow
  L__pow184
  L__pow185
  L__pow186
  L__pow187
  L__pow188
  L__pow189
  L__pow190
  L__pow191
  L__pow192
  L_end_sinh
  _sinh
  L_end_cosh
  _cosh
  L_end_tanh
  _tanh
  L_end___Lib_CMath___?ag
  __Lib_CMath____?ag
  L_Delay_1us0
  L_Delay_10us2
  L_Delay_22us4
  L_Delay_50us6
  L_Delay_80us8
  L_Delay_500us10
  L_Delay_5500us12
  L_Delay_1ms14
  L_Delay_5ms16
  L_Delay_8ms18
  L_Delay_100ms20
  L_Delay_10ms22
  L_Delay_1sec24
  L_Delay_Cyc26
  L_Delay_Cyc27
  L_VDelay_ms28
  L_VDelay_ms29
  L_VDelay_Advanced_ms30
  L_VDelay_Advanced_ms31
  L_end_Get_Fosc_kHz
  _Get_Fosc_kHz
  L_end_Delay_1us
  _Delay_1us
  L_end_Delay_10us
  _Delay_10us
  L_end_Delay_22us
  _Delay_22us
  L_end_Delay_50us
  _Delay_50us
  L_end_Delay_80us
  _Delay_80us
  L_end_Delay_500us
  _Delay_500us
  L_end_Delay_5500us
  _Delay_5500us
  L_end_Delay_1ms
  _Delay_1ms
  L_end_Delay_5ms
  _Delay_5ms
  L_end_Delay_8ms
  _Delay_8ms
  L_end_Delay_100ms
  _Delay_100ms
  L_end_Delay_10ms
  _Delay_10ms
  L_end_Delay_1sec
  _Delay_1sec
  L_end_Delay_Cyc
  _Delay_Cyc
  L__Delay_Cyc47
  L_end_VDelay_ms
  _VDelay_ms
  L__VDelay_ms49
  L__VDelay_ms50
  L__VDelay_ms51
  L_end_VDelay_Advanced_ms
  _VDelay_Advanced_ms
  L__VDelay_Advanced_ms53
  L__VDelay_Advanced_ms54
  L__VDelay_Advanced_ms55
  L_end___Lib_Delays___?ag
  __Lib_Delays____?ag
  Mul_8x8_U_L1
  Mul_8x8_U_L2
  Mul_16x16_L1
  Mul_16x16_L2
  Mul_16x16_L3
  Mul_32x32_L1
  Mul_32x32_L2
  Mul_32x32_L3
  Div_8x8_U_L2
  Div_8x8_U_L1
  Div_16x16_S_L3
  Div_16x16_S_L1
  Div_16x16_S_L4
  Div_16x16_S_L2
  Div_16x16_S_L6
  Div_16x16_S_L5
  Div_16x16_U_L2
  Div_16x16_U_L1
  Div_32x32_U_L2
  Div_32x32_U_L1
  Div_32x32_S_L3
  Div_32x32_S_L1
  Div_32x32_S_L4
  Div_32x32_S_L2
  Div_32x32_S_L6
  Div_32x32_S_L5
  L_end_Mul_8x8_U
  _Mul_8x8_U
  L_end_Mul_16x16
  _Mul_16x16
  L_end_Mul_32x32
  _Mul_32x32
  L_end_Div_8x8_U
  _Div_8x8_U
  L_end_Div_16x16_S
  _Div_16x16_S
  L_end_Div_16x16_U
  _Div_16x16_U
  L_end_Div_32x32_U
  _Div_32x32_U
  L_end_Div_32x32_S
  _Div_32x32_S
  L_end_HWMul_16x16
  _HWMul_16x16
  L_end_HWMul_32x32
  _HWMul_32x32
  L_end___Lib_Math___?ag
  __Lib_Math____?ag
  L015C
  L01A7
  L0196
  L0178
  L0184
  L0197
  L0187
  L019C
  L0192
  L0196x
  L00FC
  L016E
  L016Ex
  L0154
  L0153
  L0077
  L0073
  L0072int
  L006A
  L0068
  L0063
  L006B
  L007A
  L008A
  L00CC
  L0098
  L00D6
  L00B4
  L00AC
  L00A5
  L00AE
  L00BB
  L00C4
  L00C7
  L00CA
  L00C9
  L00D6x
  L0097
  L009B
  L00A0mul
  L0083
  L0090
  L00A0x
  L0072div
  L00C2
  L00AB
  L00B1
  L00BD
  L0092
  L00A0div
  L00A4
  L00A6
  L00C2x
  L011A
  L0118
  L011Aexit
  op_equ_false
  op_equ_exit
  op_diff_false
  op_diff_exit
  op_gequ_false
  op_gequ_exit
  op_big_false
  op_big_exit
  op_less_false
  op_less_exit
  op_lequ_false
  op_lequ_exit
  L_end_float_neg32
  _float_neg32
  L_end_float_tstr16_r19
  _float_tstr16_r19
  L_end_float_pack
  _float_pack
  L_end_float_normalize_and_pack
  _float_normalize_and_pack
  L_end_float_long2fp
  _float_long2fp
  L_end_float_slong2fp
  _float_slong2fp
  L_end_float_ulong2fp
  _float_ulong2fp
  L_end_float_int2fp
  _float_int2fp
  L_end_float_unpacku
  _float_unpacku
  L_end_float_unpacks
  _float_unpacks
  L_end_float_fpint
  _float_fpint
  L_end_float_fpadd_alt
  _float_fpadd_alt
  L_end_float_fpadd
  _float_fpadd
  L_end_float_fpadd1
  _float_fpadd1
  L_end_float_fpsub
  _float_fpsub
  L_end_float_fpsub1
  _float_fpsub1
  L_end_float_fpmul
  _float_fpmul
  L_end_float_fpmul1
  _float_fpmul1
  L_end_float_fpdiv
  _float_fpdiv
  L_end_float_fpdiv1
  _float_fpdiv1
  L_end_float_fpcmp
  _float_fpcmp
  L_end_float_fpcmp1
  _float_fpcmp1
  L_end_float_op_equ
  _float_op_equ
  L_end_float_op_diff
  _float_op_diff
  L_end_float_op_gequ
  _float_op_gequ
  L_end_float_op_big
  _float_op_big
  L_end_float_op_less
  _float_op_less
  L_end_float_op_lequ
  _float_op_lequ
  L_end___Lib_MathDouble___?ag
  __Lib_MathDouble____?ag
  L_loopDW
  L_loopCA2A
  L_loopCCA2A
  L_loopCFCA2A
  L_loopCS2Ss
  l_CS2Send
  L_loopCCS2Ss
  l_CCS2Send
  L_loopCFCS2Ss
  l_CFCS2Send
  L_loopFZinSWs
  L_end___CC2DW
  ___CC2DW
  L_end___CA2AW
  ___CA2AW
  L_end___CCA2AW
  ___CCA2AW
  L_end___CFCA2A
  ___CFCA2A
  L_end___CS2S
  ___CS2S
  L_end___CCS2S
  ___CCS2S
  L_end___CFCS2S
  ___CFCS2S
  L_end___FZinS
  ___FZinS
  L_end___Lib_System___?ag
  __Lib_System____?ag
